<?xml version="1.0" encoding="UTF-8"?>
<testsuite xmlns:xsi="http://www.w3.org/2001/XMLSchema-instance" xsi:noNamespaceSchemaLocation="https://maven.apache.org/surefire/maven-surefire-plugin/xsd/surefire-test-report-3.0.xsd" version="3.0" name="net.sf.persism.TestPubs" time="11.891" tests="2" errors="0" skipped="0" failures="0">
  <properties>
    <property name="sun.desktop" value="windows"/>
    <property name="awt.toolkit" value="sun.awt.windows.WToolkit"/>
    <property name="file.encoding.pkg" value="sun.io"/>
    <property name="java.specification.version" value="1.8"/>
    <property name="javafx.runtime.version" value="8.0.202-b07"/>
    <property name="sun.cpu.isalist" value="amd64"/>
    <property name="sun.jnu.encoding" value="Cp1252"/>
    <property name="java.class.path" value="C:\Users\Pablo\git\Persism\target\test-classes;C:\Users\Pablo\git\Persism\target\classes;C:\Users\Pablo\.m2\repository\junit\junit\4.13.2\junit-4.13.2.jar;C:\Users\Pablo\.m2\repository\org\hamcrest\hamcrest-core\1.3\hamcrest-core-1.3.jar;C:\Users\Pablo\.m2\repository\org\testcontainers\testcontainers\1.15.2\testcontainers-1.15.2.jar;C:\Users\Pablo\.m2\repository\org\slf4j\slf4j-api\1.7.30\slf4j-api-1.7.30.jar;C:\Users\Pablo\.m2\repository\org\apache\commons\commons-compress\1.20\commons-compress-1.20.jar;C:\Users\Pablo\.m2\repository\org\rnorth\duct-tape\duct-tape\1.0.8\duct-tape-1.0.8.jar;C:\Users\Pablo\.m2\repository\org\rnorth\visible-assertions\visible-assertions\2.1.2\visible-assertions-2.1.2.jar;C:\Users\Pablo\.m2\repository\net\java\dev\jna\jna\5.2.0\jna-5.2.0.jar;C:\Users\Pablo\.m2\repository\com\github\docker-java\docker-java-api\3.2.7\docker-java-api-3.2.7.jar;C:\Users\Pablo\.m2\repository\com\fasterxml\jackson\core\jackson-annotations\2.10.3\jackson-annotations-2.10.3.jar;C:\Users\Pablo\.m2\repository\com\github\docker-java\docker-java-transport-zerodep\3.2.7\docker-java-transport-zerodep-3.2.7.jar;C:\Users\Pablo\.m2\repository\com\github\docker-java\docker-java-transport\3.2.7\docker-java-transport-3.2.7.jar;C:\Users\Pablo\.m2\repository\ch\qos\logback\logback-classic\1.2.3\logback-classic-1.2.3.jar;C:\Users\Pablo\.m2\repository\ch\qos\logback\logback-core\1.2.3\logback-core-1.2.3.jar;C:\Users\Pablo\.m2\repository\log4j\log4j\1.2.17\log4j-1.2.17.jar;C:\Users\Pablo\.m2\repository\commons-dbcp\commons-dbcp\1.4\commons-dbcp-1.4.jar;C:\Users\Pablo\.m2\repository\commons-pool\commons-pool\1.5.4\commons-pool-1.5.4.jar;C:\Users\Pablo\.m2\repository\org\firebirdsql\jdbc\jaybird\4.0.2.java8\jaybird-4.0.2.java8.jar;C:\Users\Pablo\.m2\repository\javax\resource\connector-api\1.5\connector-api-1.5.jar;C:\Users\Pablo\.m2\repository\org\antlr\antlr4-runtime\4.7.2\antlr4-runtime-4.7.2.jar;C:\Users\Pablo\.m2\repository\org\firebirdsql\firebird-testcontainers-java\1.1.0\firebird-testcontainers-java-1.1.0.jar;C:\Users\Pablo\.m2\repository\org\testcontainers\jdbc\1.15.1\jdbc-1.15.1.jar;C:\Users\Pablo\.m2\repository\org\testcontainers\database-commons\1.15.1\database-commons-1.15.1.jar;C:\Users\Pablo\.m2\repository\com\h2database\h2\1.4.200\h2-1.4.200.jar;C:\Users\Pablo\.m2\repository\org\hsqldb\hsqldb\2.5.1\hsqldb-2.5.1-debug.jar;C:\Users\Pablo\.m2\repository\org\apache\derby\derby\10.8.2.2\derby-10.8.2.2.jar;C:\Users\Pablo\.m2\repository\com\microsoft\sqlserver\mssql-jdbc\9.2.0.jre8\mssql-jdbc-9.2.0.jre8.jar;C:\Users\Pablo\.m2\repository\org\testcontainers\mssqlserver\1.15.2\mssqlserver-1.15.2.jar;C:\Users\Pablo\.m2\repository\mysql\mysql-connector-java\8.0.23\mysql-connector-java-8.0.23.jar;C:\Users\Pablo\.m2\repository\com\google\protobuf\protobuf-java\3.11.4\protobuf-java-3.11.4.jar;C:\Users\Pablo\.m2\repository\org\testcontainers\mysql\1.15.2\mysql-1.15.2.jar;C:\Users\Pablo\.m2\repository\net\sourceforge\jtds\jtds\1.3.1\jtds-1.3.1.jar;C:\Users\Pablo\.m2\repository\com\oracle\database\jdbc\ojdbc10\19.10.0.0\ojdbc10-19.10.0.0.jar;C:\Users\Pablo\.m2\repository\org\postgresql\postgresql\9.2-1004-jdbc41\postgresql-9.2-1004-jdbc41.jar;C:\Users\Pablo\.m2\repository\org\testcontainers\postgresql\1.15.2\postgresql-1.15.2.jar;C:\Users\Pablo\.m2\repository\org\xerial\sqlite-jdbc\3.34.0\sqlite-jdbc-3.34.0.jar;"/>
    <property name="java.vm.vendor" value="Oracle Corporation"/>
    <property name="sun.arch.data.model" value="64"/>
    <property name="user.variant" value=""/>
    <property name="java.vendor.url" value="http://java.oracle.com/"/>
    <property name="user.timezone" value="America/Buenos_Aires"/>
    <property name="java.vm.specification.version" value="1.8"/>
    <property name="os.name" value="Windows 10"/>
    <property name="javafx.version" value="8.0.202"/>
    <property name="user.country" value="AU"/>
    <property name="sun.java.launcher" value="SUN_STANDARD"/>
    <property name="sun.boot.library.path" value="C:\Soft\Java\jdk1.8.0_202\jre\bin"/>
    <property name="sun.java.command" value="C:\Users\Pablo\AppData\Local\Temp\surefire7323336141932651537\surefirebooter2595030419258399533.jar C:\Users\Pablo\AppData\Local\Temp\surefire7323336141932651537 2021-03-18T23-00-45_390-jvmRun1 surefire9212570202436401424tmp surefire_0890313867790695531tmp"/>
    <property name="surefire.test.class.path" value="C:\Users\Pablo\git\Persism\target\test-classes;C:\Users\Pablo\git\Persism\target\classes;C:\Users\Pablo\.m2\repository\junit\junit\4.13.2\junit-4.13.2.jar;C:\Users\Pablo\.m2\repository\org\hamcrest\hamcrest-core\1.3\hamcrest-core-1.3.jar;C:\Users\Pablo\.m2\repository\org\testcontainers\testcontainers\1.15.2\testcontainers-1.15.2.jar;C:\Users\Pablo\.m2\repository\org\slf4j\slf4j-api\1.7.30\slf4j-api-1.7.30.jar;C:\Users\Pablo\.m2\repository\org\apache\commons\commons-compress\1.20\commons-compress-1.20.jar;C:\Users\Pablo\.m2\repository\org\rnorth\duct-tape\duct-tape\1.0.8\duct-tape-1.0.8.jar;C:\Users\Pablo\.m2\repository\org\rnorth\visible-assertions\visible-assertions\2.1.2\visible-assertions-2.1.2.jar;C:\Users\Pablo\.m2\repository\net\java\dev\jna\jna\5.2.0\jna-5.2.0.jar;C:\Users\Pablo\.m2\repository\com\github\docker-java\docker-java-api\3.2.7\docker-java-api-3.2.7.jar;C:\Users\Pablo\.m2\repository\com\fasterxml\jackson\core\jackson-annotations\2.10.3\jackson-annotations-2.10.3.jar;C:\Users\Pablo\.m2\repository\com\github\docker-java\docker-java-transport-zerodep\3.2.7\docker-java-transport-zerodep-3.2.7.jar;C:\Users\Pablo\.m2\repository\com\github\docker-java\docker-java-transport\3.2.7\docker-java-transport-3.2.7.jar;C:\Users\Pablo\.m2\repository\ch\qos\logback\logback-classic\1.2.3\logback-classic-1.2.3.jar;C:\Users\Pablo\.m2\repository\ch\qos\logback\logback-core\1.2.3\logback-core-1.2.3.jar;C:\Users\Pablo\.m2\repository\log4j\log4j\1.2.17\log4j-1.2.17.jar;C:\Users\Pablo\.m2\repository\commons-dbcp\commons-dbcp\1.4\commons-dbcp-1.4.jar;C:\Users\Pablo\.m2\repository\commons-pool\commons-pool\1.5.4\commons-pool-1.5.4.jar;C:\Users\Pablo\.m2\repository\org\firebirdsql\jdbc\jaybird\4.0.2.java8\jaybird-4.0.2.java8.jar;C:\Users\Pablo\.m2\repository\javax\resource\connector-api\1.5\connector-api-1.5.jar;C:\Users\Pablo\.m2\repository\org\antlr\antlr4-runtime\4.7.2\antlr4-runtime-4.7.2.jar;C:\Users\Pablo\.m2\repository\org\firebirdsql\firebird-testcontainers-java\1.1.0\firebird-testcontainers-java-1.1.0.jar;C:\Users\Pablo\.m2\repository\org\testcontainers\jdbc\1.15.1\jdbc-1.15.1.jar;C:\Users\Pablo\.m2\repository\org\testcontainers\database-commons\1.15.1\database-commons-1.15.1.jar;C:\Users\Pablo\.m2\repository\com\h2database\h2\1.4.200\h2-1.4.200.jar;C:\Users\Pablo\.m2\repository\org\hsqldb\hsqldb\2.5.1\hsqldb-2.5.1-debug.jar;C:\Users\Pablo\.m2\repository\org\apache\derby\derby\10.8.2.2\derby-10.8.2.2.jar;C:\Users\Pablo\.m2\repository\com\microsoft\sqlserver\mssql-jdbc\9.2.0.jre8\mssql-jdbc-9.2.0.jre8.jar;C:\Users\Pablo\.m2\repository\org\testcontainers\mssqlserver\1.15.2\mssqlserver-1.15.2.jar;C:\Users\Pablo\.m2\repository\mysql\mysql-connector-java\8.0.23\mysql-connector-java-8.0.23.jar;C:\Users\Pablo\.m2\repository\com\google\protobuf\protobuf-java\3.11.4\protobuf-java-3.11.4.jar;C:\Users\Pablo\.m2\repository\org\testcontainers\mysql\1.15.2\mysql-1.15.2.jar;C:\Users\Pablo\.m2\repository\net\sourceforge\jtds\jtds\1.3.1\jtds-1.3.1.jar;C:\Users\Pablo\.m2\repository\com\oracle\database\jdbc\ojdbc10\19.10.0.0\ojdbc10-19.10.0.0.jar;C:\Users\Pablo\.m2\repository\org\postgresql\postgresql\9.2-1004-jdbc41\postgresql-9.2-1004-jdbc41.jar;C:\Users\Pablo\.m2\repository\org\testcontainers\postgresql\1.15.2\postgresql-1.15.2.jar;C:\Users\Pablo\.m2\repository\org\xerial\sqlite-jdbc\3.34.0\sqlite-jdbc-3.34.0.jar;"/>
    <property name="sun.cpu.endian" value="little"/>
    <property name="user.home" value="C:\Users\Pablo"/>
    <property name="user.language" value="en"/>
    <property name="java.specification.vendor" value="Oracle Corporation"/>
    <property name="org.testcontainers.shaded.io.netty.packagePrefix" value="org.testcontainers.shaded."/>
    <property name="java.home" value="C:\Soft\Java\jdk1.8.0_202\jre"/>
    <property name="basedir" value="C:\Users\Pablo\git\Persism"/>
    <property name="file.separator" value="\"/>
    <property name="line.separator" value="&#10;"/>
    <property name="java.vm.specification.vendor" value="Oracle Corporation"/>
    <property name="java.specification.name" value="Java Platform API Specification"/>
    <property name="java.awt.graphicsenv" value="sun.awt.Win32GraphicsEnvironment"/>
    <property name="surefire.real.class.path" value="C:\Users\Pablo\AppData\Local\Temp\surefire7323336141932651537\surefirebooter2595030419258399533.jar"/>
    <property name="sun.boot.class.path" value="C:\Soft\Java\jdk1.8.0_202\jre\lib\resources.jar;C:\Soft\Java\jdk1.8.0_202\jre\lib\rt.jar;C:\Soft\Java\jdk1.8.0_202\jre\lib\sunrsasign.jar;C:\Soft\Java\jdk1.8.0_202\jre\lib\jsse.jar;C:\Soft\Java\jdk1.8.0_202\jre\lib\jce.jar;C:\Soft\Java\jdk1.8.0_202\jre\lib\charsets.jar;C:\Soft\Java\jdk1.8.0_202\jre\lib\jfr.jar;C:\Soft\Java\jdk1.8.0_202\jre\classes"/>
    <property name="user.script" value=""/>
    <property name="sun.management.compiler" value="HotSpot 64-Bit Tiered Compilers"/>
    <property name="java.runtime.version" value="1.8.0_202-b08"/>
    <property name="user.name" value="Pablo"/>
    <property name="path.separator" value=";"/>
    <property name="os.version" value="10.0"/>
    <property name="java.endorsed.dirs" value="C:\Soft\Java\jdk1.8.0_202\jre\lib\endorsed"/>
    <property name="java.runtime.name" value="Java(TM) SE Runtime Environment"/>
    <property name="file.encoding" value="Cp1252"/>
    <property name="java.vm.name" value="Java HotSpot(TM) 64-Bit Server VM"/>
    <property name="localRepository" value="C:\Users\Pablo\.m2\repository"/>
    <property name="java.vendor.url.bug" value="http://bugreport.sun.com/bugreport/"/>
    <property name="java.io.tmpdir" value="C:\Users\Pablo\AppData\Local\Temp\"/>
    <property name="java.version" value="1.8.0_202"/>
    <property name="user.dir" value="C:\Users\Pablo\git\Persism"/>
    <property name="os.arch" value="amd64"/>
    <property name="java.vm.specification.name" value="Java Virtual Machine Specification"/>
    <property name="java.awt.printerjob" value="sun.awt.windows.WPrinterJob"/>
    <property name="sun.os.patch.level" value=""/>
    <property name="java.library.path" value="C:\Soft\Java\jdk1.8.0_202\jre\bin;C:\Windows\Sun\Java\bin;C:\Windows\system32;C:\Windows;C:\Soft\Java\jdk1.8.0_202\bin;C:\Program Files\AdoptOpenJDK\jre-11.0.9.11-hotspot\bin;C:\Windows\system32;C:\Windows;C:\Windows\System32\Wbem;C:\Windows\System32\WindowsPowerShell\v1.0\;C:\Windows\System32\OpenSSH\;C:\Program Files\Microsoft VS Code\bin;C:\Soft\Git\cmd;C:\Program Files\Docker\Docker\resources\bin;C:\ProgramData\DockerDesktop\version-bin;C:\Users\Pablo\AppData\Local\Microsoft\WindowsApps;C:\Program Files\JetBrains\IntelliJ IDEA Community Edition 2020.2.2\bin;;C:\Soft\scripts;%JAVA_HOME%\bin;C:\Soft\apache-maven-3.6.3\bin;;."/>
    <property name="java.vm.info" value="mixed mode"/>
    <property name="java.vendor" value="Oracle Corporation"/>
    <property name="java.vm.version" value="25.202-b08"/>
    <property name="java.ext.dirs" value="C:\Soft\Java\jdk1.8.0_202\jre\lib\ext;C:\Windows\Sun\Java\lib\ext"/>
    <property name="sun.io.unicode.encoding" value="UnicodeLittle"/>
    <property name="java.class.version" value="52.0"/>
  </properties>
  <testcase name="testAuthors" classname="net.sf.persism.TestPubs" time="11.828">
    <system-out><![CDATA[INFO  Mar 18 23:04:49 docker[mcr.microsoft.com/mssql/server:2017-latest] - Creating container for image: mcr.microsoft.com/mssql/server:2017-latest
INFO  Mar 18 23:04:49 docker[mcr.microsoft.com/mssql/server:2017-latest] - Starting container with ID: b8ae7d98794ed9d75412a43bf1b80a6e323e3fc6fb09092feddd80a5bad4e056
INFO  Mar 18 23:04:50 docker[mcr.microsoft.com/mssql/server:2017-latest] - Container mcr.microsoft.com/mssql/server:2017-latest is starting: b8ae7d98794ed9d75412a43bf1b80a6e323e3fc6fb09092feddd80a5bad4e056
INFO  Mar 18 23:04:50 docker[mcr.microsoft.com/mssql/server:2017-latest] - Waiting for database connection to become available at jdbc:sqlserver://localhost:49403 using query 'SELECT 1'
INFO  Mar 18 23:05:32 docker[mcr.microsoft.com/mssql/server:2017-latest] - Container is started (JDBC URL: jdbc:sqlserver://localhost:49403)
INFO  Mar 18 23:05:32 docker[mcr.microsoft.com/mssql/server:2017-latest] - Container mcr.microsoft.com/mssql/server:2017-latest started in PT43.743S
INFO  Mar 18 23:05:33 net.sf.persism.BaseTest - /*                                                                        */
/*              InstPubs.SQL - Creates the Pubs database                  */
/*                                                                        */
/*
** Copyright Microsoft, Inc. 1994 - 2000
** All Rights Reserved.
*/

SET NOCOUNT ON

INFO  Mar 18 23:05:33 net.sf.persism.BaseTest - 
set nocount    on
set dateformat mdy

USE master

declare @dttm varchar(55)
select  @dttm=convert(varchar,getdate(),113)
raiserror('Beginning InstPubs.SQL at %s ....',1,1,@dttm) with nowait


INFO  Mar 18 23:05:33 net.sf.persism.BaseTest - 
if exists (select * from sysdatabases where name='pubs')
begin
  raiserror('Dropping existing pubs database ....',0,1)
  DROP database pubs
end

INFO  Mar 18 23:05:33 net.sf.persism.BaseTest - 
CHECKPOINT

INFO  Mar 18 23:05:33 net.sf.persism.BaseTest - 
raiserror('Creating pubs database....',0,1)

INFO  Mar 18 23:05:33 net.sf.persism.BaseTest - /*
   Use default size with autogrow
*/

CREATE DATABASE pubs

INFO  Mar 18 23:05:34 net.sf.persism.BaseTest - 
CHECKPOINT


INFO  Mar 18 23:05:34 net.sf.persism.BaseTest - 
USE pubs


INFO  Mar 18 23:05:34 net.sf.persism.BaseTest - 
if db_name() <> 'pubs'
   raiserror('Error in InstPubs.SQL, ''USE pubs'' failed!  Killing the SPID now.'
            ,22,127) with log


INFO  Mar 18 23:05:34 net.sf.persism.BaseTest - 
if CAST(SERVERPROPERTY('ProductMajorVersion') AS INT)<12
BEGIN
  exec sp_dboption 'pubs','trunc. log on chkpt.','true'
  exec sp_dboption 'pubs','select into/bulkcopy','true'
END
ELSE ALTER DATABASE [pubs] SET RECOVERY SIMPLE WITH NO_WAIT

INFO  Mar 18 23:05:34 net.sf.persism.BaseTest - 
execute sp_addtype id      ,'varchar(11)' ,'NOT NULL'
execute sp_addtype tid     ,'varchar(6)'  ,'NOT NULL'
execute sp_addtype empid   ,'char(9)'     ,'NOT NULL'

raiserror('Now at the create table section ....',0,1)


INFO  Mar 18 23:05:34 net.sf.persism.BaseTest - 
CREATE TABLE authors
(
   au_id          id

         CHECK (au_id like '[0-9][0-9][0-9]-[0-9][0-9]-[0-9][0-9][0-9][0-9]')

         CONSTRAINT UPKCL_auidind PRIMARY KEY CLUSTERED,

   au_lname       varchar(40)       NOT NULL,
   au_fname       varchar(20)       NOT NULL,

   phone          char(12)          NOT NULL

         DEFAULT ('UNKNOWN'),

   address        varchar(40)           NULL,
   city           varchar(20)           NULL,
   state          char(2)               NULL,

   zip            char(5)               NULL

         CHECK (zip like '[0-9][0-9][0-9][0-9][0-9]'),

   contract       bit               NOT NULL
)


INFO  Mar 18 23:05:34 net.sf.persism.BaseTest - 
CREATE TABLE publishers
(
   pub_id         char(4)           NOT NULL

         CONSTRAINT UPKCL_pubind PRIMARY KEY CLUSTERED

         CHECK (pub_id in ('1389', '0736', '0877', '1622', '1756')
            OR pub_id like '99[0-9][0-9]'),

   pub_name       varchar(40)           NULL,
   city           varchar(20)           NULL,
   state          char(2)               NULL,

   country        varchar(30)           NULL

         DEFAULT('USA')
)


INFO  Mar 18 23:05:35 net.sf.persism.BaseTest - 
CREATE TABLE titles
(
   title_id       tid

         CONSTRAINT UPKCL_titleidind PRIMARY KEY CLUSTERED,

   title          varchar(80)       NOT NULL,

   type           char(12)          NOT NULL

         DEFAULT ('UNDECIDED'),

   pub_id         char(4)               NULL

         REFERENCES publishers(pub_id),

   price          money                 NULL,
   advance        money                 NULL,
   royalty        int                   NULL,
   ytd_sales      int                   NULL,
   notes          varchar(200)          NULL,

   pubdate        datetime          NOT NULL

         DEFAULT (getdate())
)


INFO  Mar 18 23:05:35 net.sf.persism.BaseTest - 
CREATE TABLE titleauthor
(
   au_id          id

         REFERENCES authors(au_id),

   title_id       tid

         REFERENCES titles(title_id),

   au_ord         tinyint               NULL,
   royaltyper     int                   NULL,


   CONSTRAINT UPKCL_taind PRIMARY KEY CLUSTERED(au_id, title_id)
)


INFO  Mar 18 23:05:35 net.sf.persism.BaseTest - 
CREATE TABLE stores
(
   stor_id        char(4)           NOT NULL

         CONSTRAINT UPK_storeid PRIMARY KEY CLUSTERED,

   stor_name      varchar(40)           NULL,
   stor_address   varchar(40)           NULL,
   city           varchar(20)           NULL,
   state          char(2)               NULL,
   zip            char(5)               NULL
)


INFO  Mar 18 23:05:35 net.sf.persism.BaseTest - 
CREATE TABLE sales
(
   stor_id        char(4)           NOT NULL

         REFERENCES stores(stor_id),

   ord_num        varchar(20)       NOT NULL,
   ord_date       datetime          NOT NULL,
   qty            smallint          NOT NULL,
   payterms       varchar(12)       NOT NULL,

   title_id       tid

         REFERENCES titles(title_id),


   CONSTRAINT UPKCL_sales PRIMARY KEY CLUSTERED (stor_id, ord_num, title_id)
)


INFO  Mar 18 23:05:35 net.sf.persism.BaseTest - 
CREATE TABLE roysched
(
   title_id       tid

         REFERENCES titles(title_id),

   lorange        int                   NULL,
   hirange        int                   NULL,
   royalty        int                   NULL
)


INFO  Mar 18 23:05:35 net.sf.persism.BaseTest - 
CREATE TABLE discounts
(
   discounttype   varchar(40)       NOT NULL,

   stor_id        char(4) NULL

         REFERENCES stores(stor_id),

   lowqty         smallint              NULL,
   highqty        smallint              NULL,
   discount       dec(4,2)          NOT NULL
)


INFO  Mar 18 23:05:35 net.sf.persism.BaseTest - 
CREATE TABLE jobs
(
   job_id         smallint          IDENTITY(1,1)

         PRIMARY KEY CLUSTERED,

   job_desc       varchar(50)       NOT NULL

         DEFAULT 'New Position - title not formalized yet',

   min_lvl        tinyint           NOT NULL

         CHECK (min_lvl >= 10),

   max_lvl        tinyint           NOT NULL

         CHECK (max_lvl <= 250)
)


INFO  Mar 18 23:05:35 net.sf.persism.BaseTest - 
CREATE TABLE pub_info
(
   pub_id         char(4)           NOT NULL

         REFERENCES publishers(pub_id)

         CONSTRAINT UPKCL_pubinfo PRIMARY KEY CLUSTERED,

   logo           image                 NULL,
   pr_info        text                  NULL
)


INFO  Mar 18 23:05:35 net.sf.persism.BaseTest - 
CREATE TABLE employee
(
   emp_id         empid

         CONSTRAINT PK_emp_id PRIMARY KEY NONCLUSTERED

         CONSTRAINT CK_emp_id CHECK (emp_id LIKE
            '[A-Z][A-Z][A-Z][1-9][0-9][0-9][0-9][0-9][FM]' or
            emp_id LIKE '[A-Z]-[A-Z][1-9][0-9][0-9][0-9][0-9][FM]'),

   fname          varchar(20)       NOT NULL,
   minit          char(1)               NULL,
   lname          varchar(30)       NOT NULL,

   job_id         smallint          NOT NULL

         DEFAULT 1

         REFERENCES jobs(job_id),

   job_lvl        tinyint

         DEFAULT 10,

   pub_id         char(4)           NOT NULL

         DEFAULT ('9952')

         REFERENCES publishers(pub_id),

   hire_date      datetime          NOT NULL

         DEFAULT (getdate())
)


INFO  Mar 18 23:05:35 net.sf.persism.BaseTest - 
raiserror('Now at the create trigger section ...',0,1)


INFO  Mar 18 23:05:35 net.sf.persism.BaseTest - 
CREATE TRIGGER employee_insupd
ON employee
FOR insert, UPDATE
AS
--Get the range of level for this job type from the jobs table.
declare @min_lvl tinyint,
   @max_lvl tinyint,
   @emp_lvl tinyint,
   @job_id smallint
select @min_lvl = min_lvl,
   @max_lvl = max_lvl,
   @emp_lvl = i.job_lvl,
   @job_id = i.job_id
from employee e, jobs j, inserted i
where e.emp_id = i.emp_id AND i.job_id = j.job_id
IF (@job_id = 1) and (@emp_lvl <> 10)
begin
   raiserror ('Job id 1 expects the default level of 10.',16,1)
   ROLLBACK TRANSACTION
end
ELSE
IF NOT (@emp_lvl BETWEEN @min_lvl AND @max_lvl)
begin
   raiserror ('The level for job_id:%d should be between %d and %d.',
      16, 1, @job_id, @min_lvl, @max_lvl)
   ROLLBACK TRANSACTION
end


INFO  Mar 18 23:05:35 net.sf.persism.BaseTest - 
raiserror('Now at the inserts to authors ....',0,1)


INFO  Mar 18 23:05:35 net.sf.persism.BaseTest - 
insert authors
   values('409-56-7008', 'Bennet', 'Abraham', '415 658-9932',
   '6223 Bateman St.', 'Berkeley', 'CA', '94705', 1)
insert authors
   values('213-46-8915', 'Green', 'Marjorie', '415 986-7020',
   '309 63rd St. #411', 'Oakland', 'CA', '94618', 1)
insert authors
   values('238-95-7766', 'Carson', 'Cheryl', '415 548-7723',
   '589 Darwin Ln.', 'Berkeley', 'CA', '94705', 1)
insert authors
   values('998-72-3567', 'Ringer', 'Albert', '801 826-0752',
   '67 Seventh Av.', 'Salt Lake City', 'UT', '84152', 1)
insert authors
   values('899-46-2035', 'Ringer', 'Anne', '801 826-0752',
   '67 Seventh Av.', 'Salt Lake City', 'UT', '84152', 1)
insert authors
   values('722-51-5454', 'DeFrance', 'Michel', '219 547-9982',
   '3 Balding Pl.', 'Gary', 'IN', '46403', 1)
insert authors
   values('807-91-6654', 'Panteley', 'Sylvia', '301 946-8853',
   '1956 Arlington Pl.', 'Rockville', 'MD', '20853', 1)
insert authors
   values('893-72-1158', 'McBadden', 'Heather',
   '707 448-4982', '301 Putnam', 'Vacaville', 'CA', '95688', 0)
insert authors
   values('724-08-9931', 'Stringer', 'Dirk', '415 843-2991',
   '5420 Telegraph Av.', 'Oakland', 'CA', '94609', 0)
insert authors
   values('274-80-9391', 'Straight', 'Dean', '415 834-2919',
   '5420 College Av.', 'Oakland', 'CA', '94609', 1)
insert authors
   values('756-30-7391', 'Karsen', 'Livia', '415 534-9219',
   '5720 McAuley St.', 'Oakland', 'CA', '94609', 1)
insert authors
   values('724-80-9391', 'MacFeather', 'Stearns', '415 354-7128',
   '44 Upland Hts.', 'Oakland', 'CA', '94612', 1)
insert authors
   values('427-17-2319', 'Dull', 'Ann', '415 836-7128',
   '3410 Blonde St.', 'Palo Alto', 'CA', '94301', 1)
insert authors
   values('672-71-3249', 'Yokomoto', 'Akiko', '415 935-4228',
   '3 Silver Ct.', 'Walnut Creek', 'CA', '94595', 1)
insert authors
   values('267-41-2394', 'O''Leary', 'Michael', '408 286-2428',
   '22 Cleveland Av. #14', 'San Jose', 'CA', '95128', 1)
insert authors
   values('472-27-2349', 'Gringlesby', 'Burt', '707 938-6445',
   'PO Box 792', 'Covelo', 'CA', '95428', 3)
insert authors
   values('527-72-3246', 'Greene', 'Morningstar', '615 297-2723',
   '22 Graybar House Rd.', 'Nashville', 'TN', '37215', 0)
insert authors
   values('172-32-1176', 'White', 'Johnson', '408 496-7223',
   '10932 Bigge Rd.', 'Menlo Park', 'CA', '94025', 1)
insert authors
   values('712-45-1867', 'del Castillo', 'Innes', '615 996-8275',
   '2286 Cram Pl. #86', 'Ann Arbor', 'MI', '48105', 1)
insert authors
   values('846-92-7186', 'Hunter', 'Sheryl', '415 836-7128',
   '3410 Blonde St.', 'Palo Alto', 'CA', '94301', 1)
insert authors
   values('486-29-1786', 'Locksley', 'Charlene', '415 585-4620',
   '18 Broadway Av.', 'San Francisco', 'CA', '94130', 1)
insert authors
   values('648-92-1872', 'Blotchet-Halls', 'Reginald', '503 745-6402',
   '55 Hillsdale Bl.', 'Corvallis', 'OR', '97330', 1)
insert authors
   values('341-22-1782', 'Smith', 'Meander', '913 843-0462',
   '10 Mississippi Dr.', 'Lawrence', 'KS', '66044', 0)


INFO  Mar 18 23:05:35 net.sf.persism.BaseTest - 
raiserror('Now at the inserts to publishers ....',0,1)


INFO  Mar 18 23:05:35 net.sf.persism.BaseTest - 
insert publishers values('0736', 'New Moon Books', 'Boston', 'MA', 'USA')
insert publishers values('0877', 'Binnet & Hardley', 'Washington', 'DC', 'USA')
insert publishers values('1389', 'Algodata Infosystems', 'Berkeley', 'CA', 'USA')
insert publishers values('9952', 'Scootney Books', 'New York', 'NY', 'USA')
insert publishers values('1622', 'Five Lakes Publishing', 'Chicago', 'IL', 'USA')
insert publishers values('1756', 'Ramona Publishers', 'Dallas', 'TX', 'USA')
insert publishers values('9901', 'GGG&G', 'M?nchen', NULL, 'Germany')
insert publishers values('9999', 'Lucerne Publishing', 'Paris', NULL, 'France')


INFO  Mar 18 23:05:35 net.sf.persism.BaseTest - 
raiserror('Now at the inserts to pub_info ....',0,1)


INFO  Mar 18 23:05:35 net.sf.persism.BaseTest - 
insert pub_info values('0736', 0x474946383961D3001F00B30F00000000800000008000808000000080800080008080808080C0C0C0FF000000FF00FFFF000000FFFF00FF00FFFFFFFFFF21F9040100000F002C00000000D3001F004004FFF0C949ABBD38EBCDBBFF60288E245001686792236ABAB03BC5B055B3F843D3B99DE2AB532A36FB15253B19E5A6231A934CA18CB75C1191D69BF62AAD467F5CF036D8243791369F516ADEF9304AF8F30A3563D7E54CFC04BF24377B5D697E6451333D8821757F898D8E8F1F76657877907259755E5493962081798D9F8A846D9B4A929385A7A5458CA0777362ACAF585E6C6A84AD429555BAA9A471A89D8E8BA2C3C7C82DC9C8AECBCECF1EC2D09143A66E80D3D9BC2C41D76AD28FB2CD509ADAA9AAC62594A3DF81C65FE0BDB5B0CDF4E276DEF6DD78EF6B86FA6C82C5A2648A54AB6AAAE4C1027864DE392E3AF4582BF582DFC07D9244ADA2480BD4C6767BFF32AE0BF3EF603B3907490A4427CE21A7330A6D0584B810664D7F383FA25932488FB96D0F37BDF9491448D1A348937A52CAB4A9D3784EF5E58B4A5545D54BC568FABC9A68DD526ED0A6B8AA17331BD91E5AD9D1D390CED23D88F54A3ACB0A955ADDAD9A50B50D87296E3EB9C76A7CDAABC86B2460040DF34D3995515AB9FF125F1AFA0DAB20A0972382CCB9F9E5AEBC368B21EEDB66EDA15F1347BE2DFDEBB44A7B7C6889240D9473EB73322F4E8D8DBBE14D960B6519BCE5724BB95789350E97EA4BF3718CDD64068D751A261D8B1539D6DCDE3C37F68E1FB58E5DCED8A44477537049852EFD253CEE38C973B7E9D97A488C2979FB936FBAFF2CF5CB79E35830400C31860F4A9BE925D4439F81B6A073BEF1575F593C01A25B26127255D45D4A45B65B851A36C56154678568A20E1100003B,
'This is sample text data for New Moon Books, publisher 0736 in the pubs database. New Moon Books is located in Boston, Massachusetts.

This is sample text data for New Moon Books, publisher 0736 in the pubs database. New Moon Books is located in Boston, Massachusetts.

This is sample text data for New Moon Books, publisher 0736 in the pubs database. New Moon Books is located in Boston, Massachusetts.

This is sample text data for New Moon Books, publisher 0736 in the pubs database. New Moon Books is located in Boston, Massachusetts.

This is sample text data for New Moon Books, publisher 0736 in the pubs database. New Moon Books is located in Boston, Massachusetts.

This is sample text data for New Moon Books, publisher 0736 in the pubs database. New Moon Books is located in Boston, Massachusetts.

This is sample text data for New Moon Books, publisher 0736 in the pubs database. New Moon Books is located in Boston, Massachusetts.

This is sample text data for New Moon Books, publisher 0736 in the pubs database. New Moon Books is located in Boston, Massachusetts.

This is sample text data for New Moon Books, publisher 0736 in the pubs database. New Moon Books is located in Boston, Massachusetts.

This is sample text data for New Moon Books, publisher 0736 in the pubs database. New Moon Books is located in Boston, Massachusetts.

This is sample text data for New Moon Books, publisher 0736 in the pubs database. New Moon Books is located in Boston, Massachusetts.

This is sample text data for New Moon Books, publisher 0736 in the pubs database. New Moon Books is located in Boston, Massachusetts.

This is sample text data for New Moon Books, publisher 0736 in the pubs database. New Moon Books is located in Boston, Massachusetts.

This is sample text data for New Moon Books, publisher 0736 in the pubs database. New Moon Books is located in Boston, Massachusetts.

This is sample text data for New Moon Books, publisher 0736 in the pubs database. New Moon Books is located in Boston, Massachusetts.

This is sample text data for New Moon Books, publisher 0736 in the pubs database. New Moon Books is located in Boston, Massachusetts.

This is sample text data for New Moon Books, publisher 0736 in the pubs database. New Moon Books is located in Boston, Massachusetts.

This is sample text data for New Moon Books, publisher 0736 in the pubs database. New Moon Books is located in Boston, Massachusetts.

This is sample text data for New Moon Books, publisher 0736 in the pubs database. New Moon Books is located in Boston, Massachusetts.

This is sample text data for New Moon Books, publisher 0736 in the pubs database. New Moon Books is located in Boston, Massachusetts.

This is sample text data for New Moon Books, publisher 0736 in the pubs database. New Moon Books is located in Boston, Massachusetts.

This is sample text data for New Moon Books, publisher 0736 in the pubs database. New Moon Books is located in Boston, Massachusetts.

This is sample text data for New Moon Books, publisher 0736 in the pubs database. New Moon Books is located in Boston, Massachusetts.

This is sample text data for New Moon Books, publisher 0736 in the pubs database. New Moon Books is located in Boston, Massachusetts.

This is sample text data for New Moon Books, publisher 0736 in the pubs database. New Moon Books is located in Boston, Massachusetts.

This is sample text data for New Moon Books, publisher 0736 in the pubs database. New Moon Books is located in Boston, Massachusetts.

This is sample text data for New Moon Books, publisher 0736 in the pubs database. New Moon Books is located in Boston, Massachusetts.

This is sample text data for New Moon Books, publisher 0736 in the pubs database. New Moon Books is located in Boston, Massachusetts.

This is sample text data for New Moon Books, publisher 0736 in the pubs database. New Moon Books is located in Boston, Massachusetts.

This is sample text data for New Moon Books, publisher 0736 in the pubs database. New Moon Books is located in Boston, Massachusetts.

This is sample text data for New Moon Books, publisher 0736 in the pubs database. New Moon Books is located in Boston, Massachusetts.

This is sample text data for New Moon Books, publisher 0736 in the pubs database. New Moon Books is located in Boston, Massachusetts.

This is sample text data for New Moon Books, publisher 0736 in the pubs database. New Moon Books is located in Boston, Massachusetts.

This is sample text data for New Moon Books, publisher 0736 in the pubs database. New Moon Books is located in Boston, Massachusetts.

This is sample text data for New Moon Books, publisher 0736 in the pubs database. New Moon Books is located in Boston, Massachusetts.

This is sample text data for New Moon Books, publisher 0736 in the pubs database. New Moon Books is located in Boston, Massachusetts.

This is sample text data for New Moon Books, publisher 0736 in the pubs database. New Moon Books is located in Boston, Massachusetts.

This is sample text data for New Moon Books, publisher 0736 in the pubs database. New Moon Books is located in Boston, Massachusetts.

This is sample text data for New Moon Books, publisher 0736 in the pubs database. New Moon Books is located in Boston, Massachusetts.

This is sample text data for New Moon Books, publisher 0736 in the pubs database. New Moon Books is located in Boston, Massachusetts.

This is sample text data for New Moon Books, publisher 0736 in the pubs database. New Moon Books is located in Boston, Massachusetts.

This is sample text data for New Moon Books, publisher 0736 in the pubs database. New Moon Books is located in Boston, Massachusetts.

This is sample text data for New Moon Books, publisher 0736 in the pubs database. New Moon Books is located in Boston, Massachusetts.

This is sample text data for New Moon Books, publisher 0736 in the pubs database. New Moon Books is located in Boston, Massachusetts.

This is sample text data for New Moon Books, publisher 0736 in the pubs database. New Moon Books is located in Boston, Massachusetts.

This is sample text data for New Moon Books, publisher 0736 in the pubs database. New Moon Books is located in Boston, Massachusetts.

This is sample text data for New Moon Books, publisher 0736 in the pubs database. New Moon Books is located in Boston, Massachusetts.

This is sample text data for New Moon Books, publisher 0736 in the pubs database. New Moon Books is located in Boston, Massachusetts.

This is sample text data for New Moon Books, publisher 0736 in the pubs database. New Moon Books is located in Boston, Massachusetts.

This is sample text data for New Moon Books, publisher 0736 in the pubs database. New Moon Books is located in Boston, Massachusetts.

This is sample text data for New Moon Books, publisher 0736 in the pubs database. New Moon Books is located in Boston, Massachusetts.

This is sample text data for New Moon Books, publisher 0736 in the pubs database. New Moon Books is located in Boston, Massachusetts.

This is sample text data for New Moon Books, publisher 0736 in the pubs database. New Moon Books is located in Boston, Massachusetts.

This is sample text data for New Moon Books, publisher 0736 in the pubs database. New Moon Books is located in Boston, Massachusetts.

This is sample text data for New Moon Books, publisher 0736 in the pubs database. New Moon Books is located in Boston, Massachusetts.

This is sample text data for New Moon Books, publisher 0736 in the pubs database. New Moon Books is located in Boston, Massachusetts.

This is sample text data for New Moon Books, publisher 0736 in the pubs database. New Moon Books is located in Boston, Massachusetts.

This is sample text data for New Moon Books, publisher 0736 in the pubs database. New Moon Books is located in Boston, Massachusetts.

This is sample text data for New Moon Books, publisher 0736 in the pubs database. New Moon Books is located in Boston, Massachusetts.

This is sample text data for New Moon Books, publisher 0736 in the pubs database. New Moon Books is located in Boston, Massachusetts.

This is sample text data for New Moon Books, publisher 0736 in the pubs database. New Moon Books is located in Boston, Massachusetts.

This is sample text data for New Moon Books, publisher 0736 in the pubs database. New Moon Books is located in Boston, Massachusetts.

This is sample text data for New Moon Books, publisher 0736 in the pubs database. New Moon Books is located in Boston, Massachusetts.

This is sample text data for New Moon Books, publisher 0736 in the pubs database. New Moon Books is located in Boston, Massachusetts.

This is sample text data for New Moon Books, publisher 0736 in the pubs database. New Moon Books is located in Boston, Massachusetts.

This is sample text data for New Moon Books, publisher 0736 in the pubs database. New Moon Books is located in Boston, Massachusetts.

This is sample text data for New Moon Books, publisher 0736 in the pubs database. New Moon Books is located in Boston, Massachusetts.

This is sample text data for New Moon Books, publisher 0736 in the pubs database. New Moon Books is located in Boston, Massachusetts.

This is sample text data for New Moon Books, publisher 0736 in the pubs database. New Moon Books is located in Boston, Massachusetts.

This is sample text data for New Moon Books, publisher 0736 in the pubs database. New Moon Books is located in Boston, Massachusetts.

This is sample text data for New Moon Books, publisher 0736 in the pubs database. New Moon Books is located in Boston, Massachusetts.

This is sample text data for New Moon Books, publisher 0736 in the pubs database. New Moon Books is located in Boston, Massachusetts.

This is sample text data for New Moon Books, publisher 0736 in the pubs database. New Moon Books is located in Boston, Massachusetts.

This is sample text data for New Moon Books, publisher 0736 in the pubs database. New Moon Books is located in Boston, Massachusetts.

This is sample text data for New Moon Books, publisher 0736 in the pubs database. New Moon Books is located in Boston, Massachusetts.

This is sample text data for New Moon Books, publisher 0736 in the pubs database. New Moon Books is located in Boston, Massachusetts.

This is sample text data for New Moon Books, publisher 0736 in the pubs database. New Moon Books is located in Boston, Massachusetts.

This is sample text data for New Moon Books, publisher 0736 in the pubs database. New Moon Books is located in Boston, Massachusetts.

This is sample text data for New Moon Books, publisher 0736 in the pubs database. New Moon Books is located in Boston, Massachusetts.

This is sample text data for New Moon Books, publisher 0736 in the pubs database. New Moon Books is located in Boston, Massachusetts.

This is sample text data for New Moon Books, publisher 0736 in the pubs database. New Moon Books is located in Boston, Massachusetts.

This is sample text data for New Moon Books, publisher 0736 in the pubs database. New Moon Books is located in Boston, Massachusetts.

This is sample text data for New Moon Books, publisher 0736 in the pubs database. New Moon Books is located in Boston, Massachusetts.

This is sample text data for New Moon Books, publisher 0736 in the pubs database. New Moon Books is located in Boston, Massachusetts.

This is sample text data for New Moon Books, publisher 0736 in the pubs database. New Moon Books is located in Boston, Massachusetts.

This is sample text data for New Moon Books, publisher 0736 in the pubs database. New Moon Books is located in Boston, Massachusetts.

This is sample text data for New Moon Books, publisher 0736 in the pubs database. New Moon Books is located in Boston, Massachusetts.

This is sample text data for New Moon Books, publisher 0736 in the pubs database. New Moon Books is located in Boston, Massachusetts.

This is sample text data for New Moon Books, publisher 0736 in the pubs database. New Moon Books is located in Boston, Massachusetts.

This is sample text data for New Moon Books, publisher 0736 in the pubs database. New Moon Books is located in Boston, Massachusetts.

This is sample text data for New Moon Books, publisher 0736 in the pubs database. New Moon Books is located in Boston, Massachusetts.

This is sample text data for New Moon Books, publisher 0736 in the pubs database. New Moon Books is located in Boston, Massachusetts.

This is sample text data for New Moon Books, publisher 0736 in the pubs database. New Moon Books is located in Boston, Massachusetts.

This is sample text data for New Moon Books, publisher 0736 in the pubs database. New Moon Books is located in Boston, Massachusetts.

This is sample text data for New Moon Books, publisher 0736 in the pubs database. New Moon Books is located in Boston, Massachusetts.

This is sample text data for New Moon Books, publisher 0736 in the pubs database. New Moon Books is located in Boston, Massachusetts.

This is sample text data for New Moon Books, publisher 0736 in the pubs database. New Moon Books is located in Boston, Massachusetts.

This is sample text data for New Moon Books, publisher 0736 in the pubs database. New Moon Books is located in Boston, Massachusetts.

This is sample text data for New Moon Books, publisher 0736 in the pubs database. New Moon Books is located in Boston, Massachusetts.

This is sample text data for New Moon Books, publisher 0736 in the pubs database. New Moon Books is located in Boston, Massachusetts.

This is sample text data for New Moon Books, publisher 0736 in the pubs database. New Moon Books is located in Boston, Massachusetts.

This is sample text data for New Moon Books, publisher 0736 in the pubs database. New Moon Books is located in Boston, Massachusetts.

This is sample text data for New Moon Books, publisher 0736 in the pubs database. New Moon Books is located in Boston, Massachusetts.

This is sample text data for New Moon Books, publisher 0736 in the pubs database. New Moon Books is located in Boston, Massachusetts.

This is sample text data for New Moon Books, publisher 0736 in the pubs database. New Moon Books is located in Boston, Massachusetts.

This is sample text data for New Moon Books, publisher 0736 in the pubs database. New Moon Books is located in Boston, Massachusetts.

This is sample text data for New Moon Books, publisher 0736 in the pubs database. New Moon Books is located in Boston, Massachusetts.

This is sample text data for New Moon Books, publisher 0736 in the pubs database. New Moon Books is located in Boston, Massachusetts.

This is sample text data for New Moon Books, publisher 0736 in the pubs database. New Moon Books is located in Boston, Massachusetts.

This is sample text data for New Moon Books, publisher 0736 in the pubs database. New Moon Books is located in Boston, Massachusetts.

This is sample text data for New Moon Books, publisher 0736 in the pubs database. New Moon Books is located in Boston, Massachusetts.

This is sample text data for New Moon Books, publisher 0736 in the pubs database. New Moon Books is located in Boston, Massachusetts.

This is sample text data for New Moon Books, publisher 0736 in the pubs database. New Moon Books is located in Boston, Massachusetts.

This is sample text data for New Moon Books, publisher 0736 in the pubs database. New Moon Books is located in Boston, Massachusetts.

This is sample text data for New Moon Books, publisher 0736 in the pubs database. New Moon Books is located in Boston, Massachusetts.

This is sample text data for New Moon Books, publisher 0736 in the pubs database. New Moon Books is located in Boston, Massachusetts.

This is sample text data for New Moon Books, publisher 0736 in the pubs database. New Moon Books is located in Boston, Massachusetts.

This is sample text data for New Moon Books, publisher 0736 in the pubs database. New Moon Books is located in Boston, Massachusetts.

This is sample text data for New Moon Books, publisher 0736 in the pubs database. New Moon Books is located in Boston, Massachusetts.

This is sample text data for New Moon Books, publisher 0736 in the pubs database. New Moon Books is located in Boston, Massachusetts.

This is sample text data for New Moon Books, publisher 0736 in the pubs database. New Moon Books is located in Boston, Massachusetts.

This is sample text data for New Moon Books, publisher 0736 in the pubs database. New Moon Books is located in Boston, Massachusetts.

This is sample text data for New Moon Books, publisher 0736 in the pubs database. New Moon Books is located in Boston, Massachusetts.

This is sample text data for New Moon Books, publisher 0736 in the pubs database. New Moon Books is located in Boston, Massachusetts.

This is sample text data for New Moon Books, publisher 0736 in the pubs database. New Moon Books is located in Boston, Massachusetts.

This is sample text data for New Moon Books, publisher 0736 in the pubs database. New Moon Books is located in Boston, Massachusetts.

This is sample text data for New Moon Books, publisher 0736 in the pubs database. New Moon Books is located in Boston, Massachusetts.

This is sample text data for New Moon Books, publisher 0736 in the pubs database. New Moon Books is located in Boston, Massachusetts.

This is sample text data for New Moon Books, publisher 0736 in the pubs database. New Moon Books is located in Boston, Massachusetts.

This is sample text data for New Moon Books, publisher 0736 in the pubs database. New Moon Books is located in Boston, Massachusetts.

This is sample text data for New Moon Books, publisher 0736 in the pubs database. New Moon Books is located in Boston, Massachusetts.

This is sample text data for New Moon Books, publisher 0736 in the pubs database. New Moon Books is located in Boston, Massachusetts.

This is sample text data for New Moon Books, publisher 0736 in the pubs database. New Moon Books is located in Boston, Massachusetts.

This is sample text data for New Moon Books, publisher 0736 in the pubs database. New Moon Books is located in Boston, Massachusetts.

This is sample text data for New Moon Books, publisher 0736 in the pubs database. New Moon Books is located in Boston, Massachusetts.

This is sample text data for New Moon Books, publisher 0736 in the pubs database. New Moon Books is located in Boston, Massachusetts.

This is sample text data for New Moon Books, publisher 0736 in the pubs database. New Moon Books is located in Boston, Massachusetts.

This is sample text data for New Moon Books, publisher 0736 in the pubs database. New Moon Books is located in Boston, Massachusetts.

This is sample text data for New Moon Books, publisher 0736 in the pubs database. New Moon Books is located in Boston, Massachusetts.

This is sample text data for New Moon Books, publisher 0736 in the pubs database. New Moon Books is located in Boston, Massachusetts.

This is sample text data for New Moon Books, publisher 0736 in the pubs database. New Moon Books is located in Boston, Massachusetts.

This is sample text data for New Moon Books, publisher 0736 in the pubs database. New Moon Books is located in Boston, Massachusetts.

This is sample text data for New Moon Books, publisher 0736 in the pubs database. New Moon Books is located in Boston, Massachusetts.

This is sample text data for New Moon Books, publisher 0736 in the pubs database. New Moon Books is located in Boston, Massachusetts.

This is sample text data for New Moon Books, publisher 0736 in the pubs database. New Moon Books is located in Boston, Massachusetts.

This is sample text data for New Moon Books, publisher 0736 in the pubs database. New Moon Books is located in Boston, Massachusetts.

This is sample text data for New Moon Books, publisher 0736 in the pubs database. New Moon Books is located in Boston, Massachusetts.

This is sample text data for New Moon Books, publisher 0736 in the pubs database. New Moon Books is located in Boston, Massachusetts.

This is sample text data for New Moon Books, publisher 0736 in the pubs database. New Moon Books is located in Boston, Massachusetts.

This is sample text data for New Moon Books, publisher 0736 in the pubs database. New Moon Books is located in Boston, Massachusetts.

This is sample text data for New Moon Books, publisher 0736 in the pubs database. New Moon Books is located in Boston, Massachusetts.

This is sample text data for New Moon Books, publisher 0736 in the pubs database. New Moon Books is located in Boston, Massachusetts.

This is sample text data for New Moon Books, publisher 0736 in the pubs database. New Moon Books is located in Boston, Massachusetts.

This is sample text data for New Moon Books, publisher 0736 in the pubs database. New Moon Books is located in Boston, Massachusetts.

This is sample text data for New Moon Books, publisher 0736 in the pubs database. New Moon Books is located in Boston, Massachusetts.

This is sample text data for New Moon Books, publisher 0736 in the pubs database. New Moon Books is located in Boston, Massachusetts.

This is sample text data for New Moon Books, publisher 0736 in the pubs database. New Moon Books is located in Boston, Massachusetts.

This is sample text data for New Moon Books, publisher 0736 in the pubs database. New Moon Books is located in Boston, Massachusetts.

This is sample text data for New Moon Books, publisher 0736 in the pubs database. New Moon Books is located in Boston, Massachusetts.

This is sample text data for New Moon Books, publisher 0736 in the pubs database. New Moon Books is located in Boston, Massachusetts.

This is sample text data for New Moon Books, publisher 0736 in the pubs database. New Moon Books is located in Boston, Massachusetts.

This is sample text data for New Moon Books, publisher 0736 in the pubs database. New Moon Books is located in Boston, Massachusetts.

This is sample text data for New Moon Books, publisher 0736 in the pubs database. New Moon Books is located in Boston, Massachusetts.

This is sample text data for New Moon Books, publisher 0736 in the pubs database. New Moon Books is located in Boston, Massachusetts.

This is sample text data for New Moon Books, publisher 0736 in the pubs database. New Moon Books is located in Boston, Massachusetts.

This is sample text data for New Moon Books, publisher 0736 in the pubs database. New Moon Books is located in Boston, Massachusetts.

This is sample text data for New Moon Books, publisher 0736 in the pubs database. New Moon Books is located in Boston, Massachusetts.

This is sample text data for New Moon Books, publisher 0736 in the pubs database. New Moon Books is located in Boston, Massachusetts.

This is sample text data for New Moon Books, publisher 0736 in the pubs database. New Moon Books is located in Boston, Massachusetts.

This is sample text data for New Moon Books, publisher 0736 in the pubs database. New Moon Books is located in Boston, Massachusetts.

This is sample text data for New Moon Books, publisher 0736 in the pubs database. New Moon Books is located in Boston, Massachusetts.

This is sample text data for New Moon Books, publisher 0736 in the pubs database. New Moon Books is located in Boston, Massachusetts.

This is sample text data for New Moon Books, publisher 0736 in the pubs database. New Moon Books is located in Boston, Massachusetts.

This is sample text data for New Moon Books, publisher 0736 in the pubs database. New Moon Books is located in Boston, Massachusetts.

This is sample text data for New Moon Books, publisher 0736 in the pubs database. New Moon Books is located in Boston, Massachusetts.

This is sample text data for New Moon Books, publisher 0736 in the pubs database. New Moon Books is located in Boston, Massachusetts.

This is sample text data for New Moon Books, publisher 0736 in the pubs database. New Moon Books is located in Boston, Massachusetts.

This is sample text data for New Moon Books, publisher 0736 in the pubs database. New Moon Books is located in Boston, Massachusetts.

This is sample text data for New Moon Books, publisher 0736 in the pubs database. New Moon Books is located in Boston, Massachusetts.

This is sample text data for New Moon Books, publisher 0736 in the pubs database. New Moon Books is located in Boston, Massachusetts.

This is sample text data for New Moon Books, publisher 0736 in the pubs database. New Moon Books is located in Boston, Massachusetts.

This is sample text data for New Moon Books, publisher 0736 in the pubs database. New Moon Books is located in Boston, Massachusetts.

This is sample text data for New Moon Books, publisher 0736 in the pubs database. New Moon Books is located in Boston, Massachusetts.

This is sample text data for New Moon Books, publisher 0736 in the pubs database. New Moon Books is located in Boston, Massachusetts.

This is sample text data for New Moon Books, publisher 0736 in the pubs database. New Moon Books is located in Boston, Massachusetts.

This is sample text data for New Moon Books, publisher 0736 in the pubs database. New Moon Books is located in Boston, Massachusetts.

This is sample text data for New Moon Books, publisher 0736 in the pubs database. New Moon Books is located in Boston, Massachusetts.

This is sample text data for New Moon Books, publisher 0736 in the pubs database. New Moon Books is located in Boston, Massachusetts.

This is sample text data for New Moon Books, publisher 0736 in the pubs database. New Moon Books is located in Boston, Massachusetts.

This is sample text data for New Moon Books, publisher 0736 in the pubs database. New Moon Books is located in Boston, Massachusetts.

This is sample text data for New Moon Books, publisher 0736 in the pubs database. New Moon Books is located in Boston, Massachusetts.

This is sample text data for New Moon Books, publisher 0736 in the pubs database. New Moon Books is located in Boston, Massachusetts.

This is sample text data for New Moon Books, publisher 0736 in the pubs database. New Moon Books is located in Boston, Massachusetts.

This is sample text data for New Moon Books, publisher 0736 in the pubs database. New Moon Books is located in Boston, Massachusetts.

This is sample text data for New Moon Books, publisher 0736 in the pubs database. New Moon Books is located in Boston, Massachusetts.

This is sample text data for New Moon Books, publisher 0736 in the pubs database. New Moon Books is located in Boston, Massachusetts.

This is sample text data for New Moon Books, publisher 0736 in the pubs database. New Moon Books is located in Boston, Massachusetts.

This is sample text data for New Moon Books, publisher 0736 in the pubs database. New Moon Books is located in Boston, Massachusetts.

This is sample text data for New Moon Books, publisher 0736 in the pubs database. New Moon Books is located in Boston, Massachusetts.

This is sample text data for New Moon Books, publisher 0736 in the pubs database. New Moon Books is located in Boston, Massachusetts.

This is sample text data for New Moon Books, publisher 0736 in the pubs database. New Moon Books is located in Boston, Massachusetts.

This is sample text data for New Moon Books, publisher 0736 in the pubs database. New Moon Books is located in Boston, Massachusetts.

This is sample text data for New Moon Books, publisher 0736 in the pubs database. New Moon Books is located in Boston, Massachusetts.

This is sample text data for New Moon Books, publisher 0736 in the pubs database. New Moon Books is located in Boston, Massachusetts.

This is sample text data for New Moon Books, publisher 0736 in the pubs database. New Moon Books is located in Boston, Massachusetts.

This is sample text data for New Moon Books, publisher 0736 in the pubs database. New Moon Books is located in Boston, Massachusetts.

This is sample text data for New Moon Books, publisher 0736 in the pubs database. New Moon Books is located in Boston, Massachusetts.

This is sample text data for New Moon Books, publisher 0736 in the pubs database. New Moon Books is located in Boston, Massachusetts.

This is sample text data for New Moon Books, publisher 0736 in the pubs database. New Moon Books is located in Boston, Massachusetts.

This is sample text data for New Moon Books, publisher 0736 in the pubs database. New Moon Books is located in Boston, Massachusetts.

This is sample text data for New Moon Books, publisher 0736 in the pubs database. New Moon Books is located in Boston, Massachusetts.

This is sample text data for New Moon Books, publisher 0736 in the pubs database. New Moon Books is located in Boston, Massachusetts.

This is sample text data for New Moon Books, publisher 0736 in the pubs database. New Moon Books is located in Boston, Massachusetts.

This is sample text data for New Moon Books, publisher 0736 in the pubs database. New Moon Books is located in Boston, Massachusetts.

This is sample text data for New Moon Books, publisher 0736 in the pubs database. New Moon Books is located in Boston, Massachusetts.

This is sample text data for New Moon Books, publisher 0736 in the pubs database. New Moon Books is located in Boston, Massachusetts.

This is sample text data for New Moon Books, publisher 0736 in the pubs database. New Moon Books is located in Boston, Massachusetts.

This is sample text data for New Moon Books, publisher 0736 in the pubs database. New Moon Books is located in Boston, Massachusetts.

This is sample text data for New Moon Books, publisher 0736 in the pubs database. New Moon Books is located in Boston, Massachusetts.

This is sample text data for New Moon Books, publisher 0736 in the pubs database. New Moon Books is located in Boston, Massachusetts.

This is sample text data for New Moon Books, publisher 0736 in the pubs database. New Moon Books is located in Boston, Massachusetts.

This is sample text data for New Moon Books, publisher 0736 in the pubs database. New Moon Books is located in Boston, Massachusetts.

This is sample text data for New Moon Books, publisher 0736 in the pubs database. New Moon Books is located in Boston, Massachusetts.

This is sample text data for New Moon Books, publisher 0736 in the pubs database. New Moon Books is located in Boston, Massachusetts.

This is sample text data for New Moon Books, publisher 0736 in the pubs database. New Moon Books is located in Boston, Massachusetts.

This is sample text data for New Moon Books, publisher 0736 in the pubs database. New Moon Books is located in Boston, Massachusetts.

This is sample text data for New Moon Books, publisher 0736 in the pubs database. New Moon Books is located in Boston, Massachusetts.

This is sample text data for New Moon Books, publisher 0736 in the pubs database. New Moon Books is located in Boston, Massachusetts.

This is sample text data for New Moon Books, publisher 0736 in the pubs database. New Moon Books is located in Boston, Massachusetts.

This is sample text data for New Moon Books, publisher 0736 in the pubs database. New Moon Books is located in Boston, Massachusetts.

This is sample text data for New Moon Books, publisher 0736 in the pubs database. New Moon Books is located in Boston, Massachusetts.

This is sample text data for New Moon Books, publisher 0736 in the pubs database. New Moon Books is located in Boston, Massachusetts.

This is sample text data for New Moon Books, publisher 0736 in the pubs database. New Moon Books is located in Boston, Massachusetts.

This is sample text data for New Moon Books, publisher 0736 in the pubs database. New Moon Books is located in Boston, Massachusetts.

This is sample text data for New Moon Books, publisher 0736 in the pubs database. New Moon Books is located in Boston, Massachusetts.

This is sample text data for New Moon Books, publisher 0736 in the pubs database. New Moon Books is located in Boston, Massachusetts.

This is sample text data for New Moon Books, publisher 0736 in the pubs database. New Moon Books is located in Boston, Massachusetts.

This is sample text data for New Moon Books, publisher 0736 in the pubs database. New Moon Books is located in Boston, Massachusetts.

This is sample text data for New Moon Books, publisher 0736 in the pubs database. New Moon Books is located in Boston, Massachusetts.

This is sample text data for New Moon Books, publisher 0736 in the pubs database. New Moon Books is located in Boston, Massachusetts.

This is sample text data for New Moon Books, publisher 0736 in the pubs database. New Moon Books is located in Boston, Massachusetts.

This is sample text data for New Moon Books, publisher 0736 in the pubs database. New Moon Books is located in Boston, Massachusetts.

This is sample text data for New Moon Books, publisher 0736 in the pubs database. New Moon Books is located in Boston, Massachusetts.

This is sample text data for New Moon Books, publisher 0736 in the pubs database. New Moon Books is located in Boston, Massachusetts.

This is sample text data for New Moon Books, publisher 0736 in the pubs database. New Moon Books is located in Boston, Massachusetts.

This is sample text data for New Moon Books, publisher 0736 in the pubs database. New Moon Books is located in Boston, Massachusetts.

This is sample text data for New Moon Books, publisher 0736 in the pubs database. New Moon Books is located in Boston, Massachusetts.

This is sample text data for New Moon Books, publisher 0736 in the pubs database. New Moon Books is located in Boston, Massachusetts.

This is sample text data for New Moon Books, publisher 0736 in the pubs database. New Moon Books is located in Boston, Massachusetts.

This is sample text data for New Moon Books, publisher 0736 in the pubs database. New Moon Books is located in Boston, Massachusetts.

This is sample text data for New Moon Books, publisher 0736 in the pubs database. New Moon Books is located in Boston, Massachusetts.

This is sample text data for New Moon Books, publisher 0736 in the pubs database. New Moon Books is located in Boston, Massachusetts.

This is sample text data for New Moon Books, publisher 0736 in the pubs database. New Moon Books is located in Boston, Massachusetts.

This is sample text data for New Moon Books, publisher 0736 in the pubs database. New Moon Books is located in Boston, Massachusetts.

This is sample text data for New Moon Books, publisher 0736 in the pubs database. New Moon Books is located in Boston, Massachusetts.

This is sample text data for New Moon Books, publisher 0736 in the pubs database. New Moon Books is located in Boston, Massachusetts.

This is sample text data for New Moon Books, publisher 0736 in the pubs database. New Moon Books is located in Boston, Massachusetts.

This is sample text data for New Moon Books, publisher 0736 in the pubs database. New Moon Books is located in Boston, Massachusetts.

This is sample text data for New Moon Books, publisher 0736 in the pubs database. New Moon Books is located in Boston, Massachusetts.

This is sample text data for New Moon Books, publisher 0736 in the pubs database. New Moon Books is located in Boston, Massachusetts.

This is sample text data for New Moon Books, publisher 0736 in the pubs database. New Moon Books is located in Boston, Massachusetts.

This is sample text data for New Moon Books, publisher 0736 in the pubs database. New Moon Books is located in Boston, Massachusetts.

This is sample text data for New Moon Books, publisher 0736 in the pubs database. New Moon Books is located in Boston, Massachusetts.

This is sample text data for New Moon Books, publisher 0736 in the pubs database. New Moon Books is located in Boston, Massachusetts.

This is sample text data for New Moon Books, publisher 0736 in the pubs database. New Moon Books is located in Boston, Massachusetts.

This is sample text data for New Moon Books, publisher 0736 in the pubs database. New Moon Books is located in Boston, Massachusetts.

This is sample text data for New Moon Books, publisher 0736 in the pubs database. New Moon Books is located in Boston, Massachusetts.

This is sample text data for New Moon Books, publisher 0736 in the pubs database. New Moon Books is located in Boston, Massachusetts.

This is sample text data for New Moon Books, publisher 0736 in the pubs database. New Moon Books is located in Boston, Massachusetts.

This is sample text data for New Moon Books, publisher 0736 in the pubs database. New Moon Books is located in Boston, Massachusetts.

This is sample text data for New Moon Books, publisher 0736 in the pubs database. New Moon Books is located in Boston, Massachusetts.

This is sample text data for New Moon Books, publisher 0736 in the pubs database. New Moon Books is located in Boston, Massachusetts.

This is sample text data for New Moon Books, publisher 0736 in the pubs database. New Moon Books is located in Boston, Massachusetts.

This is sample text data for New Moon Books, publisher 0736 in the pubs database. New Moon Books is located in Boston, Massachusetts.

This is sample text data for New Moon Books, publisher 0736 in the pubs database. New Moon Books is located in Boston, Massachusetts.

This is sample text data for New Moon Books, publisher 0736 in the pubs database. New Moon Books is located in Boston, Massachusetts.

This is sample text data for New Moon Books, publisher 0736 in the pubs database. New Moon Books is located in Boston, Massachusetts.

This is sample text data for New Moon Books, publisher 0736 in the pubs database. New Moon Books is located in Boston, Massachusetts.

This is sample text data for New Moon Books, publisher 0736 in the pubs database. New Moon Books is located in Boston, Massachusetts.

This is sample text data for New Moon Books, publisher 0736 in the pubs database. New Moon Books is located in Boston, Massachusetts.

This is sample text data for New Moon Books, publisher 0736 in the pubs database. New Moon Books is located in Boston, Massachusetts.

This is sample text data for New Moon Books, publisher 0736 in the pubs database. New Moon Books is located in Boston, Massachusetts.

This is sample text data for New Moon Books, publisher 0736 in the pubs database. New Moon Books is located in Boston, Massachusetts.

This is sample text data for New Moon Books, publisher 0736 in the pubs database. New Moon Books is located in Boston, Massachusetts.

This is sample text data for New Moon Books, publisher 0736 in the pubs database. New Moon Books is located in Boston, Massachusetts.

This is sample text data for New Moon Books, publisher 0736 in the pubs database. New Moon Books is located in Boston, Massachusetts.

This is sample text data for New Moon Books, publisher 0736 in the pubs database. New Moon Books is located in Boston, Massachusetts.

This is sample text data for New Moon Books, publisher 0736 in the pubs database. New Moon Books is located in Boston, Massachusetts.

This is sample text data for New Moon Books, publisher 0736 in the pubs database. New Moon Books is located in Boston, Massachusetts.

This is sample text data for New Moon Books, publisher 0736 in the pubs database. New Moon Books is located in Boston, Massachusetts.

This is sample text data for New Moon Books, publisher 0736 in the pubs database. New Moon Books is located in Boston, Massachusetts.

This is sample text data for New Moon Books, publisher 0736 in the pubs database. New Moon Books is located in Boston, Massachusetts.

This is sample text data for New Moon Books, publisher 0736 in the pubs database. New Moon Books is located in Boston, Massachusetts.

This is sample text data for New Moon Books, publisher 0736 in the pubs database. New Moon Books is located in Boston, Massachusetts.

This is sample text data for New Moon Books, publisher 0736 in the pubs database. New Moon Books is located in Boston, Massachusetts.

This is sample text data for New Moon Books, publisher 0736 in the pubs database. New Moon Books is located in Boston, Massachusetts.

This is sample text data for New Moon Books, publisher 0736 in the pubs database. New Moon Books is located in Boston, Massachusetts.

This is sample text data for New Moon Books, publisher 0736 in the pubs database. New Moon Books is located in Boston, Massachusetts.

This is sample text data for New Moon Books, publisher 0736 in the pubs database. New Moon Books is located in Boston, Massachusetts.

This is sample text data for New Moon Books, publisher 0736 in the pubs database. New Moon Books is located in Boston, Massachusetts.

This is sample text data for New Moon Books, publisher 0736 in the pubs database. New Moon Books is located in Boston, Massachusetts.

This is sample text data for New Moon Books, publisher 0736 in the pubs database. New Moon Books is located in Boston, Massachusetts.

This is sample text data for New Moon Books, publisher 0736 in the pubs database. New Moon Books is located in Boston, Massachusetts.

This is sample text data for New Moon Books, publisher 0736 in the pubs database. New Moon Books is located in Boston, Massachusetts.

This is sample text data for New Moon Books, publisher 0736 in the pubs database. New Moon Books is located in Boston, Massachusetts.

This is sample text data for New Moon Books, publisher 0736 in the pubs database. New Moon Books is located in Boston, Massachusetts.

This is sample text data for New Moon Books, publisher 0736 in the pubs database. New Moon Books is located in Boston, Massachusetts.

This is sample text data for New Moon Books, publisher 0736 in the pubs database. New Moon Books is located in Boston, Massachusetts.

This is sample text data for New Moon Books, publisher 0736 in the pubs database. New Moon Books is located in Boston, Massachusetts.

This is sample text data for New Moon Books, publisher 0736 in the pubs database. New Moon Books is located in Boston, Massachusetts.

This is sample text data for New Moon Books, publisher 0736 in the pubs database. New Moon Books is located in Boston, Massachusetts.

This is sample text data for New Moon Books, publisher 0736 in the pubs database. New Moon Books is located in Boston, Massachusetts.

This is sample text data for New Moon Books, publisher 0736 in the pubs database. New Moon Books is located in Boston, Massachusetts.

This is sample text data for New Moon Books, publisher 0736 in the pubs database. New Moon Books is located in Boston, Massachusetts.

This is sample text data for New Moon Books, publisher 0736 in the pubs database. New Moon Books is located in Boston, Massachusetts.

This is sample text data for New Moon Books, publisher 0736 in the pubs database. New Moon Books is located in Boston, Massachusetts.

This is sample text data for New Moon Books, publisher 0736 in the pubs database. New Moon Books is located in Boston, Massachusetts.

This is sample text data for New Moon Books, publisher 0736 in the pubs database. New Moon Books is located in Boston, Massachusetts.

This is sample text data for New Moon Books, publisher 0736 in the pubs database. New Moon Books is located in Boston, Massachusetts.

This is sample text data for New Moon Books, publisher 0736 in the pubs database. New Moon Books is located in Boston, Massachusetts.

This is sample text data for New Moon Books, publisher 0736 in the pubs database. New Moon Books is located in Boston, Massachusetts.

This is sample text data for New Moon Books, publisher 0736 in the pubs database. New Moon Books is located in Boston, Massachusetts.

This is sample text data for New Moon Books, publisher 0736 in the pubs database. New Moon Books is located in Boston, Massachusetts.

This is sample text data for New Moon Books, publisher 0736 in the pubs database. New Moon Books is located in Boston, Massachusetts.

This is sample text data for New Moon Books, publisher 0736 in the pubs database. New Moon Books is located in Boston, Massachusetts.

This is sample text data for New Moon Books, publisher 0736 in the pubs database. New Moon Books is located in Boston, Massachusetts.

This is sample text data for New Moon Books, publisher 0736 in the pubs database. New Moon Books is located in Boston, Massachusetts.

This is sample text data for New Moon Books, publisher 0736 in the pubs database. New Moon Books is located in Boston, Massachusetts.

This is sample text data for New Moon Books, publisher 0736 in the pubs database. New Moon Books is located in Boston, Massachusetts.

This is sample text data for New Moon Books, publisher 0736 in the pubs database. New Moon Books is located in Boston, Massachusetts.

This is sample text data for New Moon Books, publisher 0736 in the pubs database. New Moon Books is located in Boston, Massachusetts.

This is sample text data for New Moon Books, publisher 0736 in the pubs database. New Moon Books is located in Boston, Massachusetts.

This is sample text data for New Moon Books, publisher 0736 in the pubs database. New Moon Books is located in Boston, Massachusetts.

This is sample text data for New Moon Books, publisher 0736 in the pubs database. New Moon Books is located in Boston, Massachusetts.

This is sample text data for New Moon Books, publisher 0736 in the pubs database. New Moon Books is located in Boston, Massachusetts.

This is sample text data for New Moon Books, publisher 0736 in the pubs database. New Moon Books is located in Boston, Massachusetts.

This is sample text data for New Moon Books, publisher 0736 in the pubs database. New Moon Books is located in Boston, Massachusetts.

This is sample text data for New Moon Books, publisher 0736 in the pubs database. New Moon Books is located in Boston, Massachusetts.

This is sample text data for New Moon Books, publisher 0736 in the pubs database. New Moon Books is located in Boston, Massachusetts.

This is sample text data for New Moon Books, publisher 0736 in the pubs database. New Moon Books is located in Boston, Massachusetts.

This is sample text data for New Moon Books, publisher 0736 in the pubs database. New Moon Books is located in Boston, Massachusetts.

This is sample text data for New Moon Books, publisher 0736 in the pubs database. New Moon Books is located in Boston, Massachusetts.

This is sample text data for New Moon Books, publisher 0736 in the pubs database. New Moon Books is located in Boston, Massachusetts.

This is sample text data for New Moon Books, publisher 0736 in the pubs database. New Moon Books is located in Boston, Massachusetts.

This is sample text data for New Moon Books, publisher 0736 in the pubs database. New Moon Books is located in Boston, Massachusetts.

This is sample text data for New Moon Books, publisher 0736 in the pubs database. New Moon Books is located in Boston, Massachusetts.

This is sample text data for New Moon Books, publisher 0736 in the pubs database. New Moon Books is located in Boston, Massachusetts.

This is sample text data for New Moon Books, publisher 0736 in the pubs database. New Moon Books is located in Boston, Massachusetts.

This is sample text data for New Moon Books, publisher 0736 in the pubs database. New Moon Books is located in Boston, Massachusetts.

This is sample text data for New Moon Books, publisher 0736 in the pubs database. New Moon Books is located in Boston, Massachusetts.

This is sample text data for New Moon Books, publisher 0736 in the pubs database. New Moon Books is located in Boston, Massachusetts.

This is sample text data for New Moon Books, publisher 0736 in the pubs database. New Moon Books is located in Boston, Massachusetts.

This is sample text data for New Moon Books, publisher 0736 in the pubs database. New Moon Books is located in Boston, Massachusetts.

This is sample text data for New Moon Books, publisher 0736 in the pubs database. New Moon Books is located in Boston, Massachusetts.

This is sample text data for New Moon Books, publisher 0736 in the pubs database. New Moon Books is located in Boston, Massachusetts.

This is sample text data for New Moon Books, publisher 0736 in the pubs database. New Moon Books is located in Boston, Massachusetts.

This is sample text data for New Moon Books, publisher 0736 in the pubs database. New Moon Books is located in Boston, Massachusetts.

This is sample text data for New Moon Books, publisher 0736 in the pubs database. New Moon Books is located in Boston, Massachusetts.

This is sample text data for New Moon Books, publisher 0736 in the pubs database. New Moon Books is located in Boston, Massachusetts.

This is sample text data for New Moon Books, publisher 0736 in the pubs database. New Moon Books is located in Boston, Massachusetts.

This is sample text data for New Moon Books, publisher 0736 in the pubs database. New Moon Books is located in Boston, Massachusetts.

This is sample text data for New Moon Books, publisher 0736 in the pubs database. New Moon Books is located in Boston, Massachusetts.

This is sample text data for New Moon Books, publisher 0736 in the pubs database. New Moon Books is located in Boston, Massachusetts.

This is sample text data for New Moon Books, publisher 0736 in the pubs database. New Moon Books is located in Boston, Massachusetts.

This is sample text data for New Moon Books, publisher 0736 in the pubs database. New Moon Books is located in Boston, Massachusetts.

This is sample text data for New Moon Books, publisher 0736 in the pubs database. New Moon Books is located in Boston, Massachusetts.

This is sample text data for New Moon Books, publisher 0736 in the pubs database. New Moon Books is located in Boston, Massachusetts.

This is sample text data for New Moon Books, publisher 0736 in the pubs database. New Moon Books is located in Boston, Massachusetts.

This is sample text data for New Moon Books, publisher 0736 in the pubs database. New Moon Books is located in Boston, Massachusetts.

This is sample text data for New Moon Books, publisher 0736 in the pubs database. New Moon Books is located in Boston, Massachusetts.

This is sample text data for New Moon Books, publisher 0736 in the pubs database. New Moon Books is located in Boston, Massachusetts.

This is sample text data for New Moon Books, publisher 0736 in the pubs database. New Moon Books is located in Boston, Massachusetts.

This is sample text data for New Moon Books, publisher 0736 in the pubs database. New Moon Books is located in Boston, Massachusetts.

This is sample text data for New Moon Books, publisher 0736 in the pubs database. New Moon Books is located in Boston, Massachusetts.

This is sample text data for New Moon Books, publisher 0736 in the pubs database. New Moon Books is located in Boston, Massachusetts.

This is sample text data for New Moon Books, publisher 0736 in the pubs database. New Moon Books is located in Boston, Massachusetts.

This is sample text data for New Moon Books, publisher 0736 in the pubs database. New Moon Books is located in Boston, Massachusetts.

This is sample text data for New Moon Books, publisher 0736 in the pubs database. New Moon Books is located in Boston, Massachusetts.

This is sample text data for New Moon Books, publisher 0736 in the pubs database. New Moon Books is located in Boston, Massachusetts.

This is sample text data for New Moon Books, publisher 0736 in the pubs database. New Moon Books is located in Boston, Massachusetts.

This is sample text data for New Moon Books, publisher 0736 in the pubs database. New Moon Books is located in Boston, Massachusetts.

This is sample text data for New Moon Books, publisher 0736 in the pubs database. New Moon Books is located in Boston, Massachusetts.

This is sample text data for New Moon Books, publisher 0736 in the pubs database. New Moon Books is located in Boston, Massachusetts.

This is sample text data for New Moon Books, publisher 0736 in the pubs database. New Moon Books is located in Boston, Massachusetts.

This is sample text data for New Moon Books, publisher 0736 in the pubs database. New Moon Books is located in Boston, Massachusetts.

This is sample text data for New Moon Books, publisher 0736 in the pubs database. New Moon Books is located in Boston, Massachusetts.

This is sample text data for New Moon Books, publisher 0736 in the pubs database. New Moon Books is located in Boston, Massachusetts.

This is sample text data for New Moon Books, publisher 0736 in the pubs database. New Moon Books is located in Boston, Massachusetts.

This is sample text data for New Moon Books, publisher 0736 in the pubs database. New Moon Books is located in Boston, Massachusetts.

This is sample text data for New Moon Books, publisher 0736 in the pubs database. New Moon Books is located in Boston, Massachusetts.

This is sample text data for New Moon Books, publisher 0736 in the pubs database. New Moon Books is located in Boston, Massachusetts.

This is sample text data for New Moon Books, publisher 0736 in the pubs database. New Moon Books is located in Boston, Massachusetts.

This is sample text data for New Moon Books, publisher 0736 in the pubs database. New Moon Books is located in Boston, Massachusetts.

This is sample text data for New Moon Books, publisher 0736 in the pubs database. New Moon Books is located in Boston, Massachusetts.

This is sample text data for New Moon Books, publisher 0736 in the pubs database. New Moon Books is located in Boston, Massachusetts.

This is sample text data for New Moon Books, publisher 0736 in the pubs database. New Moon Books is located in Boston, Massachusetts.

This is sample text data for New Moon Books, publisher 0736 in the pubs database. New Moon Books is located in Boston, Massachusetts.

This is sample text data for New Moon Books, publisher 0736 in the pubs database. New Moon Books is located in Boston, Massachusetts.

This is sample text data for New Moon Books, publisher 0736 in the pubs database. New Moon Books is located in Boston, Massachusetts.

This is sample text data for New Moon Books, publisher 0736 in the pubs database. New Moon Books is located in Boston, Massachusetts.

This is sample text data for New Moon Books, publisher 0736 in the pubs database. New Moon Books is located in Boston, Massachusetts.

This is sample text data for New Moon Books, publisher 0736 in the pubs database. New Moon Books is located in Boston, Massachusetts.

This is sample text data for New Moon Books, publisher 0736 in the pubs database. New Moon Books is located in Boston, Massachusetts.

This is sample text data for New Moon Books, publisher 0736 in the pubs database. New Moon Books is located in Boston, Massachusetts.

This is sample text data for New Moon Books, publisher 0736 in the pubs database. New Moon Books is located in Boston, Massachusetts.

This is sample text data for New Moon Books, publisher 0736 in the pubs database. New Moon Books is located in Boston, Massachusetts.

This is sample text data for New Moon Books, publisher 0736 in the pubs database. New Moon Books is located in Boston, Massachusetts.

This is sample text data for New Moon Books, publisher 0736 in the pubs database. New Moon Books is located in Boston, Massachusetts.

This is sample text data for New Moon Books, publisher 0736 in the pubs database. New Moon Books is located in Boston, Massachusetts.

This is sample text data for New Moon Books, publisher 0736 in the pubs database. New Moon Books is located in Boston, Massachusetts.

This is sample text data for New Moon Books, publisher 0736 in the pubs database. New Moon Books is located in Boston, Massachusetts.

This is sample text data for New Moon Books, publisher 0736 in the pubs database. New Moon Books is located in Boston, Massachusetts.

This is sample text data for New Moon Books, publisher 0736 in the pubs database. New Moon Books is located in Boston, Massachusetts.

This is sample text data for New Moon Books, publisher 0736 in the pubs database. New Moon Books is located in Boston, Massachusetts.

This is sample text data for New Moon Books, publisher 0736 in the pubs database. New Moon Books is located in Boston, Massachusetts.

This is sample text data for New Moon Books, publisher 0736 in the pubs database. New Moon Books is located in Boston, Massachusetts.

This is sample text data for New Moon Books, publisher 0736 in the pubs database. New Moon Books is located in Boston, Massachusetts.

This is sample text data for New Moon Books, publisher 0736 in the pubs database. New Moon Books is located in Boston, Massachusetts.

This is sample text data for New Moon Books, publisher 0736 in the pubs database. New Moon Books is located in Boston, Massachusetts.

This is sample text data for New Moon Books, publisher 0736 in the pubs database. New Moon Books is located in Boston, Massachusetts.

This is sample text data for New Moon Books, publisher 0736 in the pubs database. New Moon Books is located in Boston, Massachusetts.

This is sample text data for New Moon Books, publisher 0736 in the pubs database. New Moon Books is located in Boston, Massachusetts.

This is sample text data for New Moon Books, publisher 0736 in the pubs database. New Moon Books is located in Boston, Massachusetts.

This is sample text data for New Moon Books, publisher 0736 in the pubs database. New Moon Books is located in Boston, Massachusetts.

This is sample text data for New Moon Books, publisher 0736 in the pubs database. New Moon Books is located in Boston, Massachusetts.

This is sample text data for New Moon Books, publisher 0736 in the pubs database. New Moon Books is located in Boston, Massachusetts.

This is sample text data for New Moon Books, publisher 0736 in the pubs database. New Moon Books is located in Boston, Massachusetts.

This is sample text data for New Moon Books, publisher 0736 in the pubs database. New Moon Books is located in Boston, Massachusetts.

This is sample text data for New Moon Books, publisher 0736 in the pubs database. New Moon Books is located in Boston, Massachusetts.

This is sample text data for New Moon Books, publisher 0736 in the pubs database. New Moon Books is located in Boston, Massachusetts.

This is sample text data for New Moon Books, publisher 0736 in the pubs database. New Moon Books is located in Boston, Massachusetts.

This is sample text data for New Moon Books, publisher 0736 in the pubs database. New Moon Books is located in Boston, Massachusetts.

This is sample text data for New Moon Books, publisher 0736 in the pubs database. New Moon Books is located in Boston, Massachusetts.

This is sample text data for New Moon Books, publisher 0736 in the pubs database. New Moon Books is located in Boston, Massachusetts.

This is sample text data for New Moon Books, publisher 0736 in the pubs database. New Moon Books is located in Boston, Massachusetts.

This is sample text data for New Moon Books, publisher 0736 in the pubs database. New Moon Books is located in Boston, Massachusetts.

This is sample text data for New Moon Books, publisher 0736 in the pubs database. New Moon Books is located in Boston, Massachusetts.

This is sample text data for New Moon Books, publisher 0736 in the pubs database. New Moon Books is located in Boston, Massachusetts.

This is sample text data for New Moon Books, publisher 0736 in the pubs database. New Moon Books is located in Boston, Massachusetts.

This is sample text data for New Moon Books, publisher 0736 in the pubs database. New Moon Books is located in Boston, Massachusetts.

This is sample text data for New Moon Books, publisher 0736 in the pubs database. New Moon Books is located in Boston, Massachusetts.

This is sample text data for New Moon Books, publisher 0736 in the pubs database. New Moon Books is located in Boston, Massachusetts.

This is sample text data for New Moon Books, publisher 0736 in the pubs database. New Moon Books is located in Boston, Massachusetts.

This is sample text data for New Moon Books, publisher 0736 in the pubs database. New Moon Books is located in Boston, Massachusetts.

This is sample text data for New Moon Books, publisher 0736 in the pubs database. New Moon Books is located in Boston, Massachusetts.

This is sample text data for New Moon Books, publisher 0736 in the pubs database. New Moon Books is located in Boston, Massachusetts.

This is sample text data for New Moon Books, publisher 0736 in the pubs database. New Moon Books is located in Boston, Massachusetts.

This is sample text data for New Moon Books, publisher 0736 in the pubs database. New Moon Books is located in Boston, Massachusetts.

This is sample text data for New Moon Books, publisher 0736 in the pubs database. New Moon Books is located in Boston, Massachusetts.

This is sample text data for New Moon Books, publisher 0736 in the pubs database. New Moon Books is located in Boston, Massachusetts.

This is sample text data for New Moon Books, publisher 0736 in the pubs database. New Moon Books is located in Boston, Massachusetts.

This is sample text data for New Moon Books, publisher 0736 in the pubs database. New Moon Books is located in Boston, Massachusetts.

This is sample text data for New Moon Books, publisher 0736 in the pubs database. New Moon Books is located in Boston, Massachusetts.

This is sample text data for New Moon Books, publisher 0736 in the pubs database. New Moon Books is located in Boston, Massachusetts.

This is sample text data for New Moon Books, publisher 0736 in the pubs database. New Moon Books is located in Boston, Massachusetts.

This is sample text data for New Moon Books, publisher 0736 in the pubs database. New Moon Books is located in Boston, Massachusetts.

This is sample text data for New Moon Books, publisher 0736 in the pubs database. New Moon Books is located in Boston, Massachusetts.

This is sample text data for New Moon Books, publisher 0736 in the pubs database. New Moon Books is located in Boston, Massachusetts.

This is sample text data for New Moon Books, publisher 0736 in the pubs database. New Moon Books is located in Boston, Massachusetts.

This is sample text data for New Moon Books, publisher 0736 in the pubs database. New Moon Books is located in Boston, Massachusetts.

This is sample text data for New Moon Books, publisher 0736 in the pubs database. New Moon Books is located in Boston, Massachusetts.

This is sample text data for New Moon Books, publisher 0736 in the pubs database. New Moon Books is located in Boston, Massachusetts.

This is sample text data for New Moon Books, publisher 0736 in the pubs database. New Moon Books is located in Boston, Massachusetts.

This is sample text data for New Moon Books, publisher 0736 in the pubs database. New Moon Books is located in Boston, Massachusetts.

This is sample text data for New Moon Books, publisher 0736 in the pubs database. New Moon Books is located in Boston, Massachusetts.

This is sample text data for New Moon Books, publisher 0736 in the pubs database. New Moon Books is located in Boston, Massachusetts.

This is sample text data for New Moon Books, publisher 0736 in the pubs database. New Moon Books is located in Boston, Massachusetts.

This is sample text data for New Moon Books, publisher 0736 in the pubs database. New Moon Books is located in Boston, Massachusetts.

This is sample text data for New Moon Books, publisher 0736 in the pubs database. New Moon Books is located in Boston, Massachusetts.

This is sample text data for New Moon Books, publisher 0736 in the pubs database. New Moon Books is located in Boston, Massachusetts.

This is sample text data for New Moon Books, publisher 0736 in the pubs database. New Moon Books is located in Boston, Massachusetts.

This is sample text data for New Moon Books, publisher 0736 in the pubs database. New Moon Books is located in Boston, Massachusetts.

This is sample text data for New Moon Books, publisher 0736 in the pubs database. New Moon Books is located in Boston, Massachusetts.

This is sample text data for New Moon Books, publisher 0736 in the pubs database. New Moon Books is located in Boston, Massachusetts.

This is sample text data for New Moon Books, publisher 0736 in the pubs database. New Moon Books is located in Boston, Massachusetts.')

insert pub_info values('0877', 0x4749463839618B002F00B30F00000000800000008000808000000080800080008080808080C0C0C0FF000000FF00FFFF000000FFFF00FF00FFFFFFFFFF21F9040100000F002C000000008B002F004004FFF0C949ABBD38EBCDBBFFA0048464089CE384A62BD596309CC6F4F58A287EBA79ED73B3D26A482C1A8FC8A47249FCCD76BC1F3058D94135579C9345053D835768560CFE6A555D343A1B6D3FC6DC2A377E66DBA5F8DBEBF6EEE1FF2A805B463A47828269871F7A3D7C7C8A3E899093947F666A756567996E6C519E167692646E7D9C98A42295ABAC24A092AD364C737EB15EB61B8E8DB58FB81DB0BE8C6470A0BE58C618BAC365C5C836CEA1BCBBC4C0D0AAD6D14C85CDD86FDDDFAB5F43A580DCB519A25B9BAE989BC3EEA9A7EBD9BF54619A7DF8BBA87475EDA770D6C58B968C59A27402FB99E2378FC7187010D5558948B15CC58B4E20CE9A762E62B558CAB86839FC088D24AB90854662BCD60D653E832BBD7924F49226469327FDEC91C6AD2538972E6FFEE429720D4E63472901251A33A9D28DB47A5A731A7325D56D50B36ADDAA2463D5AF1EAE82F5F84FAA946656AA21AC31D0C4BF85CBA87912D6D194D4B535C5DDDBA93221CB226D022E9437D89C594305FD321C0CB7DFA5C58223036E088F3139B9032563DD0BE66D2ACD8B2BCB9283CEDEE3C6A53EE39BA7579A62C1294917DC473035E0B9E3183F9A3BB6F7ABDE608B018800003B,
'This is sample text data for Binnet & Hardley, publisher 0877 in the pubs database. Binnet & Hardley is located in Washington, D.C.

This is sample text data for Binnet & Hardley, publisher 0877 in the pubs database. Binnet & Hardley is located in Washington, D.C.

This is sample text data for Binnet & Hardley, publisher 0877 in the pubs database. Binnet & Hardley is located in Washington, D.C.

This is sample text data for Binnet & Hardley, publisher 0877 in the pubs database. Binnet & Hardley is located in Washington, D.C.

This is sample text data for Binnet & Hardley, publisher 0877 in the pubs database. Binnet & Hardley is located in Washington, D.C.')

insert pub_info values('1389', 0x474946383961C2001D00B30F00000000800000008000808000000080800080008080808080C0C0C0FF000000FF00FFFF000000FFFF00FF00FFFFFFFFFF21F9040100000F002C00000000C2001D004004FFF0C949ABBD38EBCDBBFF60288E1C609E2840AE2C969E6D2CCFB339D90F2CE1F8AEE6BC9FEF26EC01413AA3F2D76BAA96C7A154EA7CC29C449AC7A8ED7A2FDC2FED25149B29E4D479FD55A7CBD931DC35CFA4916171BEFDAABC51546541684C8285847151537F898A588D89806045947491757B6C9A9B9C9D9E9FA0A1A2A3A4A5A6A7A8A95A6A3E64169923B0901A775B7566B25D7F8C888A5150BE7B8F93847D8DC3C07983BEBDC1878BCFAF6F44BBD0AD71C9CBD653BFD5CEC7D1C3DFDB8197D8959CB9AAB8B7EBEEEFF0BA92F1B6B5F4A0F6F776D3FA9EBCFD748C01DCB4AB5DBF7C03CF1454070F61423D491C326BA18E211081250C7AB12867619825F37F2ECE1168AC242B6A274556D121D28FA46C11E78564C5B295308F21BBF5CAD6CCE52C7018813932C4ED5C517346B7C1C2683368349D49A19D0439D31538A452A916135A0B19A59AAB9E6A835A0EABD00E5CD11D1D478C1C59714053AA4C4955AB4B9956879AB497F62E1CBA2373DA25B752239F8787119390AB5806C74E1100003B,
'This is sample text data for Algodata Infosystems, publisher 1389 in the pubs database. Algodata Infosystems is located in Berkeley, California.

This is sample text data for Algodata Infosystems, publisher 1389 in the pubs database. Algodata Infosystems is located in Berkeley, California.

This is sample text data for Algodata Infosystems, publisher 1389 in the pubs database. Algodata Infosystems is located in Berkeley, California.

This is sample text data for Algodata Infosystems, publisher 1389 in the pubs database. Algodata Infosystems is located in Berkeley, California.

This is sample text data for Algodata Infosystems, publisher 1389 in the pubs database. Algodata Infosystems is located in Berkeley, California.

This is sample text data for Algodata Infosystems, publisher 1389 in the pubs database. Algodata Infosystems is located in Berkeley, California.

This is sample text data for Algodata Infosystems, publisher 1389 in the pubs database. Algodata Infosystems is located in Berkeley, California.

This is sample text data for Algodata Infosystems, publisher 1389 in the pubs database. Algodata Infosystems is located in Berkeley, California.

This is sample text data for Algodata Infosystems, publisher 1389 in the pubs database. Algodata Infosystems is located in Berkeley, California.

This is sample text data for Algodata Infosystems, publisher 1389 in the pubs database. Algodata Infosystems is located in Berkeley, California.')

insert pub_info values('1622', 0x474946383961F5003400B30F00000000800000008000808000000080800080008080808080C0C0C0FF000000FF00FFFF000000FFFF00FF00FFFFFFFFFF21F9040100000F002C00000000F50034004004FFF0C949ABBD38EBCDBBFF60288E64D90166AA016CEBBEB02ACF746D67E82DC2ACEEFFC0A02997B31027C521EF25698D8E42230E049D3E8AD8537385BC4179DB6B574C26637BE58BF38A1EB393DF2CE55CA52731F77918BE9FAFCD6180817F697F5F6E6C7A836D62876A817A79898A7E31524D708E7299159C9456929F9044777C6575A563A68E827D9D4C8D334BB3B051B6B7B83A8490B91EB4B3BDC1C251A1C24BC3C8C9C8C5C4BFCCCAD0D135ACC36B2E3BBCB655AD1CDB8F6921DEB8D48AA9ADA46046D7E0DC829B9D98E9988878D9AAE5AEF875BC6DEFF7E7A35C9943F18CCA3175C0A4295C48625F3B8610234A0C17D159C289189515CC7531A3C7891BFF9B59FA4812634820F24AAA94882EA50D8BBB3E8813598B8A3D7C0D6F12CB8710E5BA7536D9ED3C458F8B509CF17CE94CEA658F254D944889528306E83C245089629DDA4F8BD65885049ACBB7ADAB2A5364AFDAF344902752409A6085FA39105EBB3C2DAB2E52FA8611B7ACFA060956CB1370598176DB3E74FB956CCCA77207BB6B8CAAAADEA3FFBE01A48CD871D65569C37E25A458C5C9572E57AADE59F7F40A98B456CB36560F730967B3737B74ADBBB7EFDABF830BE70B11F6C8E1C82F31345E33B9F3A5C698FB7D4E9D779083D4B313D7985ABB77E0C9B07F1F0F3EFA71F2E8ED56EB98BEBD7559306FC72C6995EA7499F3B5DDA403FF17538AB6FD20C9FF7D463D531681971888E0104E45069D7C742D58DB7B29B45454811B381420635135B5D838D6E487612F876D98D984B73D2820877DFD871523F5E161D97DD7FCB4C82E31BEC8176856D9D8487D95E1E5D711401AE2448EF11074E47E9D69359382E8A8871391880C28E5861636399950FEFCA55E315D8279255C2C6AA89899B68588961C5B82C366693359F1CA89ACACB959971D76F6E6607B6E410E9D57B1A9196A52BDD56636CC08BA519C5E1EDA8743688906DA9D53F2E367999656A96292E2781397A6264E62A04E25FE49A59354696958409B11F527639DEAC84E7795553A9AACA85C68E8977D2A7919A5A7F83329A46F0D79698BF60D98688CCC118A6C3F8F38E6D89C8C12F635E49145F6132D69DCCE684725FC0546C3B40875D79E70A5867A8274E69E8BAEAC1FEEC02E92EE3AA7ADA015365BEFBE83F2EB6F351100003B,
'This is sample text data for Five Lakes Publishing, publisher 1622 in the pubs database. Five Lakes Publishing is located in Chicago, Illinois.

This is sample text data for Five Lakes Publishing, publisher 1622 in the pubs database. Five Lakes Publishing is located in Chicago, Illinois.

This is sample text data for Five Lakes Publishing, publisher 1622 in the pubs database. Five Lakes Publishing is located in Chicago, Illinois.

This is sample text data for Five Lakes Publishing, publisher 1622 in the pubs database. Five Lakes Publishing is located in Chicago, Illinois.

This is sample text data for Five Lakes Publishing, publisher 1622 in the pubs database. Five Lakes Publishing is located in Chicago, Illinois.

This is sample text data for Five Lakes Publishing, publisher 1622 in the pubs database. Five Lakes Publishing is located in Chicago, Illinois.

This is sample text data for Five Lakes Publishing, publisher 1622 in the pubs database. Five Lakes Publishing is located in Chicago, Illinois.

This is sample text data for Five Lakes Publishing, publisher 1622 in the pubs database. Five Lakes Publishing is located in Chicago, Illinois.

This is sample text data for Five Lakes Publishing, publisher 1622 in the pubs database. Five Lakes Publishing is located in Chicago, Illinois.

This is sample text data for Five Lakes Publishing, publisher 1622 in the pubs database. Five Lakes Publishing is located in Chicago, Illinois.

This is sample text data for Five Lakes Publishing, publisher 1622 in the pubs database. Five Lakes Publishing is located in Chicago, Illinois.

This is sample text data for Five Lakes Publishing, publisher 1622 in the pubs database. Five Lakes Publishing is located in Chicago, Illinois.

This is sample text data for Five Lakes Publishing, publisher 1622 in the pubs database. Five Lakes Publishing is located in Chicago, Illinois.

This is sample text data for Five Lakes Publishing, publisher 1622 in the pubs database. Five Lakes Publishing is located in Chicago, Illinois.

This is sample text data for Five Lakes Publishing, publisher 1622 in the pubs database. Five Lakes Publishing is located in Chicago, Illinois.

This is sample text data for Five Lakes Publishing, publisher 1622 in the pubs database. Five Lakes Publishing is located in Chicago, Illinois.

This is sample text data for Five Lakes Publishing, publisher 1622 in the pubs database. Five Lakes Publishing is located in Chicago, Illinois.

This is sample text data for Five Lakes Publishing, publisher 1622 in the pubs database. Five Lakes Publishing is located in Chicago, Illinois.

This is sample text data for Five Lakes Publishing, publisher 1622 in the pubs database. Five Lakes Publishing is located in Chicago, Illinois.

This is sample text data for Five Lakes Publishing, publisher 1622 in the pubs database. Five Lakes Publishing is located in Chicago, Illinois.

This is sample text data for Five Lakes Publishing, publisher 1622 in the pubs database. Five Lakes Publishing is located in Chicago, Illinois.

This is sample text data for Five Lakes Publishing, publisher 1622 in the pubs database. Five Lakes Publishing is located in Chicago, Illinois.

This is sample text data for Five Lakes Publishing, publisher 1622 in the pubs database. Five Lakes Publishing is located in Chicago, Illinois.

This is sample text data for Five Lakes Publishing, publisher 1622 in the pubs database. Five Lakes Publishing is located in Chicago, Illinois.

This is sample text data for Five Lakes Publishing, publisher 1622 in the pubs database. Five Lakes Publishing is located in Chicago, Illinois.

This is sample text data for Five Lakes Publishing, publisher 1622 in the pubs database. Five Lakes Publishing is located in Chicago, Illinois.

This is sample text data for Five Lakes Publishing, publisher 1622 in the pubs database. Five Lakes Publishing is located in Chicago, Illinois.

This is sample text data for Five Lakes Publishing, publisher 1622 in the pubs database. Five Lakes Publishing is located in Chicago, Illinois.

This is sample text data for Five Lakes Publishing, publisher 1622 in the pubs database. Five Lakes Publishing is located in Chicago, Illinois.

This is sample text data for Five Lakes Publishing, publisher 1622 in the pubs database. Five Lakes Publishing is located in Chicago, Illinois.

This is sample text data for Five Lakes Publishing, publisher 1622 in the pubs database. Five Lakes Publishing is located in Chicago, Illinois.

This is sample text data for Five Lakes Publishing, publisher 1622 in the pubs database. Five Lakes Publishing is located in Chicago, Illinois.

This is sample text data for Five Lakes Publishing, publisher 1622 in the pubs database. Five Lakes Publishing is located in Chicago, Illinois.

This is sample text data for Five Lakes Publishing, publisher 1622 in the pubs database. Five Lakes Publishing is located in Chicago, Illinois.

This is sample text data for Five Lakes Publishing, publisher 1622 in the pubs database. Five Lakes Publishing is located in Chicago, Illinois.

This is sample text data for Five Lakes Publishing, publisher 1622 in the pubs database. Five Lakes Publishing is located in Chicago, Illinois.

This is sample text data for Five Lakes Publishing, publisher 1622 in the pubs database. Five Lakes Publishing is located in Chicago, Illinois.

This is sample text data for Five Lakes Publishing, publisher 1622 in the pubs database. Five Lakes Publishing is located in Chicago, Illinois.

This is sample text data for Five Lakes Publishing, publisher 1622 in the pubs database. Five Lakes Publishing is located in Chicago, Illinois.

This is sample text data for Five Lakes Publishing, publisher 1622 in the pubs database. Five Lakes Publishing is located in Chicago, Illinois.

This is sample text data for Five Lakes Publishing, publisher 1622 in the pubs database. Five Lakes Publishing is located in Chicago, Illinois.

This is sample text data for Five Lakes Publishing, publisher 1622 in the pubs database. Five Lakes Publishing is located in Chicago, Illinois.

This is sample text data for Five Lakes Publishing, publisher 1622 in the pubs database. Five Lakes Publishing is located in Chicago, Illinois.

This is sample text data for Five Lakes Publishing, publisher 1622 in the pubs database. Five Lakes Publishing is located in Chicago, Illinois.

This is sample text data for Five Lakes Publishing, publisher 1622 in the pubs database. Five Lakes Publishing is located in Chicago, Illinois.

This is sample text data for Five Lakes Publishing, publisher 1622 in the pubs database. Five Lakes Publishing is located in Chicago, Illinois.

This is sample text data for Five Lakes Publishing, publisher 1622 in the pubs database. Five Lakes Publishing is located in Chicago, Illinois.

This is sample text data for Five Lakes Publishing, publisher 1622 in the pubs database. Five Lakes Publishing is located in Chicago, Illinois.

This is sample text data for Five Lakes Publishing, publisher 1622 in the pubs database. Five Lakes Publishing is located in Chicago, Illinois.

This is sample text data for Five Lakes Publishing, publisher 1622 in the pubs database. Five Lakes Publishing is located in Chicago, Illinois.

This is sample text data for Five Lakes Publishing, publisher 1622 in the pubs database. Five Lakes Publishing is located in Chicago, Illinois.

This is sample text data for Five Lakes Publishing, publisher 1622 in the pubs database. Five Lakes Publishing is located in Chicago, Illinois.

This is sample text data for Five Lakes Publishing, publisher 1622 in the pubs database. Five Lakes Publishing is located in Chicago, Illinois.

This is sample text data for Five Lakes Publishing, publisher 1622 in the pubs database. Five Lakes Publishing is located in Chicago, Illinois.

This is sample text data for Five Lakes Publishing, publisher 1622 in the pubs database. Five Lakes Publishing is located in Chicago, Illinois.

This is sample text data for Five Lakes Publishing, publisher 1622 in the pubs database. Five Lakes Publishing is located in Chicago, Illinois.

This is sample text data for Five Lakes Publishing, publisher 1622 in the pubs database. Five Lakes Publishing is located in Chicago, Illinois.

This is sample text data for Five Lakes Publishing, publisher 1622 in the pubs database. Five Lakes Publishing is located in Chicago, Illinois.

This is sample text data for Five Lakes Publishing, publisher 1622 in the pubs database. Five Lakes Publishing is located in Chicago, Illinois.

This is sample text data for Five Lakes Publishing, publisher 1622 in the pubs database. Five Lakes Publishing is located in Chicago, Illinois.

This is sample text data for Five Lakes Publishing, publisher 1622 in the pubs database. Five Lakes Publishing is located in Chicago, Illinois.

This is sample text data for Five Lakes Publishing, publisher 1622 in the pubs database. Five Lakes Publishing is located in Chicago, Illinois.

This is sample text data for Five Lakes Publishing, publisher 1622 in the pubs database. Five Lakes Publishing is located in Chicago, Illinois.

This is sample text data for Five Lakes Publishing, publisher 1622 in the pubs database. Five Lakes Publishing is located in Chicago, Illinois.

This is sample text data for Five Lakes Publishing, publisher 1622 in the pubs database. Five Lakes Publishing is located in Chicago, Illinois.

This is sample text data for Five Lakes Publishing, publisher 1622 in the pubs database. Five Lakes Publishing is located in Chicago, Illinois.

This is sample text data for Five Lakes Publishing, publisher 1622 in the pubs database. Five Lakes Publishing is located in Chicago, Illinois.

This is sample text data for Five Lakes Publishing, publisher 1622 in the pubs database. Five Lakes Publishing is located in Chicago, Illinois.

This is sample text data for Five Lakes Publishing, publisher 1622 in the pubs database. Five Lakes Publishing is located in Chicago, Illinois.

This is sample text data for Five Lakes Publishing, publisher 1622 in the pubs database. Five Lakes Publishing is located in Chicago, Illinois.

This is sample text data for Five Lakes Publishing, publisher 1622 in the pubs database. Five Lakes Publishing is located in Chicago, Illinois.

This is sample text data for Five Lakes Publishing, publisher 1622 in the pubs database. Five Lakes Publishing is located in Chicago, Illinois.

This is sample text data for Five Lakes Publishing, publisher 1622 in the pubs database. Five Lakes Publishing is located in Chicago, Illinois.

This is sample text data for Five Lakes Publishing, publisher 1622 in the pubs database. Five Lakes Publishing is located in Chicago, Illinois.

This is sample text data for Five Lakes Publishing, publisher 1622 in the pubs database. Five Lakes Publishing is located in Chicago, Illinois.

This is sample text data for Five Lakes Publishing, publisher 1622 in the pubs database. Five Lakes Publishing is located in Chicago, Illinois.

This is sample text data for Five Lakes Publishing, publisher 1622 in the pubs database. Five Lakes Publishing is located in Chicago, Illinois.

This is sample text data for Five Lakes Publishing, publisher 1622 in the pubs database. Five Lakes Publishing is located in Chicago, Illinois.

This is sample text data for Five Lakes Publishing, publisher 1622 in the pubs database. Five Lakes Publishing is located in Chicago, Illinois.

This is sample text data for Five Lakes Publishing, publisher 1622 in the pubs database. Five Lakes Publishing is located in Chicago, Illinois.

This is sample text data for Five Lakes Publishing, publisher 1622 in the pubs database. Five Lakes Publishing is located in Chicago, Illinois.

This is sample text data for Five Lakes Publishing, publisher 1622 in the pubs database. Five Lakes Publishing is located in Chicago, Illinois.

This is sample text data for Five Lakes Publishing, publisher 1622 in the pubs database. Five Lakes Publishing is located in Chicago, Illinois.

This is sample text data for Five Lakes Publishing, publisher 1622 in the pubs database. Five Lakes Publishing is located in Chicago, Illinois.

This is sample text data for Five Lakes Publishing, publisher 1622 in the pubs database. Five Lakes Publishing is located in Chicago, Illinois.

This is sample text data for Five Lakes Publishing, publisher 1622 in the pubs database. Five Lakes Publishing is located in Chicago, Illinois.

This is sample text data for Five Lakes Publishing, publisher 1622 in the pubs database. Five Lakes Publishing is located in Chicago, Illinois.

This is sample text data for Five Lakes Publishing, publisher 1622 in the pubs database. Five Lakes Publishing is located in Chicago, Illinois.

This is sample text data for Five Lakes Publishing, publisher 1622 in the pubs database. Five Lakes Publishing is located in Chicago, Illinois.

This is sample text data for Five Lakes Publishing, publisher 1622 in the pubs database. Five Lakes Publishing is located in Chicago, Illinois.

This is sample text data for Five Lakes Publishing, publisher 1622 in the pubs database. Five Lakes Publishing is located in Chicago, Illinois.

This is sample text data for Five Lakes Publishing, publisher 1622 in the pubs database. Five Lakes Publishing is located in Chicago, Illinois.

This is sample text data for Five Lakes Publishing, publisher 1622 in the pubs database. Five Lakes Publishing is located in Chicago, Illinois.

This is sample text data for Five Lakes Publishing, publisher 1622 in the pubs database. Five Lakes Publishing is located in Chicago, Illinois.

This is sample text data for Five Lakes Publishing, publisher 1622 in the pubs database. Five Lakes Publishing is located in Chicago, Illinois.

This is sample text data for Five Lakes Publishing, publisher 1622 in the pubs database. Five Lakes Publishing is located in Chicago, Illinois.

This is sample text data for Five Lakes Publishing, publisher 1622 in the pubs database. Five Lakes Publishing is located in Chicago, Illinois.

This is sample text data for Five Lakes Publishing, publisher 1622 in the pubs database. Five Lakes Publishing is located in Chicago, Illinois.

This is sample text data for Five Lakes Publishing, publisher 1622 in the pubs database. Five Lakes Publishing is located in Chicago, Illinois.

This is sample text data for Five Lakes Publishing, publisher 1622 in the pubs database. Five Lakes Publishing is located in Chicago, Illinois.

This is sample text data for Five Lakes Publishing, publisher 1622 in the pubs database. Five Lakes Publishing is located in Chicago, Illinois.

This is sample text data for Five Lakes Publishing, publisher 1622 in the pubs database. Five Lakes Publishing is located in Chicago, Illinois.

This is sample text data for Five Lakes Publishing, publisher 1622 in the pubs database. Five Lakes Publishing is located in Chicago, Illinois.

This is sample text data for Five Lakes Publishing, publisher 1622 in the pubs database. Five Lakes Publishing is located in Chicago, Illinois.

This is sample text data for Five Lakes Publishing, publisher 1622 in the pubs database. Five Lakes Publishing is located in Chicago, Illinois.

This is sample text data for Five Lakes Publishing, publisher 1622 in the pubs database. Five Lakes Publishing is located in Chicago, Illinois.

This is sample text data for Five Lakes Publishing, publisher 1622 in the pubs database. Five Lakes Publishing is located in Chicago, Illinois.

This is sample text data for Five Lakes Publishing, publisher 1622 in the pubs database. Five Lakes Publishing is located in Chicago, Illinois.

This is sample text data for Five Lakes Publishing, publisher 1622 in the pubs database. Five Lakes Publishing is located in Chicago, Illinois.

This is sample text data for Five Lakes Publishing, publisher 1622 in the pubs database. Five Lakes Publishing is located in Chicago, Illinois.

This is sample text data for Five Lakes Publishing, publisher 1622 in the pubs database. Five Lakes Publishing is located in Chicago, Illinois.

This is sample text data for Five Lakes Publishing, publisher 1622 in the pubs database. Five Lakes Publishing is located in Chicago, Illinois.

This is sample text data for Five Lakes Publishing, publisher 1622 in the pubs database. Five Lakes Publishing is located in Chicago, Illinois.

This is sample text data for Five Lakes Publishing, publisher 1622 in the pubs database. Five Lakes Publishing is located in Chicago, Illinois.

This is sample text data for Five Lakes Publishing, publisher 1622 in the pubs database. Five Lakes Publishing is located in Chicago, Illinois.

This is sample text data for Five Lakes Publishing, publisher 1622 in the pubs database. Five Lakes Publishing is located in Chicago, Illinois.

This is sample text data for Five Lakes Publishing, publisher 1622 in the pubs database. Five Lakes Publishing is located in Chicago, Illinois.

This is sample text data for Five Lakes Publishing, publisher 1622 in the pubs database. Five Lakes Publishing is located in Chicago, Illinois.

This is sample text data for Five Lakes Publishing, publisher 1622 in the pubs database. Five Lakes Publishing is located in Chicago, Illinois.

This is sample text data for Five Lakes Publishing, publisher 1622 in the pubs database. Five Lakes Publishing is located in Chicago, Illinois.

This is sample text data for Five Lakes Publishing, publisher 1622 in the pubs database. Five Lakes Publishing is located in Chicago, Illinois.

This is sample text data for Five Lakes Publishing, publisher 1622 in the pubs database. Five Lakes Publishing is located in Chicago, Illinois.

This is sample text data for Five Lakes Publishing, publisher 1622 in the pubs database. Five Lakes Publishing is located in Chicago, Illinois.

This is sample text data for Five Lakes Publishing, publisher 1622 in the pubs database. Five Lakes Publishing is located in Chicago, Illinois.

This is sample text data for Five Lakes Publishing, publisher 1622 in the pubs database. Five Lakes Publishing is located in Chicago, Illinois.

This is sample text data for Five Lakes Publishing, publisher 1622 in the pubs database. Five Lakes Publishing is located in Chicago, Illinois.')

insert pub_info values('1756', 0x474946383961E3002500B30F00000000800000008000808000000080800080008080808080C0C0C0FF000000FF00FFFF000000FFFF00FF00FFFFFFFFFF21F9040100000F002C00000000E30025004004FFF0C949ABBD38EBCDBBFF60288E240858E705A4D2EA4E6E0CC7324DD1EB9CDBBAFCE1AC878DE7ABBD84476452C963369F2F288E933A595B404DB27834E67A5FEC37ACEC517D4EB24E5C8D069966361A5E8ED3C3DCA5AA54B9B2AE2D423082817F848286898386858754887B8A8D939094947E918B7D8780959E9D817C18986FA2A6A75A7B22A59B378E1DACAEB18F1940B6A8B8A853727AB5BD4E76676A37BFB9AF2A564D6BC0776E635BCE6DCFD2C3C873716879D4746C6053DA76E0DAB3A133D6D5B290929F9CEAEDEB6FA0C435EF9E97F59896EC28EEFA9DFF69A21C1BB4CA1E3E63084DB42B970FD6407D05C9E59298B0A2C58B18337AA0E88DA3468DC3FFD0692187A7982F5F2271B152162DE54795CEB0F0DAF8EBDA2A932F1FF203B38C484B6ED07674194ACD639679424B4EDB36279B4D3852FE1095266743955138C5209ADA6D5CB26DCDFC644DD351EACF804BCD32421A562DB6965F25AADD11B056BD7BA436C903E82A1D4A3D024769BAE777B0BB7887F51A0E022E9589BCFCE0DD6527597223C4917502ACBCF8D5E6C49F0B6FA60751A7C2748A3EE7DD6B70B5628F9A5873C6DB5936E57EB843C726043B95EBDE394F3584EC7096ED8DA60D86001EBCB9F3E72F99439F0E7DEC7297BA84D9924EFDB11A65566B8EFB510C7CC258DBB7779F7834A9756E6C97D114F95E5429F13CE5F7F9AAF51C996928604710FF544AFDC79717C10CD85157C6EDD75F7EB49C81D45C5EA9674E5BBBA065941BFB45F3D62D5E99E11488516568A15D1292255F635E8045E0520F3E15A0798DB5C5A08105EE52E3884C05255778E6F5C4A287CCB4D84D1D41CE08CD913C56656482EAEDE8E38D71B974553C199EC324573C3669237C585588E52D1ACE049F85521648659556CD83445D27C9F4D68501CE580E31748ED4948C0E3E88959B257C87E39D0A8EC5D812559234996A9EE5B6E864FE31BA5262971DE40FA5B75D9A487A9A79975C6AB5DD06EA6CCA9DB94FA6A1568AD8A4C33DBA6A5995EE5450AC0AA24A9C6DBAE9F6883CB48976D0ABA8D90AA9A88D6246C2ABA3FE8A1B43CA229B9C58AFC11E071AB1D1BE366DB5C9AE85DCA48595466B83AC95C61DA60D1146EEB3BB817ADA40A08CFBDBB2EB9972EB6EDB66D26D71768D5B2B1FEFC65B11AFA5FA96C93AF50AA6AFBEFE263C1DC0FCA2AB8AC210472C310A1100003B,
'This is sample text data for Ramona Publishers, publisher 1756 in the pubs database. Ramona Publishers is located in Dallas, Texas.')

insert pub_info values('9901', 0x4749463839615D002200B30F00000000800000008000808000000080800080008080808080C0C0C0FF000000FF00FFFF000000FFFF00FF00FFFFFFFFFF21F9040100000F002C000000005D0022004004FFF0C949ABBD38EBCDFB03DF078C249895A386AA68BB9E6E0ACE623ABD1BC9E9985DFFB89E8E366BED782C5332563ABA4245A6744AAD5AAF4D2276CBED5EA1D026C528B230CD38B2C92721D78CC4772526748F9F611EB28DE7AFE25E818283604A1E8788898A7385838E8F55856F6C2C1D86392F6B9730708D6C5477673758A3865E92627E94754E173697A6A975809368949BB2AE7B9A6865AA734F80A2A17DA576AA5BB667C290CDCE4379CFD2CE9ED3D6A7CCD7DAA4D9C79341C8B9DF5FC052A8DEBA9BB696767B9C7FD5B8BBF23EABB9706BCAE5F05AB7E6C4C7488DDAF7251BC062530EFE93638C5B3580ECD4951312C217C425E73E89D38709D79D810D393BD20A528CE0AA704AA2D4D3082E583C89BD2C2D720753E1C8922697D44CF6AE53BF6D4041750B4AD467C54548932A1D7374A9D3A789004400003B,
'This is sample text data for GGG&G, publisher 9901 in the pubs database. GGG&G is located in M?nchen, Germany.')

insert pub_info values('9952', 0x47494638396107012800B30F00000000800000008000808000000080800080008080808080C0C0C0FF000000FF00FFFF000000FFFF00FF00FFFFFFFFFF21F9040100000F002C00000000070128004004FFF0C949ABBD38EBCDBBFF60288E6469660005AC2C7BB56D05A7D24C4F339E3F765FC716980C3824F28418E4D1A552DA8ACCA5517A7B526F275912690D2A9BD11D14AB8B8257E7E9776BDEE452C2279C47A5CBEDEF2B3C3FBF9FC85981821D7D76868588878A898C8B838F1C8D928E733890829399949B979D9E9FA074A1A3A4A5A6A7458F583E69803F53AF4C62AD5E6DB13B6B3DAEAC6EBA64B365B26BB7ABBEB5C07FB428BCC4C8C1CCC7BBB065637C7A9B7BBE8CDADBDA8B7C31D9E1D88E2FA89E9AE9E49AE7EDA48DA2EEF2F3F4F597AEF6F9FAFBFC805D6CD28C0164C64D18BE3AAD88D87AA5C1DBC07FD59CE54293F0E0882AC39ED9CA2886E3308FB3FF262EBC726D591823204F2E0C09A4A3B32CFEACBC24198D86C48FD3E208D43832E3C0671A2D89737167281AA333219AC048D061499A3C83BEC8090BD84E5A99DE808B730DE9516B727CE85AE7C122BF73EAD29255CB76ADDBB6EC549C8504F7AD5DB37343A98D97576EDDBF7CFB0AEE8457EF5D4E83132BAEB1B8B1E3C749204B9EACB830E5CB984DE1F339A4E1CC88C93CB7D989D72234D1D3A672FEF85055C483C80A06742ADB664F3563119E417D5A8F52DFB1512AEC5D82E9C8662A477FB19A72B6F2E714413F8D0654AA75A8C4C648FDBC346ACDCD5487AFC439BE8BC8E8AA7F6BD77D2B7DF4E6C5882E57DFBDE2F56AEE6D87DFB8BFE06BE7E8F1C6CBCE4D2DC15751803C5956567EFA1D47A041E5F1176183CC1D571D21C2850396565CF5B1D5571D8AC21D08E099A15E85269E87207B1736B31E6FE620324E582116F5215178C86763518A9068DF7FE8C9C6207DCD0104A47B6B717388901EFA27238E3482454E43BB61E8D388F7FD44DD32473E79D43A527633232561E6F86536660256891699D175989A6F1A020A9C75C9D5E68274C619D79D91B5C5189F7906CA67297129D88F9E881A3AA83E8AB623E85E8B0EDAE89C892216E9A584B80318A69C7E3269A7A046FA69A8A4B6094004003B,
'This is sample text data for Scootney Books, publisher 9952 in the pubs database. Scootney Books is located in New York City, New York.')

insert pub_info values('9999', 0x474946383961A9002400B30F00000000800000008000808000000080800080008080808080C0C0C0FF000000FF00FFFF000000FFFF00FF00FFFFFFFFFF21F9040100000F002C00000000A90024004004FFF0C949ABBD38EBCDBBFF60F8011A609E67653EA8D48A702CCFF44566689ED67CEFFF23D58E7513B686444A6EA26B126FC8E74AC82421A7ABE5F4594D61B7BBF0D6F562719A68A07ACDC6389925749AFC6EDBEFBCA24D3E96E2FF803D7A1672468131736E494A8B5C848D8633834B916E598B657E4A83905F7D9B7B56986064A09BA2A68D63603A2E717C9487B2B3209CA7AD52594751B4BD80B65D75B799BEC5BFAF7CC6CACB6638852ACC409F901BD33EB6BCCDC1D1CEA9967B23C082C3709662A69FA4A591E7AE84D87A5FA0AB502F43AC5D74EB9367B0624593FA5CB101ED144173E5F4315AE8485B4287FCBE39E446B1624173FEAC59DC2809594623D9C3388A54E4ACD59C642353E2F098E919319530DD61C405C7CBCB9831C5E5A2192C244E983A3FFE1CDA21282CA248ABB18C25336952A389D689E489B0D24483243B66CD8775A315801AA5A60A6B2DAC074E3741D6BBA8902BA687E9A6D1A3B6D6D15C7460C77AA3E3E556D79EBAF4AAAAB2CFCF578671DFDE657598305D51F7BE5E5A25361ED3388EED0A84B2B7535D6072C1D62DB5588BE5CCA5B1BDA377B99E3CBE9EDA31944A951ADF7DB15263A1429B37BB7E429D8EC4D754B87164078F2B87012002003B,
'This is sample text data for Lucerne Publishing, publisher 9999 in the pubs database. Lucerne publishing is located in Paris, France.

This is sample text data for Lucerne Publishing, publisher 9999 in the pubs database. Lucerne publishing is located in Paris, France.

This is sample text data for Lucerne Publishing, publisher 9999 in the pubs database. Lucerne publishing is located in Paris, France.

This is sample text data for Lucerne Publishing, publisher 9999 in the pubs database. Lucerne publishing is located in Paris, France.')

INFO  Mar 18 23:05:35 net.sf.persism.BaseTest - 

raiserror('Now at the inserts to titles ....',0,1)


INFO  Mar 18 23:05:35 net.sf.persism.BaseTest - 
insert titles values ('PC8888', 'Secrets of Silicon Valley', 'popular_comp', '1389',
$20.00, $8000.00, 10, 4095,
'Muckraking reporting on the world''s largest computer hardware and software manufacturers.',
'06/12/94')

insert titles values ('BU1032', 'The Busy Executive''s Database Guide', 'business',
'1389', $19.99, $5000.00, 10, 4095,
'An overview of available database systems with emphasis on common business applications. Illustrated.',
'06/12/91')

insert titles values ('PS7777', 'Emotional Security: A New Algorithm', 'psychology',
'0736', $7.99, $4000.00, 10, 3336,
'Protecting yourself and your loved ones from undue emotional stress in the modern world. Use of computer and nutritional aids emphasized.',
'06/12/91')

insert titles values ('PS3333', 'Prolonged Data Deprivation: Four Case Studies',
'psychology', '0736', $19.99, $2000.00, 10, 4072,
'What happens when the data runs dry?  Searching evaluations of information-shortage effects.',
'06/12/91')

insert titles values ('BU1111', 'Cooking with Computers: Surreptitious Balance Sheets',
'business', '1389', $11.95, $5000.00, 10, 3876,
'Helpful hints on how to use your electronic resources to the best advantage.',
'06/09/91')

insert titles values ('MC2222', 'Silicon Valley Gastronomic Treats', 'mod_cook', '0877',
$19.99, $0.00, 12, 2032,
'Favorite recipes for quick, easy, and elegant meals.',
'06/09/91')

insert titles values ('TC7777', 'Sushi, Anyone?', 'trad_cook', '0877', $14.99, $8000.00,
10, 4095,
'Detailed instructions on how to make authentic Japanese sushi in your spare time.',
'06/12/91')

insert titles values ('TC4203', 'Fifty Years in Buckingham Palace Kitchens', 'trad_cook',
'0877', $11.95, $4000.00, 14, 15096,
'More anecdotes from the Queen''s favorite cook describing life among English royalty. Recipes, techniques, tender vignettes.',
'06/12/91')

insert titles values ('PC1035', 'But Is It User Friendly?', 'popular_comp', '1389',
$22.95, $7000.00, 16, 8780,
'A survey of software for the naive user, focusing on the ''friendliness'' of each.',
'06/30/91')

insert titles values('BU2075', 'You Can Combat Computer Stress!', 'business', '0736',
$2.99, $10125.00, 24, 18722,
'The latest medical and psychological techniques for living with the electronic office. Easy-to-understand explanations.',
'06/30/91')

insert titles values('PS2091', 'Is Anger the Enemy?', 'psychology', '0736', $10.95,
$2275.00, 12, 2045,
'Carefully researched study of the effects of strong emotions on the body. Metabolic charts included.',
'06/15/91')

insert titles values('PS2106', 'Life Without Fear', 'psychology', '0736', $7.00, $6000.00,
10, 111,
'New exercise, meditation, and nutritional techniques that can reduce the shock of daily interactions. Popular audience. Sample menus included, exercise video available separately.',
'10/05/91')

insert titles values('MC3021', 'The Gourmet Microwave', 'mod_cook', '0877', $2.99,
$15000.00, 24, 22246,
'Traditional French gourmet recipes adapted for modern microwave cooking.',
'06/18/91')

insert titles values('TC3218', 'Onions, Leeks, and Garlic: Cooking Secrets of the Mediterranean',
'trad_cook', '0877', $20.95, $7000.00, 10, 375,
'Profusely illustrated in color, this makes a wonderful gift book for a cuisine-oriented friend.',
'10/21/91')

insert titles (title_id, title, pub_id) values('MC3026',
'The Psychology of Computer Cooking', '0877')

insert titles values ('BU7832', 'Straight Talk About Computers', 'business', '1389',
$19.99, $5000.00, 10, 4095,
'Annotated analysis of what computers can do for you: a no-hype guide for the critical user.',
'06/22/91')

insert titles values('PS1372', 'Computer Phobic AND Non-Phobic Individuals: Behavior Variations',
'psychology', '0877', $21.59, $7000.00, 10, 375,
'A must for the specialist, this book examines the difference between those who hate and fear computers and those who don''t.',
'10/21/91')

insert titles (title_id, title, type, pub_id, notes) values('PC9999', 'Net Etiquette',
'popular_comp', '1389', 'A must-read for computer conferencing.')


INFO  Mar 18 23:05:36 net.sf.persism.BaseTest - 
raiserror('Now at the inserts to titleauthor ....',0,1)


INFO  Mar 18 23:05:36 net.sf.persism.BaseTest - 
insert titleauthor values('409-56-7008', 'BU1032', 1, 60)
insert titleauthor values('486-29-1786', 'PS7777', 1, 100)
insert titleauthor values('486-29-1786', 'PC9999', 1, 100)
insert titleauthor values('712-45-1867', 'MC2222', 1, 100)
insert titleauthor values('172-32-1176', 'PS3333', 1, 100)
insert titleauthor values('213-46-8915', 'BU1032', 2, 40)
insert titleauthor values('238-95-7766', 'PC1035', 1, 100)
insert titleauthor values('213-46-8915', 'BU2075', 1, 100)
insert titleauthor values('998-72-3567', 'PS2091', 1, 50)
insert titleauthor values('899-46-2035', 'PS2091', 2, 50)
insert titleauthor values('998-72-3567', 'PS2106', 1, 100)
insert titleauthor values('722-51-5454', 'MC3021', 1, 75)
insert titleauthor values('899-46-2035', 'MC3021', 2, 25)
insert titleauthor values('807-91-6654', 'TC3218', 1, 100)
insert titleauthor values('274-80-9391', 'BU7832', 1, 100)
insert titleauthor values('427-17-2319', 'PC8888', 1, 50)
insert titleauthor values('846-92-7186', 'PC8888', 2, 50)
insert titleauthor values('756-30-7391', 'PS1372', 1, 75)
insert titleauthor values('724-80-9391', 'PS1372', 2, 25)
insert titleauthor values('724-80-9391', 'BU1111', 1, 60)
insert titleauthor values('267-41-2394', 'BU1111', 2, 40)
insert titleauthor values('672-71-3249', 'TC7777', 1, 40)
insert titleauthor values('267-41-2394', 'TC7777', 2, 30)
insert titleauthor values('472-27-2349', 'TC7777', 3, 30)
insert titleauthor values('648-92-1872', 'TC4203', 1, 100)


INFO  Mar 18 23:05:36 net.sf.persism.BaseTest - 
raiserror('Now at the inserts to stores ....',0,1)


INFO  Mar 18 23:05:36 net.sf.persism.BaseTest - 
insert stores values('7066','Barnum''s','567 Pasadena Ave.','Tustin','CA','92789')
insert stores values('7067','News & Brews','577 First St.','Los Gatos','CA','96745')
insert stores values('7131','Doc-U-Mat: Quality Laundry and Books',
      '24-A Avogadro Way','Remulade','WA','98014')
insert stores values('8042','Bookbeat','679 Carson St.','Portland','OR','89076')
insert stores values('6380','Eric the Read Books','788 Catamaugus Ave.',
      'Seattle','WA','98056')
insert stores values('7896','Fricative Bookshop','89 Madison St.','Fremont','CA','90019')


INFO  Mar 18 23:05:36 net.sf.persism.BaseTest - 
raiserror('Now at the inserts to sales ....',0,1)


INFO  Mar 18 23:05:36 net.sf.persism.BaseTest - 
insert sales values('7066', 'QA7442.3', '09/13/94', 75, 'ON invoice','PS2091')
insert sales values('7067', 'D4482', '09/14/94', 10, 'Net 60','PS2091')
insert sales values('7131', 'N914008', '09/14/94', 20, 'Net 30','PS2091')
insert sales values('7131', 'N914014', '09/14/94', 25, 'Net 30','MC3021')
insert sales values('8042', '423LL922', '09/14/94', 15, 'ON invoice','MC3021')
insert sales values('8042', '423LL930', '09/14/94', 10, 'ON invoice','BU1032')
insert sales values('6380', '722a', '09/13/94', 3, 'Net 60','PS2091')
insert sales values('6380', '6871', '09/14/94', 5, 'Net 60','BU1032')
insert sales values('8042','P723', '03/11/93', 25, 'Net 30', 'BU1111')
insert sales values('7896','X999', '02/21/93', 35, 'ON invoice', 'BU2075')
insert sales values('7896','QQ2299', '10/28/93', 15, 'Net 60', 'BU7832')
insert sales values('7896','TQ456', '12/12/93', 10, 'Net 60', 'MC2222')
insert sales values('8042','QA879.1', '5/22/93', 30, 'Net 30', 'PC1035')
insert sales values('7066','A2976', '5/24/93', 50, 'Net 30', 'PC8888')
insert sales values('7131','P3087a', '5/29/93', 20, 'Net 60', 'PS1372')
insert sales values('7131','P3087a', '5/29/93', 25, 'Net 60', 'PS2106')
insert sales values('7131','P3087a', '5/29/93', 15, 'Net 60', 'PS3333')
insert sales values('7131','P3087a', '5/29/93', 25, 'Net 60', 'PS7777')
insert sales values('7067','P2121', '6/15/92', 40, 'Net 30', 'TC3218')
insert sales values('7067','P2121', '6/15/92', 20, 'Net 30', 'TC4203')
insert sales values('7067','P2121', '6/15/92', 20, 'Net 30', 'TC7777')


INFO  Mar 18 23:05:36 net.sf.persism.BaseTest - 
raiserror('Now at the inserts to roysched ....',0,1)


INFO  Mar 18 23:05:36 net.sf.persism.BaseTest - 
insert roysched values('BU1032', 0, 5000, 10)
insert roysched values('BU1032', 5001, 50000, 12)
insert roysched values('PC1035', 0, 2000, 10)
insert roysched values('PC1035', 2001, 3000, 12)
insert roysched values('PC1035', 3001, 4000, 14)
insert roysched values('PC1035', 4001, 10000, 16)
insert roysched values('PC1035', 10001, 50000, 18)
insert roysched values('BU2075', 0, 1000, 10)
insert roysched values('BU2075', 1001, 3000, 12)
insert roysched values('BU2075', 3001, 5000, 14)


INFO  Mar 18 23:05:36 net.sf.persism.BaseTest - 
insert roysched values('BU2075', 5001, 7000, 16)
insert roysched values('BU2075', 7001, 10000, 18)
insert roysched values('BU2075', 10001, 12000, 20)
insert roysched values('BU2075', 12001, 14000, 22)
insert roysched values('BU2075', 14001, 50000, 24)
insert roysched values('PS2091', 0, 1000, 10)
insert roysched values('PS2091', 1001, 5000, 12)
insert roysched values('PS2091', 5001, 10000, 14)
insert roysched values('PS2091', 10001, 50000, 16)
insert roysched values('PS2106', 0, 2000, 10)


INFO  Mar 18 23:05:37 net.sf.persism.BaseTest - 
insert roysched values('PS2106', 2001, 5000, 12)
insert roysched values('PS2106', 5001, 10000, 14)
insert roysched values('PS2106', 10001, 50000, 16)
insert roysched values('MC3021', 0, 1000, 10)
insert roysched values('MC3021', 1001, 2000, 12)
insert roysched values('MC3021', 2001, 4000, 14)
insert roysched values('MC3021', 4001, 6000, 16)
insert roysched values('MC3021', 6001, 8000, 18)
insert roysched values('MC3021', 8001, 10000, 20)
insert roysched values('MC3021', 10001, 12000, 22)


INFO  Mar 18 23:05:37 net.sf.persism.BaseTest - 
insert roysched values('MC3021', 12001, 50000, 24)
insert roysched values('TC3218', 0, 2000, 10)
insert roysched values('TC3218', 2001, 4000, 12)
insert roysched values('TC3218', 4001, 6000, 14)
insert roysched values('TC3218', 6001, 8000, 16)
insert roysched values('TC3218', 8001, 10000, 18)
insert roysched values('TC3218', 10001, 12000, 20)
insert roysched values('TC3218', 12001, 14000, 22)
insert roysched values('TC3218', 14001, 50000, 24)
insert roysched values('PC8888', 0, 5000, 10)
insert roysched values('PC8888', 5001, 10000, 12)


INFO  Mar 18 23:05:37 net.sf.persism.BaseTest - 
insert roysched values('PC8888', 10001, 15000, 14)
insert roysched values('PC8888', 15001, 50000, 16)
insert roysched values('PS7777', 0, 5000, 10)
insert roysched values('PS7777', 5001, 50000, 12)
insert roysched values('PS3333', 0, 5000, 10)
insert roysched values('PS3333', 5001, 10000, 12)
insert roysched values('PS3333', 10001, 15000, 14)
insert roysched values('PS3333', 15001, 50000, 16)
insert roysched values('BU1111', 0, 4000, 10)
insert roysched values('BU1111', 4001, 8000, 12)
insert roysched values('BU1111', 8001, 10000, 14)


INFO  Mar 18 23:05:37 net.sf.persism.BaseTest - 
insert roysched values('BU1111', 12001, 16000, 16)
insert roysched values('BU1111', 16001, 20000, 18)
insert roysched values('BU1111', 20001, 24000, 20)
insert roysched values('BU1111', 24001, 28000, 22)
insert roysched values('BU1111', 28001, 50000, 24)
insert roysched values('MC2222', 0, 2000, 10)
insert roysched values('MC2222', 2001, 4000, 12)
insert roysched values('MC2222', 4001, 8000, 14)
insert roysched values('MC2222', 8001, 12000, 16)


INFO  Mar 18 23:05:37 net.sf.persism.BaseTest - 
insert roysched values('MC2222', 12001, 20000, 18)
insert roysched values('MC2222', 20001, 50000, 20)
insert roysched values('TC7777', 0, 5000, 10)
insert roysched values('TC7777', 5001, 15000, 12)
insert roysched values('TC7777', 15001, 50000, 14)
insert roysched values('TC4203', 0, 2000, 10)
insert roysched values('TC4203', 2001, 8000, 12)
insert roysched values('TC4203', 8001, 16000, 14)
insert roysched values('TC4203', 16001, 24000, 16)
insert roysched values('TC4203', 24001, 32000, 18)


INFO  Mar 18 23:05:37 net.sf.persism.BaseTest - 
insert roysched values('TC4203', 32001, 40000, 20)
insert roysched values('TC4203', 40001, 50000, 22)
insert roysched values('BU7832', 0, 5000, 10)
insert roysched values('BU7832', 5001, 10000, 12)
insert roysched values('BU7832', 10001, 15000, 14)
insert roysched values('BU7832', 15001, 20000, 16)
insert roysched values('BU7832', 20001, 25000, 18)
insert roysched values('BU7832', 25001, 30000, 20)
insert roysched values('BU7832', 30001, 35000, 22)
insert roysched values('BU7832', 35001, 50000, 24)


INFO  Mar 18 23:05:37 net.sf.persism.BaseTest - 
insert roysched values('PS1372', 0, 10000, 10)
insert roysched values('PS1372', 10001, 20000, 12)
insert roysched values('PS1372', 20001, 30000, 14)
insert roysched values('PS1372', 30001, 40000, 16)
insert roysched values('PS1372', 40001, 50000, 18)


INFO  Mar 18 23:05:38 net.sf.persism.BaseTest - 
raiserror('Now at the inserts to discounts ....',0,1)


INFO  Mar 18 23:05:38 net.sf.persism.BaseTest - 
insert discounts values('Initial Customer', NULL, NULL, NULL, 10.5)
insert discounts values('Volume Discount', NULL, 100, 1000, 6.7)
insert discounts values('Customer Discount', '8042', NULL, NULL, 5.0)


INFO  Mar 18 23:05:38 net.sf.persism.BaseTest - 
raiserror('Now at the inserts to jobs ....',0,1)


INFO  Mar 18 23:05:38 net.sf.persism.BaseTest - 
insert jobs values ('New Hire - Job not specified', 10, 10)
insert jobs values ('Chief Executive Officer', 200, 250)
insert jobs values ('Business Operations Manager', 175, 225)
insert jobs values ('Chief Financial Officier', 175, 250)
insert jobs values ('Publisher', 150, 250)
insert jobs values ('Managing Editor', 140, 225)
insert jobs values ('Marketing Manager', 120, 200)
insert jobs values ('Public Relations Manager', 100, 175)
insert jobs values ('Acquisitions Manager', 75, 175)
insert jobs values ('Productions Manager', 75, 165)
insert jobs values ('Operations Manager', 75, 150)
insert jobs values ('Editor', 25, 100)
insert jobs values ('Sales Representative', 25, 100)
insert jobs values ('Designer', 25, 100)


INFO  Mar 18 23:05:38 net.sf.persism.BaseTest - 
raiserror('Now at the inserts to employee ....',0,1)


INFO  Mar 18 23:05:38 net.sf.persism.BaseTest - 
insert employee values ('PTC11962M', 'Philip', 'T', 'Cramer', 2, 215, '9952', '11/11/89')
insert employee values ('AMD15433F', 'Ann', 'M', 'Devon', 3, 200, '9952', '07/16/91')
insert employee values ('F-C16315M', 'Francisco', '', 'Chang', 4, 227, '9952', '11/03/90')
insert employee values ('LAL21447M', 'Laurence', 'A', 'Lebihan', 5, 175, '0736', '06/03/90')
insert employee values ('PXH22250M', 'Paul', 'X', 'Henriot', 5, 159, '0877', '08/19/93')
insert employee values ('SKO22412M', 'Sven', 'K', 'Ottlieb', 5, 150, '1389', '04/05/91')
insert employee values ('RBM23061F', 'Rita', 'B', 'Muller', 5, 198, '1622', '10/09/93')
insert employee values ('MJP25939M', 'Maria', 'J', 'Pontes', 5, 246, '1756', '03/01/89')
insert employee values ('JYL26161F', 'Janine', 'Y', 'Labrune', 5, 172, '9901', '05/26/91')
insert employee values ('CFH28514M', 'Carlos', 'F', 'Hernadez', 5, 211, '9999', '04/21/89')
insert employee values ('VPA30890F', 'Victoria', 'P', 'Ashworth', 6, 140, '0877', '09/13/90')
insert employee values ('L-B31947F', 'Lesley', '', 'Brown', 7, 120, '0877', '02/13/91')
insert employee values ('ARD36773F', 'Anabela', 'R', 'Domingues', 8, 100, '0877', '01/27/93')
insert employee values ('M-R38834F', 'Martine', '', 'Rance', 9, 75, '0877', '02/05/92')
insert employee values ('PHF38899M', 'Peter', 'H', 'Franken', 10, 75, '0877', '05/17/92')
insert employee values ('DBT39435M', 'Daniel', 'B', 'Tonini', 11, 75, '0877', '01/01/90')
insert employee values ('H-B39728F', 'Helen', '', 'Bennett', 12, 35, '0877', '09/21/89')
insert employee values ('PMA42628M', 'Paolo', 'M', 'Accorti', 13, 35, '0877', '08/27/92')
insert employee values ('ENL44273F', 'Elizabeth', 'N', 'Lincoln', 14, 35, '0877', '07/24/90')


INFO  Mar 18 23:05:38 net.sf.persism.BaseTest - 
insert employee values ('MGK44605M', 'Matti', 'G', 'Karttunen', 6, 220, '0736', '05/01/94')
insert employee values ('PDI47470M', 'Palle', 'D', 'Ibsen', 7, 195, '0736', '05/09/93')
insert employee values ('MMS49649F', 'Mary', 'M', 'Saveley', 8, 175, '0736', '06/29/93')
insert employee values ('GHT50241M', 'Gary', 'H', 'Thomas', 9, 170, '0736', '08/09/88')
insert employee values ('MFS52347M', 'Martin', 'F', 'Sommer', 10, 165, '0736', '04/13/90')
insert employee values ('R-M53550M', 'Roland', '', 'Mendel', 11, 150, '0736', '09/05/91')
insert employee values ('HAS54740M', 'Howard', 'A', 'Snyder', 12, 100, '0736', '11/19/88')
insert employee values ('TPO55093M', 'Timothy', 'P', 'O''Rourke', 13, 100, '0736', '06/19/88')
insert employee values ('KFJ64308F', 'Karin', 'F', 'Josephs', 14, 100, '0736', '10/17/92')
insert employee values ('DWR65030M', 'Diego', 'W', 'Roel', 6, 192, '1389', '12/16/91')
insert employee values ('M-L67958F', 'Maria', '', 'Larsson', 7, 135, '1389', '03/27/92')
insert employee values ('PSP68661F', 'Paula', 'S', 'Parente', 8, 125, '1389', '01/19/94')
insert employee values ('MAS70474F', 'Margaret', 'A', 'Smith', 9, 78, '1389', '09/29/88')
insert employee values ('A-C71970F', 'Aria', '', 'Cruz', 10, 87, '1389', '10/26/91')
insert employee values ('MAP77183M', 'Miguel', 'A', 'Paolino', 11, 112, '1389', '12/07/92')
insert employee values ('Y-L77953M', 'Yoshi', '', 'Latimer', 12, 32, '1389', '06/11/89')
insert employee values ('CGS88322F', 'Carine', 'G', 'Schmitt', 13, 64, '1389', '07/07/92')
insert employee values ('PSA89086M', 'Pedro', 'S', 'Afonso', 14, 89, '1389', '12/24/90')
insert employee values ('A-R89858F', 'Annette', '', 'Roulet', 6, 152, '9999', '02/21/90')
insert employee values ('HAN90777M', 'Helvetius', 'A', 'Nagy', 7, 120, '9999', '03/19/93')
insert employee values ('M-P91209M', 'Manuel', '', 'Pereira', 8, 101, '9999', '01/09/89')
insert employee values ('KJJ92907F', 'Karla', 'J', 'Jablonski', 9, 170, '9999', '03/11/94')
insert employee values ('POK93028M', 'Pirkko', 'O', 'Koskitalo', 10, 80, '9999', '11/29/93')
insert employee values ('PCM98509F', 'Patricia', 'C', 'McKenna', 11, 150, '9999', '08/01/89')

INFO  Mar 18 23:05:38 net.sf.persism.BaseTest - 
raiserror('Now at the create index section ....',0,1) with nowait


INFO  Mar 18 23:05:39 net.sf.persism.BaseTest - 
CREATE CLUSTERED INDEX employee_ind ON employee(lname, fname, minit)


INFO  Mar 18 23:05:39 net.sf.persism.BaseTest - 
CREATE NONCLUSTERED INDEX aunmind ON authors (au_lname, au_fname)

INFO  Mar 18 23:05:39 net.sf.persism.BaseTest - CREATE NONCLUSTERED INDEX titleidind ON sales (title_id)

INFO  Mar 18 23:05:39 net.sf.persism.BaseTest - CREATE NONCLUSTERED INDEX titleind ON titles (title)

INFO  Mar 18 23:05:39 net.sf.persism.BaseTest - CREATE NONCLUSTERED INDEX auidind ON titleauthor (au_id)

INFO  Mar 18 23:05:39 net.sf.persism.BaseTest - CREATE NONCLUSTERED INDEX titleidind ON titleauthor (title_id)

INFO  Mar 18 23:05:39 net.sf.persism.BaseTest - CREATE NONCLUSTERED INDEX titleidind ON roysched (title_id)

INFO  Mar 18 23:05:39 net.sf.persism.BaseTest - 
raiserror('Now at the create view section ....',0,1)


INFO  Mar 18 23:05:39 net.sf.persism.BaseTest - 
CREATE VIEW titleview
AS
select title, au_ord, au_lname, price, ytd_sales, pub_id
from authors, titles, titleauthor
where authors.au_id = titleauthor.au_id
   AND titles.title_id = titleauthor.title_id


INFO  Mar 18 23:05:39 net.sf.persism.BaseTest - 
raiserror('Now at the create procedure section ....',0,1)


INFO  Mar 18 23:05:39 net.sf.persism.BaseTest - 
CREATE PROCEDURE byroyalty @percentage int
AS
select au_id from titleauthor
where titleauthor.royaltyper = @percentage


INFO  Mar 18 23:05:39 net.sf.persism.BaseTest - 
CREATE PROCEDURE reptq1 AS
select
	case when grouping(pub_id) = 1 then 'ALL' else pub_id end as pub_id,
	avg(price) as avg_price
from titles
where price is NOT NULL
group by pub_id with rollup
order by pub_id


INFO  Mar 18 23:05:39 net.sf.persism.BaseTest - 
CREATE PROCEDURE reptq2 AS
select
	case when grouping(type) = 1 then 'ALL' else type end as type,
	case when grouping(pub_id) = 1 then 'ALL' else pub_id end as pub_id,
	avg(ytd_sales) as avg_ytd_sales
from titles
where pub_id is NOT NULL
group by pub_id, type with rollup


INFO  Mar 18 23:05:39 net.sf.persism.BaseTest - 
CREATE PROCEDURE reptq3 @lolimit money, @hilimit money,
@type char(12)
AS
select
	case when grouping(pub_id) = 1 then 'ALL' else pub_id end as pub_id,
	case when grouping(type) = 1 then 'ALL' else type end as type,
	count(title_id) as cnt
from titles
where price >@lolimit AND price <@hilimit AND type = @type OR type LIKE '%cook%'
group by pub_id, type with rollup


INFO  Mar 18 23:05:39 net.sf.persism.BaseTest - 
UPDATE STATISTICS publishers
UPDATE STATISTICS employee
UPDATE STATISTICS jobs
UPDATE STATISTICS pub_info
UPDATE STATISTICS titles
UPDATE STATISTICS authors
UPDATE STATISTICS titleauthor
UPDATE STATISTICS sales
UPDATE STATISTICS roysched
UPDATE STATISTICS stores
UPDATE STATISTICS discounts


INFO  Mar 18 23:05:39 net.sf.persism.BaseTest - 
CHECKPOINT


INFO  Mar 18 23:05:39 net.sf.persism.BaseTest - 
USE master


INFO  Mar 18 23:05:39 net.sf.persism.BaseTest - 
CHECKPOINT


INFO  Mar 18 23:05:40 net.sf.persism.BaseTest - 
declare @dttm varchar(55)
select  @dttm=convert(varchar,getdate(),113)
raiserror('Ending InstPubs.SQL at %s ....',1,1,@dttm) with nowait


INFO  Mar 18 23:05:40 net.sf.persism.BaseTest - 

INFO  Mar 18 23:05:40 net.sf.persism.BaseTest - USE PUBS
INFO  Mar 18 23:05:42 net.sf.persism.TestPubs - Author{authorId=888-11-8888, lastName='Howard', firstName='Dan', phone='UNKNOWN     ', address='123 Sesame Street', city='MTL', state='OH', postalCode='45143', contract=true}
ERROR Mar 18 23:05:42 net.sf.persism.TestPubs - The UPDATE statement conflicted with the CHECK constraint "CK__authors__zip__38996AB5". The conflict occurred in database "pubs", table "dbo.authors", column 'zip'.
INFO  Mar 18 23:05:42 net.sf.persism.TestPubs - 24
INFO  Mar 18 23:05:42 net.sf.persism.TestPubs - [PublisherInfo{id='0736', information='This is sample text data for New Moon Books, publisher 0736 in the pubs database. New Moon Books is located in Boston, Massachusetts.

This is sample text data for New Moon Books, publisher 0736 in the pubs database. New Moon Books is located in Boston, Massachusetts.

This is sample text data for New Moon Books, publisher 0736 in the pubs database. New Moon Books is located in Boston, Massachusetts.

This is sample text data for New Moon Books, publisher 0736 in the pubs database. New Moon Books is located in Boston, Massachusetts.

This is sample text data for New Moon Books, publisher 0736 in the pubs database. New Moon Books is located in Boston, Massachusetts.

This is sample text data for New Moon Books, publisher 0736 in the pubs database. New Moon Books is located in Boston, Massachusetts.

This is sample text data for New Moon Books, publisher 0736 in the pubs database. New Moon Books is located in Boston, Massachusetts.

This is sample text data for New Moon Books, publisher 0736 in the pubs database. New Moon Books is located in Boston, Massachusetts.

This is sample text data for New Moon Books, publisher 0736 in the pubs database. New Moon Books is located in Boston, Massachusetts.

This is sample text data for New Moon Books, publisher 0736 in the pubs database. New Moon Books is located in Boston, Massachusetts.

This is sample text data for New Moon Books, publisher 0736 in the pubs database. New Moon Books is located in Boston, Massachusetts.

This is sample text data for New Moon Books, publisher 0736 in the pubs database. New Moon Books is located in Boston, Massachusetts.

This is sample text data for New Moon Books, publisher 0736 in the pubs database. New Moon Books is located in Boston, Massachusetts.

This is sample text data for New Moon Books, publisher 0736 in the pubs database. New Moon Books is located in Boston, Massachusetts.

This is sample text data for New Moon Books, publisher 0736 in the pubs database. New Moon Books is located in Boston, Massachusetts.

This is sample text data for New Moon Books, publisher 0736 in the pubs database. New Moon Books is located in Boston, Massachusetts.

This is sample text data for New Moon Books, publisher 0736 in the pubs database. New Moon Books is located in Boston, Massachusetts.

This is sample text data for New Moon Books, publisher 0736 in the pubs database. New Moon Books is located in Boston, Massachusetts.

This is sample text data for New Moon Books, publisher 0736 in the pubs database. New Moon Books is located in Boston, Massachusetts.

This is sample text data for New Moon Books, publisher 0736 in the pubs database. New Moon Books is located in Boston, Massachusetts.

This is sample text data for New Moon Books, publisher 0736 in the pubs database. New Moon Books is located in Boston, Massachusetts.

This is sample text data for New Moon Books, publisher 0736 in the pubs database. New Moon Books is located in Boston, Massachusetts.

This is sample text data for New Moon Books, publisher 0736 in the pubs database. New Moon Books is located in Boston, Massachusetts.

This is sample text data for New Moon Books, publisher 0736 in the pubs database. New Moon Books is located in Boston, Massachusetts.

This is sample text data for New Moon Books, publisher 0736 in the pubs database. New Moon Books is located in Boston, Massachusetts.

This is sample text data for New Moon Books, publisher 0736 in the pubs database. New Moon Books is located in Boston, Massachusetts.

This is sample text data for New Moon Books, publisher 0736 in the pubs database. New Moon Books is located in Boston, Massachusetts.

This is sample text data for New Moon Books, publisher 0736 in the pubs database. New Moon Books is located in Boston, Massachusetts.

This is sample text data for New Moon Books, publisher 0736 in the pubs database. New Moon Books is located in Boston, Massachusetts.

This is sample text data for New Moon Books, publisher 0736 in the pubs database. New Moon Books is located in Boston, Massachusetts.

This is sample text data for New Moon Books, publisher 0736 in the pubs database. New Moon Books is located in Boston, Massachusetts.

This is sample text data for New Moon Books, publisher 0736 in the pubs database. New Moon Books is located in Boston, Massachusetts.

This is sample text data for New Moon Books, publisher 0736 in the pubs database. New Moon Books is located in Boston, Massachusetts.

This is sample text data for New Moon Books, publisher 0736 in the pubs database. New Moon Books is located in Boston, Massachusetts.

This is sample text data for New Moon Books, publisher 0736 in the pubs database. New Moon Books is located in Boston, Massachusetts.

This is sample text data for New Moon Books, publisher 0736 in the pubs database. New Moon Books is located in Boston, Massachusetts.

This is sample text data for New Moon Books, publisher 0736 in the pubs database. New Moon Books is located in Boston, Massachusetts.

This is sample text data for New Moon Books, publisher 0736 in the pubs database. New Moon Books is located in Boston, Massachusetts.

This is sample text data for New Moon Books, publisher 0736 in the pubs database. New Moon Books is located in Boston, Massachusetts.

This is sample text data for New Moon Books, publisher 0736 in the pubs database. New Moon Books is located in Boston, Massachusetts.

This is sample text data for New Moon Books, publisher 0736 in the pubs database. New Moon Books is located in Boston, Massachusetts.

This is sample text data for New Moon Books, publisher 0736 in the pubs database. New Moon Books is located in Boston, Massachusetts.

This is sample text data for New Moon Books, publisher 0736 in the pubs database. New Moon Books is located in Boston, Massachusetts.

This is sample text data for New Moon Books, publisher 0736 in the pubs database. New Moon Books is located in Boston, Massachusetts.

This is sample text data for New Moon Books, publisher 0736 in the pubs database. New Moon Books is located in Boston, Massachusetts.

This is sample text data for New Moon Books, publisher 0736 in the pubs database. New Moon Books is located in Boston, Massachusetts.

This is sample text data for New Moon Books, publisher 0736 in the pubs database. New Moon Books is located in Boston, Massachusetts.

This is sample text data for New Moon Books, publisher 0736 in the pubs database. New Moon Books is located in Boston, Massachusetts.

This is sample text data for New Moon Books, publisher 0736 in the pubs database. New Moon Books is located in Boston, Massachusetts.

This is sample text data for New Moon Books, publisher 0736 in the pubs database. New Moon Books is located in Boston, Massachusetts.

This is sample text data for New Moon Books, publisher 0736 in the pubs database. New Moon Books is located in Boston, Massachusetts.

This is sample text data for New Moon Books, publisher 0736 in the pubs database. New Moon Books is located in Boston, Massachusetts.

This is sample text data for New Moon Books, publisher 0736 in the pubs database. New Moon Books is located in Boston, Massachusetts.

This is sample text data for New Moon Books, publisher 0736 in the pubs database. New Moon Books is located in Boston, Massachusetts.

This is sample text data for New Moon Books, publisher 0736 in the pubs database. New Moon Books is located in Boston, Massachusetts.

This is sample text data for New Moon Books, publisher 0736 in the pubs database. New Moon Books is located in Boston, Massachusetts.

This is sample text data for New Moon Books, publisher 0736 in the pubs database. New Moon Books is located in Boston, Massachusetts.

This is sample text data for New Moon Books, publisher 0736 in the pubs database. New Moon Books is located in Boston, Massachusetts.

This is sample text data for New Moon Books, publisher 0736 in the pubs database. New Moon Books is located in Boston, Massachusetts.

This is sample text data for New Moon Books, publisher 0736 in the pubs database. New Moon Books is located in Boston, Massachusetts.

This is sample text data for New Moon Books, publisher 0736 in the pubs database. New Moon Books is located in Boston, Massachusetts.

This is sample text data for New Moon Books, publisher 0736 in the pubs database. New Moon Books is located in Boston, Massachusetts.

This is sample text data for New Moon Books, publisher 0736 in the pubs database. New Moon Books is located in Boston, Massachusetts.

This is sample text data for New Moon Books, publisher 0736 in the pubs database. New Moon Books is located in Boston, Massachusetts.

This is sample text data for New Moon Books, publisher 0736 in the pubs database. New Moon Books is located in Boston, Massachusetts.

This is sample text data for New Moon Books, publisher 0736 in the pubs database. New Moon Books is located in Boston, Massachusetts.

This is sample text data for New Moon Books, publisher 0736 in the pubs database. New Moon Books is located in Boston, Massachusetts.

This is sample text data for New Moon Books, publisher 0736 in the pubs database. New Moon Books is located in Boston, Massachusetts.

This is sample text data for New Moon Books, publisher 0736 in the pubs database. New Moon Books is located in Boston, Massachusetts.

This is sample text data for New Moon Books, publisher 0736 in the pubs database. New Moon Books is located in Boston, Massachusetts.

This is sample text data for New Moon Books, publisher 0736 in the pubs database. New Moon Books is located in Boston, Massachusetts.

This is sample text data for New Moon Books, publisher 0736 in the pubs database. New Moon Books is located in Boston, Massachusetts.

This is sample text data for New Moon Books, publisher 0736 in the pubs database. New Moon Books is located in Boston, Massachusetts.

This is sample text data for New Moon Books, publisher 0736 in the pubs database. New Moon Books is located in Boston, Massachusetts.

This is sample text data for New Moon Books, publisher 0736 in the pubs database. New Moon Books is located in Boston, Massachusetts.

This is sample text data for New Moon Books, publisher 0736 in the pubs database. New Moon Books is located in Boston, Massachusetts.

This is sample text data for New Moon Books, publisher 0736 in the pubs database. New Moon Books is located in Boston, Massachusetts.

This is sample text data for New Moon Books, publisher 0736 in the pubs database. New Moon Books is located in Boston, Massachusetts.

This is sample text data for New Moon Books, publisher 0736 in the pubs database. New Moon Books is located in Boston, Massachusetts.

This is sample text data for New Moon Books, publisher 0736 in the pubs database. New Moon Books is located in Boston, Massachusetts.

This is sample text data for New Moon Books, publisher 0736 in the pubs database. New Moon Books is located in Boston, Massachusetts.

This is sample text data for New Moon Books, publisher 0736 in the pubs database. New Moon Books is located in Boston, Massachusetts.

This is sample text data for New Moon Books, publisher 0736 in the pubs database. New Moon Books is located in Boston, Massachusetts.

This is sample text data for New Moon Books, publisher 0736 in the pubs database. New Moon Books is located in Boston, Massachusetts.

This is sample text data for New Moon Books, publisher 0736 in the pubs database. New Moon Books is located in Boston, Massachusetts.

This is sample text data for New Moon Books, publisher 0736 in the pubs database. New Moon Books is located in Boston, Massachusetts.

This is sample text data for New Moon Books, publisher 0736 in the pubs database. New Moon Books is located in Boston, Massachusetts.

This is sample text data for New Moon Books, publisher 0736 in the pubs database. New Moon Books is located in Boston, Massachusetts.

This is sample text data for New Moon Books, publisher 0736 in the pubs database. New Moon Books is located in Boston, Massachusetts.

This is sample text data for New Moon Books, publisher 0736 in the pubs database. New Moon Books is located in Boston, Massachusetts.

This is sample text data for New Moon Books, publisher 0736 in the pubs database. New Moon Books is located in Boston, Massachusetts.

This is sample text data for New Moon Books, publisher 0736 in the pubs database. New Moon Books is located in Boston, Massachusetts.

This is sample text data for New Moon Books, publisher 0736 in the pubs database. New Moon Books is located in Boston, Massachusetts.

This is sample text data for New Moon Books, publisher 0736 in the pubs database. New Moon Books is located in Boston, Massachusetts.

This is sample text data for New Moon Books, publisher 0736 in the pubs database. New Moon Books is located in Boston, Massachusetts.

This is sample text data for New Moon Books, publisher 0736 in the pubs database. New Moon Books is located in Boston, Massachusetts.

This is sample text data for New Moon Books, publisher 0736 in the pubs database. New Moon Books is located in Boston, Massachusetts.

This is sample text data for New Moon Books, publisher 0736 in the pubs database. New Moon Books is located in Boston, Massachusetts.

This is sample text data for New Moon Books, publisher 0736 in the pubs database. New Moon Books is located in Boston, Massachusetts.

This is sample text data for New Moon Books, publisher 0736 in the pubs database. New Moon Books is located in Boston, Massachusetts.

This is sample text data for New Moon Books, publisher 0736 in the pubs database. New Moon Books is located in Boston, Massachusetts.

This is sample text data for New Moon Books, publisher 0736 in the pubs database. New Moon Books is located in Boston, Massachusetts.

This is sample text data for New Moon Books, publisher 0736 in the pubs database. New Moon Books is located in Boston, Massachusetts.

This is sample text data for New Moon Books, publisher 0736 in the pubs database. New Moon Books is located in Boston, Massachusetts.

This is sample text data for New Moon Books, publisher 0736 in the pubs database. New Moon Books is located in Boston, Massachusetts.

This is sample text data for New Moon Books, publisher 0736 in the pubs database. New Moon Books is located in Boston, Massachusetts.

This is sample text data for New Moon Books, publisher 0736 in the pubs database. New Moon Books is located in Boston, Massachusetts.

This is sample text data for New Moon Books, publisher 0736 in the pubs database. New Moon Books is located in Boston, Massachusetts.

This is sample text data for New Moon Books, publisher 0736 in the pubs database. New Moon Books is located in Boston, Massachusetts.

This is sample text data for New Moon Books, publisher 0736 in the pubs database. New Moon Books is located in Boston, Massachusetts.

This is sample text data for New Moon Books, publisher 0736 in the pubs database. New Moon Books is located in Boston, Massachusetts.

This is sample text data for New Moon Books, publisher 0736 in the pubs database. New Moon Books is located in Boston, Massachusetts.

This is sample text data for New Moon Books, publisher 0736 in the pubs database. New Moon Books is located in Boston, Massachusetts.

This is sample text data for New Moon Books, publisher 0736 in the pubs database. New Moon Books is located in Boston, Massachusetts.

This is sample text data for New Moon Books, publisher 0736 in the pubs database. New Moon Books is located in Boston, Massachusetts.

This is sample text data for New Moon Books, publisher 0736 in the pubs database. New Moon Books is located in Boston, Massachusetts.

This is sample text data for New Moon Books, publisher 0736 in the pubs database. New Moon Books is located in Boston, Massachusetts.

This is sample text data for New Moon Books, publisher 0736 in the pubs database. New Moon Books is located in Boston, Massachusetts.

This is sample text data for New Moon Books, publisher 0736 in the pubs database. New Moon Books is located in Boston, Massachusetts.

This is sample text data for New Moon Books, publisher 0736 in the pubs database. New Moon Books is located in Boston, Massachusetts.

This is sample text data for New Moon Books, publisher 0736 in the pubs database. New Moon Books is located in Boston, Massachusetts.

This is sample text data for New Moon Books, publisher 0736 in the pubs database. New Moon Books is located in Boston, Massachusetts.

This is sample text data for New Moon Books, publisher 0736 in the pubs database. New Moon Books is located in Boston, Massachusetts.

This is sample text data for New Moon Books, publisher 0736 in the pubs database. New Moon Books is located in Boston, Massachusetts.

This is sample text data for New Moon Books, publisher 0736 in the pubs database. New Moon Books is located in Boston, Massachusetts.

This is sample text data for New Moon Books, publisher 0736 in the pubs database. New Moon Books is located in Boston, Massachusetts.

This is sample text data for New Moon Books, publisher 0736 in the pubs database. New Moon Books is located in Boston, Massachusetts.

This is sample text data for New Moon Books, publisher 0736 in the pubs database. New Moon Books is located in Boston, Massachusetts.

This is sample text data for New Moon Books, publisher 0736 in the pubs database. New Moon Books is located in Boston, Massachusetts.

This is sample text data for New Moon Books, publisher 0736 in the pubs database. New Moon Books is located in Boston, Massachusetts.

This is sample text data for New Moon Books, publisher 0736 in the pubs database. New Moon Books is located in Boston, Massachusetts.

This is sample text data for New Moon Books, publisher 0736 in the pubs database. New Moon Books is located in Boston, Massachusetts.

This is sample text data for New Moon Books, publisher 0736 in the pubs database. New Moon Books is located in Boston, Massachusetts.

This is sample text data for New Moon Books, publisher 0736 in the pubs database. New Moon Books is located in Boston, Massachusetts.

This is sample text data for New Moon Books, publisher 0736 in the pubs database. New Moon Books is located in Boston, Massachusetts.

This is sample text data for New Moon Books, publisher 0736 in the pubs database. New Moon Books is located in Boston, Massachusetts.

This is sample text data for New Moon Books, publisher 0736 in the pubs database. New Moon Books is located in Boston, Massachusetts.

This is sample text data for New Moon Books, publisher 0736 in the pubs database. New Moon Books is located in Boston, Massachusetts.

This is sample text data for New Moon Books, publisher 0736 in the pubs database. New Moon Books is located in Boston, Massachusetts.

This is sample text data for New Moon Books, publisher 0736 in the pubs database. New Moon Books is located in Boston, Massachusetts.

This is sample text data for New Moon Books, publisher 0736 in the pubs database. New Moon Books is located in Boston, Massachusetts.

This is sample text data for New Moon Books, publisher 0736 in the pubs database. New Moon Books is located in Boston, Massachusetts.

This is sample text data for New Moon Books, publisher 0736 in the pubs database. New Moon Books is located in Boston, Massachusetts.

This is sample text data for New Moon Books, publisher 0736 in the pubs database. New Moon Books is located in Boston, Massachusetts.

This is sample text data for New Moon Books, publisher 0736 in the pubs database. New Moon Books is located in Boston, Massachusetts.

This is sample text data for New Moon Books, publisher 0736 in the pubs database. New Moon Books is located in Boston, Massachusetts.

This is sample text data for New Moon Books, publisher 0736 in the pubs database. New Moon Books is located in Boston, Massachusetts.

This is sample text data for New Moon Books, publisher 0736 in the pubs database. New Moon Books is located in Boston, Massachusetts.

This is sample text data for New Moon Books, publisher 0736 in the pubs database. New Moon Books is located in Boston, Massachusetts.

This is sample text data for New Moon Books, publisher 0736 in the pubs database. New Moon Books is located in Boston, Massachusetts.

This is sample text data for New Moon Books, publisher 0736 in the pubs database. New Moon Books is located in Boston, Massachusetts.

This is sample text data for New Moon Books, publisher 0736 in the pubs database. New Moon Books is located in Boston, Massachusetts.

This is sample text data for New Moon Books, publisher 0736 in the pubs database. New Moon Books is located in Boston, Massachusetts.

This is sample text data for New Moon Books, publisher 0736 in the pubs database. New Moon Books is located in Boston, Massachusetts.

This is sample text data for New Moon Books, publisher 0736 in the pubs database. New Moon Books is located in Boston, Massachusetts.

This is sample text data for New Moon Books, publisher 0736 in the pubs database. New Moon Books is located in Boston, Massachusetts.

This is sample text data for New Moon Books, publisher 0736 in the pubs database. New Moon Books is located in Boston, Massachusetts.

This is sample text data for New Moon Books, publisher 0736 in the pubs database. New Moon Books is located in Boston, Massachusetts.

This is sample text data for New Moon Books, publisher 0736 in the pubs database. New Moon Books is located in Boston, Massachusetts.

This is sample text data for New Moon Books, publisher 0736 in the pubs database. New Moon Books is located in Boston, Massachusetts.

This is sample text data for New Moon Books, publisher 0736 in the pubs database. New Moon Books is located in Boston, Massachusetts.

This is sample text data for New Moon Books, publisher 0736 in the pubs database. New Moon Books is located in Boston, Massachusetts.

This is sample text data for New Moon Books, publisher 0736 in the pubs database. New Moon Books is located in Boston, Massachusetts.

This is sample text data for New Moon Books, publisher 0736 in the pubs database. New Moon Books is located in Boston, Massachusetts.

This is sample text data for New Moon Books, publisher 0736 in the pubs database. New Moon Books is located in Boston, Massachusetts.

This is sample text data for New Moon Books, publisher 0736 in the pubs database. New Moon Books is located in Boston, Massachusetts.

This is sample text data for New Moon Books, publisher 0736 in the pubs database. New Moon Books is located in Boston, Massachusetts.

This is sample text data for New Moon Books, publisher 0736 in the pubs database. New Moon Books is located in Boston, Massachusetts.

This is sample text data for New Moon Books, publisher 0736 in the pubs database. New Moon Books is located in Boston, Massachusetts.

This is sample text data for New Moon Books, publisher 0736 in the pubs database. New Moon Books is located in Boston, Massachusetts.

This is sample text data for New Moon Books, publisher 0736 in the pubs database. New Moon Books is located in Boston, Massachusetts.

This is sample text data for New Moon Books, publisher 0736 in the pubs database. New Moon Books is located in Boston, Massachusetts.

This is sample text data for New Moon Books, publisher 0736 in the pubs database. New Moon Books is located in Boston, Massachusetts.

This is sample text data for New Moon Books, publisher 0736 in the pubs database. New Moon Books is located in Boston, Massachusetts.

This is sample text data for New Moon Books, publisher 0736 in the pubs database. New Moon Books is located in Boston, Massachusetts.

This is sample text data for New Moon Books, publisher 0736 in the pubs database. New Moon Books is located in Boston, Massachusetts.

This is sample text data for New Moon Books, publisher 0736 in the pubs database. New Moon Books is located in Boston, Massachusetts.

This is sample text data for New Moon Books, publisher 0736 in the pubs database. New Moon Books is located in Boston, Massachusetts.

This is sample text data for New Moon Books, publisher 0736 in the pubs database. New Moon Books is located in Boston, Massachusetts.

This is sample text data for New Moon Books, publisher 0736 in the pubs database. New Moon Books is located in Boston, Massachusetts.

This is sample text data for New Moon Books, publisher 0736 in the pubs database. New Moon Books is located in Boston, Massachusetts.

This is sample text data for New Moon Books, publisher 0736 in the pubs database. New Moon Books is located in Boston, Massachusetts.

This is sample text data for New Moon Books, publisher 0736 in the pubs database. New Moon Books is located in Boston, Massachusetts.

This is sample text data for New Moon Books, publisher 0736 in the pubs database. New Moon Books is located in Boston, Massachusetts.

This is sample text data for New Moon Books, publisher 0736 in the pubs database. New Moon Books is located in Boston, Massachusetts.

This is sample text data for New Moon Books, publisher 0736 in the pubs database. New Moon Books is located in Boston, Massachusetts.

This is sample text data for New Moon Books, publisher 0736 in the pubs database. New Moon Books is located in Boston, Massachusetts.

This is sample text data for New Moon Books, publisher 0736 in the pubs database. New Moon Books is located in Boston, Massachusetts.

This is sample text data for New Moon Books, publisher 0736 in the pubs database. New Moon Books is located in Boston, Massachusetts.

This is sample text data for New Moon Books, publisher 0736 in the pubs database. New Moon Books is located in Boston, Massachusetts.

This is sample text data for New Moon Books, publisher 0736 in the pubs database. New Moon Books is located in Boston, Massachusetts.

This is sample text data for New Moon Books, publisher 0736 in the pubs database. New Moon Books is located in Boston, Massachusetts.

This is sample text data for New Moon Books, publisher 0736 in the pubs database. New Moon Books is located in Boston, Massachusetts.

This is sample text data for New Moon Books, publisher 0736 in the pubs database. New Moon Books is located in Boston, Massachusetts.

This is sample text data for New Moon Books, publisher 0736 in the pubs database. New Moon Books is located in Boston, Massachusetts.

This is sample text data for New Moon Books, publisher 0736 in the pubs database. New Moon Books is located in Boston, Massachusetts.

This is sample text data for New Moon Books, publisher 0736 in the pubs database. New Moon Books is located in Boston, Massachusetts.

This is sample text data for New Moon Books, publisher 0736 in the pubs database. New Moon Books is located in Boston, Massachusetts.

This is sample text data for New Moon Books, publisher 0736 in the pubs database. New Moon Books is located in Boston, Massachusetts.

This is sample text data for New Moon Books, publisher 0736 in the pubs database. New Moon Books is located in Boston, Massachusetts.

This is sample text data for New Moon Books, publisher 0736 in the pubs database. New Moon Books is located in Boston, Massachusetts.

This is sample text data for New Moon Books, publisher 0736 in the pubs database. New Moon Books is located in Boston, Massachusetts.

This is sample text data for New Moon Books, publisher 0736 in the pubs database. New Moon Books is located in Boston, Massachusetts.

This is sample text data for New Moon Books, publisher 0736 in the pubs database. New Moon Books is located in Boston, Massachusetts.

This is sample text data for New Moon Books, publisher 0736 in the pubs database. New Moon Books is located in Boston, Massachusetts.

This is sample text data for New Moon Books, publisher 0736 in the pubs database. New Moon Books is located in Boston, Massachusetts.

This is sample text data for New Moon Books, publisher 0736 in the pubs database. New Moon Books is located in Boston, Massachusetts.

This is sample text data for New Moon Books, publisher 0736 in the pubs database. New Moon Books is located in Boston, Massachusetts.

This is sample text data for New Moon Books, publisher 0736 in the pubs database. New Moon Books is located in Boston, Massachusetts.

This is sample text data for New Moon Books, publisher 0736 in the pubs database. New Moon Books is located in Boston, Massachusetts.

This is sample text data for New Moon Books, publisher 0736 in the pubs database. New Moon Books is located in Boston, Massachusetts.

This is sample text data for New Moon Books, publisher 0736 in the pubs database. New Moon Books is located in Boston, Massachusetts.

This is sample text data for New Moon Books, publisher 0736 in the pubs database. New Moon Books is located in Boston, Massachusetts.

This is sample text data for New Moon Books, publisher 0736 in the pubs database. New Moon Books is located in Boston, Massachusetts.

This is sample text data for New Moon Books, publisher 0736 in the pubs database. New Moon Books is located in Boston, Massachusetts.

This is sample text data for New Moon Books, publisher 0736 in the pubs database. New Moon Books is located in Boston, Massachusetts.

This is sample text data for New Moon Books, publisher 0736 in the pubs database. New Moon Books is located in Boston, Massachusetts.

This is sample text data for New Moon Books, publisher 0736 in the pubs database. New Moon Books is located in Boston, Massachusetts.

This is sample text data for New Moon Books, publisher 0736 in the pubs database. New Moon Books is located in Boston, Massachusetts.

This is sample text data for New Moon Books, publisher 0736 in the pubs database. New Moon Books is located in Boston, Massachusetts.

This is sample text data for New Moon Books, publisher 0736 in the pubs database. New Moon Books is located in Boston, Massachusetts.

This is sample text data for New Moon Books, publisher 0736 in the pubs database. New Moon Books is located in Boston, Massachusetts.

This is sample text data for New Moon Books, publisher 0736 in the pubs database. New Moon Books is located in Boston, Massachusetts.

This is sample text data for New Moon Books, publisher 0736 in the pubs database. New Moon Books is located in Boston, Massachusetts.

This is sample text data for New Moon Books, publisher 0736 in the pubs database. New Moon Books is located in Boston, Massachusetts.

This is sample text data for New Moon Books, publisher 0736 in the pubs database. New Moon Books is located in Boston, Massachusetts.

This is sample text data for New Moon Books, publisher 0736 in the pubs database. New Moon Books is located in Boston, Massachusetts.

This is sample text data for New Moon Books, publisher 0736 in the pubs database. New Moon Books is located in Boston, Massachusetts.

This is sample text data for New Moon Books, publisher 0736 in the pubs database. New Moon Books is located in Boston, Massachusetts.

This is sample text data for New Moon Books, publisher 0736 in the pubs database. New Moon Books is located in Boston, Massachusetts.

This is sample text data for New Moon Books, publisher 0736 in the pubs database. New Moon Books is located in Boston, Massachusetts.

This is sample text data for New Moon Books, publisher 0736 in the pubs database. New Moon Books is located in Boston, Massachusetts.

This is sample text data for New Moon Books, publisher 0736 in the pubs database. New Moon Books is located in Boston, Massachusetts.

This is sample text data for New Moon Books, publisher 0736 in the pubs database. New Moon Books is located in Boston, Massachusetts.

This is sample text data for New Moon Books, publisher 0736 in the pubs database. New Moon Books is located in Boston, Massachusetts.

This is sample text data for New Moon Books, publisher 0736 in the pubs database. New Moon Books is located in Boston, Massachusetts.

This is sample text data for New Moon Books, publisher 0736 in the pubs database. New Moon Books is located in Boston, Massachusetts.

This is sample text data for New Moon Books, publisher 0736 in the pubs database. New Moon Books is located in Boston, Massachusetts.

This is sample text data for New Moon Books, publisher 0736 in the pubs database. New Moon Books is located in Boston, Massachusetts.

This is sample text data for New Moon Books, publisher 0736 in the pubs database. New Moon Books is located in Boston, Massachusetts.

This is sample text data for New Moon Books, publisher 0736 in the pubs database. New Moon Books is located in Boston, Massachusetts.

This is sample text data for New Moon Books, publisher 0736 in the pubs database. New Moon Books is located in Boston, Massachusetts.

This is sample text data for New Moon Books, publisher 0736 in the pubs database. New Moon Books is located in Boston, Massachusetts.

This is sample text data for New Moon Books, publisher 0736 in the pubs database. New Moon Books is located in Boston, Massachusetts.

This is sample text data for New Moon Books, publisher 0736 in the pubs database. New Moon Books is located in Boston, Massachusetts.

This is sample text data for New Moon Books, publisher 0736 in the pubs database. New Moon Books is located in Boston, Massachusetts.

This is sample text data for New Moon Books, publisher 0736 in the pubs database. New Moon Books is located in Boston, Massachusetts.

This is sample text data for New Moon Books, publisher 0736 in the pubs database. New Moon Books is located in Boston, Massachusetts.

This is sample text data for New Moon Books, publisher 0736 in the pubs database. New Moon Books is located in Boston, Massachusetts.

This is sample text data for New Moon Books, publisher 0736 in the pubs database. New Moon Books is located in Boston, Massachusetts.

This is sample text data for New Moon Books, publisher 0736 in the pubs database. New Moon Books is located in Boston, Massachusetts.

This is sample text data for New Moon Books, publisher 0736 in the pubs database. New Moon Books is located in Boston, Massachusetts.

This is sample text data for New Moon Books, publisher 0736 in the pubs database. New Moon Books is located in Boston, Massachusetts.

This is sample text data for New Moon Books, publisher 0736 in the pubs database. New Moon Books is located in Boston, Massachusetts.

This is sample text data for New Moon Books, publisher 0736 in the pubs database. New Moon Books is located in Boston, Massachusetts.

This is sample text data for New Moon Books, publisher 0736 in the pubs database. New Moon Books is located in Boston, Massachusetts.

This is sample text data for New Moon Books, publisher 0736 in the pubs database. New Moon Books is located in Boston, Massachusetts.

This is sample text data for New Moon Books, publisher 0736 in the pubs database. New Moon Books is located in Boston, Massachusetts.

This is sample text data for New Moon Books, publisher 0736 in the pubs database. New Moon Books is located in Boston, Massachusetts.

This is sample text data for New Moon Books, publisher 0736 in the pubs database. New Moon Books is located in Boston, Massachusetts.

This is sample text data for New Moon Books, publisher 0736 in the pubs database. New Moon Books is located in Boston, Massachusetts.

This is sample text data for New Moon Books, publisher 0736 in the pubs database. New Moon Books is located in Boston, Massachusetts.

This is sample text data for New Moon Books, publisher 0736 in the pubs database. New Moon Books is located in Boston, Massachusetts.

This is sample text data for New Moon Books, publisher 0736 in the pubs database. New Moon Books is located in Boston, Massachusetts.

This is sample text data for New Moon Books, publisher 0736 in the pubs database. New Moon Books is located in Boston, Massachusetts.

This is sample text data for New Moon Books, publisher 0736 in the pubs database. New Moon Books is located in Boston, Massachusetts.

This is sample text data for New Moon Books, publisher 0736 in the pubs database. New Moon Books is located in Boston, Massachusetts.

This is sample text data for New Moon Books, publisher 0736 in the pubs database. New Moon Books is located in Boston, Massachusetts.

This is sample text data for New Moon Books, publisher 0736 in the pubs database. New Moon Books is located in Boston, Massachusetts.

This is sample text data for New Moon Books, publisher 0736 in the pubs database. New Moon Books is located in Boston, Massachusetts.

This is sample text data for New Moon Books, publisher 0736 in the pubs database. New Moon Books is located in Boston, Massachusetts.

This is sample text data for New Moon Books, publisher 0736 in the pubs database. New Moon Books is located in Boston, Massachusetts.

This is sample text data for New Moon Books, publisher 0736 in the pubs database. New Moon Books is located in Boston, Massachusetts.

This is sample text data for New Moon Books, publisher 0736 in the pubs database. New Moon Books is located in Boston, Massachusetts.

This is sample text data for New Moon Books, publisher 0736 in the pubs database. New Moon Books is located in Boston, Massachusetts.

This is sample text data for New Moon Books, publisher 0736 in the pubs database. New Moon Books is located in Boston, Massachusetts.

This is sample text data for New Moon Books, publisher 0736 in the pubs database. New Moon Books is located in Boston, Massachusetts.

This is sample text data for New Moon Books, publisher 0736 in the pubs database. New Moon Books is located in Boston, Massachusetts.

This is sample text data for New Moon Books, publisher 0736 in the pubs database. New Moon Books is located in Boston, Massachusetts.

This is sample text data for New Moon Books, publisher 0736 in the pubs database. New Moon Books is located in Boston, Massachusetts.

This is sample text data for New Moon Books, publisher 0736 in the pubs database. New Moon Books is located in Boston, Massachusetts.

This is sample text data for New Moon Books, publisher 0736 in the pubs database. New Moon Books is located in Boston, Massachusetts.

This is sample text data for New Moon Books, publisher 0736 in the pubs database. New Moon Books is located in Boston, Massachusetts.

This is sample text data for New Moon Books, publisher 0736 in the pubs database. New Moon Books is located in Boston, Massachusetts.

This is sample text data for New Moon Books, publisher 0736 in the pubs database. New Moon Books is located in Boston, Massachusetts.

This is sample text data for New Moon Books, publisher 0736 in the pubs database. New Moon Books is located in Boston, Massachusetts.

This is sample text data for New Moon Books, publisher 0736 in the pubs database. New Moon Books is located in Boston, Massachusetts.

This is sample text data for New Moon Books, publisher 0736 in the pubs database. New Moon Books is located in Boston, Massachusetts.

This is sample text data for New Moon Books, publisher 0736 in the pubs database. New Moon Books is located in Boston, Massachusetts.

This is sample text data for New Moon Books, publisher 0736 in the pubs database. New Moon Books is located in Boston, Massachusetts.

This is sample text data for New Moon Books, publisher 0736 in the pubs database. New Moon Books is located in Boston, Massachusetts.

This is sample text data for New Moon Books, publisher 0736 in the pubs database. New Moon Books is located in Boston, Massachusetts.

This is sample text data for New Moon Books, publisher 0736 in the pubs database. New Moon Books is located in Boston, Massachusetts.

This is sample text data for New Moon Books, publisher 0736 in the pubs database. New Moon Books is located in Boston, Massachusetts.

This is sample text data for New Moon Books, publisher 0736 in the pubs database. New Moon Books is located in Boston, Massachusetts.

This is sample text data for New Moon Books, publisher 0736 in the pubs database. New Moon Books is located in Boston, Massachusetts.

This is sample text data for New Moon Books, publisher 0736 in the pubs database. New Moon Books is located in Boston, Massachusetts.

This is sample text data for New Moon Books, publisher 0736 in the pubs database. New Moon Books is located in Boston, Massachusetts.

This is sample text data for New Moon Books, publisher 0736 in the pubs database. New Moon Books is located in Boston, Massachusetts.

This is sample text data for New Moon Books, publisher 0736 in the pubs database. New Moon Books is located in Boston, Massachusetts.

This is sample text data for New Moon Books, publisher 0736 in the pubs database. New Moon Books is located in Boston, Massachusetts.

This is sample text data for New Moon Books, publisher 0736 in the pubs database. New Moon Books is located in Boston, Massachusetts.

This is sample text data for New Moon Books, publisher 0736 in the pubs database. New Moon Books is located in Boston, Massachusetts.

This is sample text data for New Moon Books, publisher 0736 in the pubs database. New Moon Books is located in Boston, Massachusetts.

This is sample text data for New Moon Books, publisher 0736 in the pubs database. New Moon Books is located in Boston, Massachusetts.

This is sample text data for New Moon Books, publisher 0736 in the pubs database. New Moon Books is located in Boston, Massachusetts.

This is sample text data for New Moon Books, publisher 0736 in the pubs database. New Moon Books is located in Boston, Massachusetts.

This is sample text data for New Moon Books, publisher 0736 in the pubs database. New Moon Books is located in Boston, Massachusetts.

This is sample text data for New Moon Books, publisher 0736 in the pubs database. New Moon Books is located in Boston, Massachusetts.

This is sample text data for New Moon Books, publisher 0736 in the pubs database. New Moon Books is located in Boston, Massachusetts.

This is sample text data for New Moon Books, publisher 0736 in the pubs database. New Moon Books is located in Boston, Massachusetts.

This is sample text data for New Moon Books, publisher 0736 in the pubs database. New Moon Books is located in Boston, Massachusetts.

This is sample text data for New Moon Books, publisher 0736 in the pubs database. New Moon Books is located in Boston, Massachusetts.

This is sample text data for New Moon Books, publisher 0736 in the pubs database. New Moon Books is located in Boston, Massachusetts.

This is sample text data for New Moon Books, publisher 0736 in the pubs database. New Moon Books is located in Boston, Massachusetts.

This is sample text data for New Moon Books, publisher 0736 in the pubs database. New Moon Books is located in Boston, Massachusetts.

This is sample text data for New Moon Books, publisher 0736 in the pubs database. New Moon Books is located in Boston, Massachusetts.

This is sample text data for New Moon Books, publisher 0736 in the pubs database. New Moon Books is located in Boston, Massachusetts.

This is sample text data for New Moon Books, publisher 0736 in the pubs database. New Moon Books is located in Boston, Massachusetts.

This is sample text data for New Moon Books, publisher 0736 in the pubs database. New Moon Books is located in Boston, Massachusetts.

This is sample text data for New Moon Books, publisher 0736 in the pubs database. New Moon Books is located in Boston, Massachusetts.

This is sample text data for New Moon Books, publisher 0736 in the pubs database. New Moon Books is located in Boston, Massachusetts.

This is sample text data for New Moon Books, publisher 0736 in the pubs database. New Moon Books is located in Boston, Massachusetts.

This is sample text data for New Moon Books, publisher 0736 in the pubs database. New Moon Books is located in Boston, Massachusetts.

This is sample text data for New Moon Books, publisher 0736 in the pubs database. New Moon Books is located in Boston, Massachusetts.

This is sample text data for New Moon Books, publisher 0736 in the pubs database. New Moon Books is located in Boston, Massachusetts.

This is sample text data for New Moon Books, publisher 0736 in the pubs database. New Moon Books is located in Boston, Massachusetts.

This is sample text data for New Moon Books, publisher 0736 in the pubs database. New Moon Books is located in Boston, Massachusetts.

This is sample text data for New Moon Books, publisher 0736 in the pubs database. New Moon Books is located in Boston, Massachusetts.

This is sample text data for New Moon Books, publisher 0736 in the pubs database. New Moon Books is located in Boston, Massachusetts.

This is sample text data for New Moon Books, publisher 0736 in the pubs database. New Moon Books is located in Boston, Massachusetts.

This is sample text data for New Moon Books, publisher 0736 in the pubs database. New Moon Books is located in Boston, Massachusetts.

This is sample text data for New Moon Books, publisher 0736 in the pubs database. New Moon Books is located in Boston, Massachusetts.

This is sample text data for New Moon Books, publisher 0736 in the pubs database. New Moon Books is located in Boston, Massachusetts.

This is sample text data for New Moon Books, publisher 0736 in the pubs database. New Moon Books is located in Boston, Massachusetts.

This is sample text data for New Moon Books, publisher 0736 in the pubs database. New Moon Books is located in Boston, Massachusetts.

This is sample text data for New Moon Books, publisher 0736 in the pubs database. New Moon Books is located in Boston, Massachusetts.

This is sample text data for New Moon Books, publisher 0736 in the pubs database. New Moon Books is located in Boston, Massachusetts.

This is sample text data for New Moon Books, publisher 0736 in the pubs database. New Moon Books is located in Boston, Massachusetts.

This is sample text data for New Moon Books, publisher 0736 in the pubs database. New Moon Books is located in Boston, Massachusetts.

This is sample text data for New Moon Books, publisher 0736 in the pubs database. New Moon Books is located in Boston, Massachusetts.

This is sample text data for New Moon Books, publisher 0736 in the pubs database. New Moon Books is located in Boston, Massachusetts.

This is sample text data for New Moon Books, publisher 0736 in the pubs database. New Moon Books is located in Boston, Massachusetts.

This is sample text data for New Moon Books, publisher 0736 in the pubs database. New Moon Books is located in Boston, Massachusetts.

This is sample text data for New Moon Books, publisher 0736 in the pubs database. New Moon Books is located in Boston, Massachusetts.

This is sample text data for New Moon Books, publisher 0736 in the pubs database. New Moon Books is located in Boston, Massachusetts.

This is sample text data for New Moon Books, publisher 0736 in the pubs database. New Moon Books is located in Boston, Massachusetts.

This is sample text data for New Moon Books, publisher 0736 in the pubs database. New Moon Books is located in Boston, Massachusetts.

This is sample text data for New Moon Books, publisher 0736 in the pubs database. New Moon Books is located in Boston, Massachusetts.

This is sample text data for New Moon Books, publisher 0736 in the pubs database. New Moon Books is located in Boston, Massachusetts.

This is sample text data for New Moon Books, publisher 0736 in the pubs database. New Moon Books is located in Boston, Massachusetts.

This is sample text data for New Moon Books, publisher 0736 in the pubs database. New Moon Books is located in Boston, Massachusetts.

This is sample text data for New Moon Books, publisher 0736 in the pubs database. New Moon Books is located in Boston, Massachusetts.

This is sample text data for New Moon Books, publisher 0736 in the pubs database. New Moon Books is located in Boston, Massachusetts.

This is sample text data for New Moon Books, publisher 0736 in the pubs database. New Moon Books is located in Boston, Massachusetts.

This is sample text data for New Moon Books, publisher 0736 in the pubs database. New Moon Books is located in Boston, Massachusetts.

This is sample text data for New Moon Books, publisher 0736 in the pubs database. New Moon Books is located in Boston, Massachusetts.

This is sample text data for New Moon Books, publisher 0736 in the pubs database. New Moon Books is located in Boston, Massachusetts.

This is sample text data for New Moon Books, publisher 0736 in the pubs database. New Moon Books is located in Boston, Massachusetts.

This is sample text data for New Moon Books, publisher 0736 in the pubs database. New Moon Books is located in Boston, Massachusetts.

This is sample text data for New Moon Books, publisher 0736 in the pubs database. New Moon Books is located in Boston, Massachusetts.

This is sample text data for New Moon Books, publisher 0736 in the pubs database. New Moon Books is located in Boston, Massachusetts.

This is sample text data for New Moon Books, publisher 0736 in the pubs database. New Moon Books is located in Boston, Massachusetts.

This is sample text data for New Moon Books, publisher 0736 in the pubs database. New Moon Books is located in Boston, Massachusetts.

This is sample text data for New Moon Books, publisher 0736 in the pubs database. New Moon Books is located in Boston, Massachusetts.

This is sample text data for New Moon Books, publisher 0736 in the pubs database. New Moon Books is located in Boston, Massachusetts.

This is sample text data for New Moon Books, publisher 0736 in the pubs database. New Moon Books is located in Boston, Massachusetts.

This is sample text data for New Moon Books, publisher 0736 in the pubs database. New Moon Books is located in Boston, Massachusetts.

This is sample text data for New Moon Books, publisher 0736 in the pubs database. New Moon Books is located in Boston, Massachusetts.

This is sample text data for New Moon Books, publisher 0736 in the pubs database. New Moon Books is located in Boston, Massachusetts.

This is sample text data for New Moon Books, publisher 0736 in the pubs database. New Moon Books is located in Boston, Massachusetts.

This is sample text data for New Moon Books, publisher 0736 in the pubs database. New Moon Books is located in Boston, Massachusetts.

This is sample text data for New Moon Books, publisher 0736 in the pubs database. New Moon Books is located in Boston, Massachusetts.

This is sample text data for New Moon Books, publisher 0736 in the pubs database. New Moon Books is located in Boston, Massachusetts.

This is sample text data for New Moon Books, publisher 0736 in the pubs database. New Moon Books is located in Boston, Massachusetts.

This is sample text data for New Moon Books, publisher 0736 in the pubs database. New Moon Books is located in Boston, Massachusetts.

This is sample text data for New Moon Books, publisher 0736 in the pubs database. New Moon Books is located in Boston, Massachusetts.

This is sample text data for New Moon Books, publisher 0736 in the pubs database. New Moon Books is located in Boston, Massachusetts.

This is sample text data for New Moon Books, publisher 0736 in the pubs database. New Moon Books is located in Boston, Massachusetts.

This is sample text data for New Moon Books, publisher 0736 in the pubs database. New Moon Books is located in Boston, Massachusetts.

This is sample text data for New Moon Books, publisher 0736 in the pubs database. New Moon Books is located in Boston, Massachusetts.

This is sample text data for New Moon Books, publisher 0736 in the pubs database. New Moon Books is located in Boston, Massachusetts.

This is sample text data for New Moon Books, publisher 0736 in the pubs database. New Moon Books is located in Boston, Massachusetts.

This is sample text data for New Moon Books, publisher 0736 in the pubs database. New Moon Books is located in Boston, Massachusetts.

This is sample text data for New Moon Books, publisher 0736 in the pubs database. New Moon Books is located in Boston, Massachusetts.

This is sample text data for New Moon Books, publisher 0736 in the pubs database. New Moon Books is located in Boston, Massachusetts.

This is sample text data for New Moon Books, publisher 0736 in the pubs database. New Moon Books is located in Boston, Massachusetts.

This is sample text data for New Moon Books, publisher 0736 in the pubs database. New Moon Books is located in Boston, Massachusetts.

This is sample text data for New Moon Books, publisher 0736 in the pubs database. New Moon Books is located in Boston, Massachusetts.

This is sample text data for New Moon Books, publisher 0736 in the pubs database. New Moon Books is located in Boston, Massachusetts.

This is sample text data for New Moon Books, publisher 0736 in the pubs database. New Moon Books is located in Boston, Massachusetts.

This is sample text data for New Moon Books, publisher 0736 in the pubs database. New Moon Books is located in Boston, Massachusetts.

This is sample text data for New Moon Books, publisher 0736 in the pubs database. New Moon Books is located in Boston, Massachusetts.

This is sample text data for New Moon Books, publisher 0736 in the pubs database. New Moon Books is located in Boston, Massachusetts.

This is sample text data for New Moon Books, publisher 0736 in the pubs database. New Moon Books is located in Boston, Massachusetts.

This is sample text data for New Moon Books, publisher 0736 in the pubs database. New Moon Books is located in Boston, Massachusetts.

This is sample text data for New Moon Books, publisher 0736 in the pubs database. New Moon Books is located in Boston, Massachusetts.

This is sample text data for New Moon Books, publisher 0736 in the pubs database. New Moon Books is located in Boston, Massachusetts.

This is sample text data for New Moon Books, publisher 0736 in the pubs database. New Moon Books is located in Boston, Massachusetts.

This is sample text data for New Moon Books, publisher 0736 in the pubs database. New Moon Books is located in Boston, Massachusetts.

This is sample text data for New Moon Books, publisher 0736 in the pubs database. New Moon Books is located in Boston, Massachusetts.

This is sample text data for New Moon Books, publisher 0736 in the pubs database. New Moon Books is located in Boston, Massachusetts.

This is sample text data for New Moon Books, publisher 0736 in the pubs database. New Moon Books is located in Boston, Massachusetts.

This is sample text data for New Moon Books, publisher 0736 in the pubs database. New Moon Books is located in Boston, Massachusetts.

This is sample text data for New Moon Books, publisher 0736 in the pubs database. New Moon Books is located in Boston, Massachusetts.

This is sample text data for New Moon Books, publisher 0736 in the pubs database. New Moon Books is located in Boston, Massachusetts.

This is sample text data for New Moon Books, publisher 0736 in the pubs database. New Moon Books is located in Boston, Massachusetts.

This is sample text data for New Moon Books, publisher 0736 in the pubs database. New Moon Books is located in Boston, Massachusetts.

This is sample text data for New Moon Books, publisher 0736 in the pubs database. New Moon Books is located in Boston, Massachusetts.

This is sample text data for New Moon Books, publisher 0736 in the pubs database. New Moon Books is located in Boston, Massachusetts.

This is sample text data for New Moon Books, publisher 0736 in the pubs database. New Moon Books is located in Boston, Massachusetts.

This is sample text data for New Moon Books, publisher 0736 in the pubs database. New Moon Books is located in Boston, Massachusetts.

This is sample text data for New Moon Books, publisher 0736 in the pubs database. New Moon Books is located in Boston, Massachusetts.

This is sample text data for New Moon Books, publisher 0736 in the pubs database. New Moon Books is located in Boston, Massachusetts.

This is sample text data for New Moon Books, publisher 0736 in the pubs database. New Moon Books is located in Boston, Massachusetts.

This is sample text data for New Moon Books, publisher 0736 in the pubs database. New Moon Books is located in Boston, Massachusetts.

This is sample text data for New Moon Books, publisher 0736 in the pubs database. New Moon Books is located in Boston, Massachusetts.

This is sample text data for New Moon Books, publisher 0736 in the pubs database. New Moon Books is located in Boston, Massachusetts.

This is sample text data for New Moon Books, publisher 0736 in the pubs database. New Moon Books is located in Boston, Massachusetts.

This is sample text data for New Moon Books, publisher 0736 in the pubs database. New Moon Books is located in Boston, Massachusetts.

This is sample text data for New Moon Books, publisher 0736 in the pubs database. New Moon Books is located in Boston, Massachusetts.

This is sample text data for New Moon Books, publisher 0736 in the pubs database. New Moon Books is located in Boston, Massachusetts.

This is sample text data for New Moon Books, publisher 0736 in the pubs database. New Moon Books is located in Boston, Massachusetts.

This is sample text data for New Moon Books, publisher 0736 in the pubs database. New Moon Books is located in Boston, Massachusetts.

This is sample text data for New Moon Books, publisher 0736 in the pubs database. New Moon Books is located in Boston, Massachusetts.

This is sample text data for New Moon Books, publisher 0736 in the pubs database. New Moon Books is located in Boston, Massachusetts.

This is sample text data for New Moon Books, publisher 0736 in the pubs database. New Moon Books is located in Boston, Massachusetts.

This is sample text data for New Moon Books, publisher 0736 in the pubs database. New Moon Books is located in Boston, Massachusetts.

This is sample text data for New Moon Books, publisher 0736 in the pubs database. New Moon Books is located in Boston, Massachusetts.

This is sample text data for New Moon Books, publisher 0736 in the pubs database. New Moon Books is located in Boston, Massachusetts.

This is sample text data for New Moon Books, publisher 0736 in the pubs database. New Moon Books is located in Boston, Massachusetts.

This is sample text data for New Moon Books, publisher 0736 in the pubs database. New Moon Books is located in Boston, Massachusetts.

This is sample text data for New Moon Books, publisher 0736 in the pubs database. New Moon Books is located in Boston, Massachusetts.

This is sample text data for New Moon Books, publisher 0736 in the pubs database. New Moon Books is located in Boston, Massachusetts.

This is sample text data for New Moon Books, publisher 0736 in the pubs database. New Moon Books is located in Boston, Massachusetts.

This is sample text data for New Moon Books, publisher 0736 in the pubs database. New Moon Books is located in Boston, Massachusetts.

This is sample text data for New Moon Books, publisher 0736 in the pubs database. New Moon Books is located in Boston, Massachusetts.

This is sample text data for New Moon Books, publisher 0736 in the pubs database. New Moon Books is located in Boston, Massachusetts.

This is sample text data for New Moon Books, publisher 0736 in the pubs database. New Moon Books is located in Boston, Massachusetts.

This is sample text data for New Moon Books, publisher 0736 in the pubs database. New Moon Books is located in Boston, Massachusetts.

This is sample text data for New Moon Books, publisher 0736 in the pubs database. New Moon Books is located in Boston, Massachusetts.

This is sample text data for New Moon Books, publisher 0736 in the pubs database. New Moon Books is located in Boston, Massachusetts.

This is sample text data for New Moon Books, publisher 0736 in the pubs database. New Moon Books is located in Boston, Massachusetts.

This is sample text data for New Moon Books, publisher 0736 in the pubs database. New Moon Books is located in Boston, Massachusetts.

This is sample text data for New Moon Books, publisher 0736 in the pubs database. New Moon Books is located in Boston, Massachusetts.

This is sample text data for New Moon Books, publisher 0736 in the pubs database. New Moon Books is located in Boston, Massachusetts.

This is sample text data for New Moon Books, publisher 0736 in the pubs database. New Moon Books is located in Boston, Massachusetts.

This is sample text data for New Moon Books, publisher 0736 in the pubs database. New Moon Books is located in Boston, Massachusetts.

This is sample text data for New Moon Books, publisher 0736 in the pubs database. New Moon Books is located in Boston, Massachusetts.

This is sample text data for New Moon Books, publisher 0736 in the pubs database. New Moon Books is located in Boston, Massachusetts.

This is sample text data for New Moon Books, publisher 0736 in the pubs database. New Moon Books is located in Boston, Massachusetts.

This is sample text data for New Moon Books, publisher 0736 in the pubs database. New Moon Books is located in Boston, Massachusetts.

This is sample text data for New Moon Books, publisher 0736 in the pubs database. New Moon Books is located in Boston, Massachusetts.

This is sample text data for New Moon Books, publisher 0736 in the pubs database. New Moon Books is located in Boston, Massachusetts.

This is sample text data for New Moon Books, publisher 0736 in the pubs database. New Moon Books is located in Boston, Massachusetts.

This is sample text data for New Moon Books, publisher 0736 in the pubs database. New Moon Books is located in Boston, Massachusetts.

This is sample text data for New Moon Books, publisher 0736 in the pubs database. New Moon Books is located in Boston, Massachusetts.

This is sample text data for New Moon Books, publisher 0736 in the pubs database. New Moon Books is located in Boston, Massachusetts.

This is sample text data for New Moon Books, publisher 0736 in the pubs database. New Moon Books is located in Boston, Massachusetts.

This is sample text data for New Moon Books, publisher 0736 in the pubs database. New Moon Books is located in Boston, Massachusetts.

This is sample text data for New Moon Books, publisher 0736 in the pubs database. New Moon Books is located in Boston, Massachusetts.

This is sample text data for New Moon Books, publisher 0736 in the pubs database. New Moon Books is located in Boston, Massachusetts.

This is sample text data for New Moon Books, publisher 0736 in the pubs database. New Moon Books is located in Boston, Massachusetts.

This is sample text data for New Moon Books, publisher 0736 in the pubs database. New Moon Books is located in Boston, Massachusetts.

This is sample text data for New Moon Books, publisher 0736 in the pubs database. New Moon Books is located in Boston, Massachusetts.

This is sample text data for New Moon Books, publisher 0736 in the pubs database. New Moon Books is located in Boston, Massachusetts.

This is sample text data for New Moon Books, publisher 0736 in the pubs database. New Moon Books is located in Boston, Massachusetts.

This is sample text data for New Moon Books, publisher 0736 in the pubs database. New Moon Books is located in Boston, Massachusetts.

This is sample text data for New Moon Books, publisher 0736 in the pubs database. New Moon Books is located in Boston, Massachusetts.

This is sample text data for New Moon Books, publisher 0736 in the pubs database. New Moon Books is located in Boston, Massachusetts.

This is sample text data for New Moon Books, publisher 0736 in the pubs database. New Moon Books is located in Boston, Massachusetts.

This is sample text data for New Moon Books, publisher 0736 in the pubs database. New Moon Books is located in Boston, Massachusetts.

This is sample text data for New Moon Books, publisher 0736 in the pubs database. New Moon Books is located in Boston, Massachusetts.

This is sample text data for New Moon Books, publisher 0736 in the pubs database. New Moon Books is located in Boston, Massachusetts.

This is sample text data for New Moon Books, publisher 0736 in the pubs database. New Moon Books is located in Boston, Massachusetts.', logo=[71, 73, 70, 56, 57, 97, -45, 0, 31, 0, -77, 15, 0, 0, 0, 0, -128, 0, 0, 0, -128, 0, -128, -128, 0, 0, 0, -128, -128, 0, -128, 0, -128, -128, -128, -128, -128, -64, -64, -64, -1, 0, 0, 0, -1, 0, -1, -1, 0, 0, 0, -1, -1, 0, -1, 0, -1, -1, -1, -1, -1, 33, -7, 4, 1, 0, 0, 15, 0, 44, 0, 0, 0, 0, -45, 0, 31, 0, 64, 4, -1, -16, -55, 73, -85, -67, 56, -21, -51, -69, -1, 96, 40, -114, 36, 80, 1, 104, 103, -110, 35, 106, -70, -80, 59, -59, -80, 85, -77, -8, 67, -45, -71, -99, -30, -85, 83, 42, 54, -5, 21, 37, 59, 25, -27, -90, 35, 26, -109, 76, -95, -116, -73, 92, 17, -111, -42, -101, -10, 42, -83, 70, 127, 92, -16, 54, -40, 36, 55, -111, 54, -97, 81, 106, -34, -7, 48, 74, -8, -13, 10, 53, 99, -41, -27, 76, -4, 4, -65, 36, 55, 123, 93, 105, 126, 100, 81, 51, 61, -120, 33, 117, 127, -119, -115, -114, -113, 31, 118, 101, 120, 119, -112, 114, 89, 117, 94, 84, -109, -106, 32, -127, 121, -115, -97, -118, -124, 109, -101, 74, -110, -109, -123, -89, -91, 69, -116, -96, 119, 115, 98, -84, -81, 88, 94, 108, 106, -124, -83, 66, -107, 85, -70, -87, -92, 113, -88, -99, -114, -117, -94, -61, -57, -56, 45, -55, -56, -82, -53, -50, -49, 30, -62, -48, -111, 67, -90, 110, -128, -45, -39, -68, 44, 65, -41, 106, -46, -113, -78, -51, 80, -102, -38, -87, -86, -58, 37, -108, -93, -33, -127, -58, 95, -32, -67, -75, -80, -51, -12, -30, 118, -34, -10, -35, 120, -17, 107, -122, -6, 108, -126, -59, -94, 100, -118, 84, -85, 106, -86, -28, -63, 2, 120, 100, -34, 57, 46, 58, -12, 88, 43, -11, -126, -33, -64, 125, -110, 68, -83, -94, 72, 11, -44, -58, 118, 123, -1, 50, -82, 11, -13, -17, 96, 59, 57, 7, 73, 10, 68, 39, -50, 33, -89, 51, 10, 109, 5, -124, -72, 16, 102, 77, 127, 56, 63, -94, 89, 50, 72, -113, -71, 109, 15, 55, -67, -7, 73, 20, 72, -47, -93, 72, -109, 122, 82, -54, -76, -87, -45, 120, 78, -11, -27, -117, 74, 85, 69, -43, 75, -59, 104, -6, -68, -102, 104, -35, 82, 110, -48, -90, -72, -86, 23, 51, 27, -39, 30, 90, -39, -47, -45, -112, -50, -46, 61, -120, -11, 74, 58, -53, 10, -107, 90, -35, -83, -102, 80, -75, 13, -121, 41, 110, 62, -71, -57, 106, 124, -38, -85, -56, 107, 36, 96, 4, 13, -13, 77, 57, -107, 81, 90, -71, -1, 18, 95, 26, -6, 13, -85, 32, -96, -105, 35, -126, -52, -71, -7, -27, -82, -68, 54, -117, 33, -18, -37, 102, -19, -95, 95, 19, 71, -66, 45, -3, -21, -76, 74, 123, 124, 104, -119, 36, 13, -108, 115, -21, 115, 50, 47, 78, -115, -115, -69, -31, 77, -106, 11, 101, 25, -68, -27, 114, 75, -71, 87, -119, 53, 14, -105, -22, 75, -13, 113, -116, -35, 100, 6, -115, 117, 26, 38, 29, -117, 21, 57, -42, -36, -34, 60, 55, -10, -114, 31, -75, -114, 93, -50, -40, -92, 68, 119, 83, 112, 73, -123, 46, -3, 37, 60, -18, 56, -55, 115, -73, -23, -39, 122, 72, -116, 41, 121, -5, -109, 111, -70, -1, 44, -11, -53, 121, -29, 88, 48, 64, 12, 49, -122, 15, 74, -101, -23, 37, -44, 67, -97, -127, -74, -96, 115, -66, -15, 87, 95, 89, 60, 1, -94, 91, 38, 18, 114, 85, -44, 93, 74, 69, -74, 91, -123, 26, 54, -59, 97, 84, 103, -123, 104, -94, 14, 17, 0, 0, 59]}, PublisherInfo{id='0877', information='This is sample text data for Binnet & Hardley, publisher 0877 in the pubs database. Binnet & Hardley is located in Washington, D.C.

This is sample text data for Binnet & Hardley, publisher 0877 in the pubs database. Binnet & Hardley is located in Washington, D.C.

This is sample text data for Binnet & Hardley, publisher 0877 in the pubs database. Binnet & Hardley is located in Washington, D.C.

This is sample text data for Binnet & Hardley, publisher 0877 in the pubs database. Binnet & Hardley is located in Washington, D.C.

This is sample text data for Binnet & Hardley, publisher 0877 in the pubs database. Binnet & Hardley is located in Washington, D.C.', logo=[71, 73, 70, 56, 57, 97, -117, 0, 47, 0, -77, 15, 0, 0, 0, 0, -128, 0, 0, 0, -128, 0, -128, -128, 0, 0, 0, -128, -128, 0, -128, 0, -128, -128, -128, -128, -128, -64, -64, -64, -1, 0, 0, 0, -1, 0, -1, -1, 0, 0, 0, -1, -1, 0, -1, 0, -1, -1, -1, -1, -1, 33, -7, 4, 1, 0, 0, 15, 0, 44, 0, 0, 0, 0, -117, 0, 47, 0, 64, 4, -1, -16, -55, 73, -85, -67, 56, -21, -51, -69, -1, -96, 4, -124, 100, 8, -100, -29, -124, -90, 43, -43, -106, 48, -100, -58, -12, -11, -118, 40, 126, -70, 121, -19, 115, -77, -46, 106, 72, 44, 26, -113, -56, -92, 114, 73, -4, -51, 118, -68, 31, 48, 88, -39, 65, 53, 87, -100, -109, 69, 5, 61, -125, 87, 104, 86, 12, -2, 106, 85, 93, 52, 58, 27, 109, 63, -58, -36, 42, 55, 126, 102, -37, -91, -8, -37, -21, -10, -18, -31, -1, 42, -128, 91, 70, 58, 71, -126, -126, 105, -121, 31, 122, 61, 124, 124, -118, 62, -119, -112, -109, -108, 127, 102, 106, 117, 101, 103, -103, 110, 108, 81, -98, 22, 118, -110, 100, 110, 125, -100, -104, -92, 34, -107, -85, -84, 36, -96, -110, -83, 54, 76, 115, 126, -79, 94, -74, 27, -114, -115, -75, -113, -72, 29, -80, -66, -116, 100, 112, -96, -66, 88, -58, 24, -70, -61, 101, -59, -56, 54, -50, -95, -68, -69, -60, -64, -48, -86, -42, -47, 76, -123, -51, -40, 111, -35, -33, -85, 95, 67, -91, -128, -36, -75, 25, -94, 91, -101, -82, -104, -101, -61, -18, -87, -89, -21, -39, -65, 84, 97, -102, 125, -8, -69, -88, 116, 117, -19, -89, 112, -42, -59, -117, -106, -116, 89, -94, 116, 2, -5, -103, -30, 55, -113, -57, 24, 112, 16, -43, 85, -119, 72, -79, 92, -59, -117, 78, 32, -50, -102, 118, 46, 98, -75, 88, -54, -72, 104, 57, -4, 8, -115, 36, -85, -112, -123, 70, 98, -68, -42, 13, 101, 62, -125, 43, -67, 121, 36, -12, -110, 38, 70, -109, 39, -3, -20, -111, -58, -83, 37, 56, -105, 46, 111, -2, -28, 41, 114, 13, 78, 99, 71, 41, 1, 37, 26, 51, -87, -46, -115, -76, 122, 90, 115, 26, 115, 37, -43, 109, 80, -77, 106, -35, -86, 36, 99, -43, -81, 30, -82, -126, -11, -8, 79, -86, -108, 102, 86, -86, 33, -84, 49, -48, -60, -65, -123, -53, -88, 121, 18, -42, -47, -108, -44, -75, 53, -59, -35, -37, -87, 50, 33, -53, 34, 109, 2, 46, -108, 55, -40, -100, 89, 67, 5, -3, 50, 28, 12, -73, -33, -91, -59, -126, 35, 3, 110, 8, -113, 49, 57, -71, 3, 37, 99, -35, 11, -26, 109, 42, -51, -117, 43, -53, -110, -125, -50, -34, -29, -58, -91, 62, -29, -101, -89, 87, -102, 98, -63, 41, 73, 23, -36, 71, 48, 53, -32, -71, -29, 24, 63, -102, 59, -74, -9, -85, -34, 96, -117, 1, -120, 0, 0, 59]}, PublisherInfo{id='1389', information='This is sample text data for Algodata Infosystems, publisher 1389 in the pubs database. Algodata Infosystems is located in Berkeley, California.

This is sample text data for Algodata Infosystems, publisher 1389 in the pubs database. Algodata Infosystems is located in Berkeley, California.

This is sample text data for Algodata Infosystems, publisher 1389 in the pubs database. Algodata Infosystems is located in Berkeley, California.

This is sample text data for Algodata Infosystems, publisher 1389 in the pubs database. Algodata Infosystems is located in Berkeley, California.

This is sample text data for Algodata Infosystems, publisher 1389 in the pubs database. Algodata Infosystems is located in Berkeley, California.

This is sample text data for Algodata Infosystems, publisher 1389 in the pubs database. Algodata Infosystems is located in Berkeley, California.

This is sample text data for Algodata Infosystems, publisher 1389 in the pubs database. Algodata Infosystems is located in Berkeley, California.

This is sample text data for Algodata Infosystems, publisher 1389 in the pubs database. Algodata Infosystems is located in Berkeley, California.

This is sample text data for Algodata Infosystems, publisher 1389 in the pubs database. Algodata Infosystems is located in Berkeley, California.

This is sample text data for Algodata Infosystems, publisher 1389 in the pubs database. Algodata Infosystems is located in Berkeley, California.', logo=[71, 73, 70, 56, 57, 97, -62, 0, 29, 0, -77, 15, 0, 0, 0, 0, -128, 0, 0, 0, -128, 0, -128, -128, 0, 0, 0, -128, -128, 0, -128, 0, -128, -128, -128, -128, -128, -64, -64, -64, -1, 0, 0, 0, -1, 0, -1, -1, 0, 0, 0, -1, -1, 0, -1, 0, -1, -1, -1, -1, -1, 33, -7, 4, 1, 0, 0, 15, 0, 44, 0, 0, 0, 0, -62, 0, 29, 0, 64, 4, -1, -16, -55, 73, -85, -67, 56, -21, -51, -69, -1, 96, 40, -114, 28, 96, -98, 40, 64, -82, 44, -106, -98, 109, 44, -49, -77, 57, -39, 15, 44, -31, -8, -82, -26, -68, -97, -17, 38, -20, 1, 65, 58, -93, -14, -41, 107, -86, -106, -57, -95, 84, -22, 124, -62, -100, 68, -102, -57, -88, -19, 122, 47, -36, 47, -19, 37, 20, -101, 41, -28, -44, 121, -3, 85, -89, -53, -39, 49, -36, 53, -49, -92, -111, 97, 113, -66, -3, -86, -68, 81, 84, 101, 65, 104, 76, -126, -123, -124, 113, 81, 83, 127, -119, -118, 88, -115, -119, -128, 96, 69, -108, 116, -111, 117, 123, 108, -102, -101, -100, -99, -98, -97, -96, -95, -94, -93, -92, -91, -90, -89, -88, -87, 90, 106, 62, 100, 22, -103, 35, -80, -112, 26, 119, 91, 117, 102, -78, 93, 127, -116, -120, -118, 81, 80, -66, 123, -113, -109, -124, 125, -115, -61, -64, 121, -125, -66, -67, -63, -121, -117, -49, -81, 111, 68, -69, -48, -83, 113, -55, -53, -42, 83, -65, -43, -50, -57, -47, -61, -33, -37, -127, -105, -40, -107, -100, -71, -86, -72, -73, -21, -18, -17, -16, -70, -110, -15, -74, -75, -12, -96, -10, -9, 118, -45, -6, -98, -68, -3, 116, -116, 1, -36, -76, -85, 93, -65, 124, 3, -49, 20, 84, 7, 15, 97, 66, 61, 73, 28, 50, 107, -95, -114, 33, 16, -127, 37, 12, 122, -79, 40, 103, 97, -104, 37, -13, 127, 46, -50, 17, 104, -84, 36, 43, 106, 39, 69, 86, -47, 33, -46, -113, -92, 108, 17, -25, -123, 100, -59, -78, -107, 48, -113, 33, -69, -11, -54, -42, -52, -27, 44, 112, 24, -127, 57, 50, -60, -19, 92, 81, 115, 70, -73, -63, -62, 104, 51, 104, 52, -99, 73, -95, -99, 4, 57, -45, 21, 56, -92, 82, -87, 22, 19, 90, 11, 25, -91, -102, -85, -98, 106, -125, 90, 14, -85, -48, 14, 92, -47, 29, 29, 71, -116, 28, 89, 113, 64, 83, -86, 76, 73, 85, -85, 75, -103, 86, -121, -102, -76, -105, -10, 46, 28, -70, 35, 115, -38, 37, -73, 82, 35, -97, -121, -121, 17, -109, -112, -85, 88, 6, -57, 78, 17, 0, 0, 59]}, PublisherInfo{id='1622', information='This is sample text data for Five Lakes Publishing, publisher 1622 in the pubs database. Five Lakes Publishing is located in Chicago, Illinois.

This is sample text data for Five Lakes Publishing, publisher 1622 in the pubs database. Five Lakes Publishing is located in Chicago, Illinois.

This is sample text data for Five Lakes Publishing, publisher 1622 in the pubs database. Five Lakes Publishing is located in Chicago, Illinois.

This is sample text data for Five Lakes Publishing, publisher 1622 in the pubs database. Five Lakes Publishing is located in Chicago, Illinois.

This is sample text data for Five Lakes Publishing, publisher 1622 in the pubs database. Five Lakes Publishing is located in Chicago, Illinois.

This is sample text data for Five Lakes Publishing, publisher 1622 in the pubs database. Five Lakes Publishing is located in Chicago, Illinois.

This is sample text data for Five Lakes Publishing, publisher 1622 in the pubs database. Five Lakes Publishing is located in Chicago, Illinois.

This is sample text data for Five Lakes Publishing, publisher 1622 in the pubs database. Five Lakes Publishing is located in Chicago, Illinois.

This is sample text data for Five Lakes Publishing, publisher 1622 in the pubs database. Five Lakes Publishing is located in Chicago, Illinois.

This is sample text data for Five Lakes Publishing, publisher 1622 in the pubs database. Five Lakes Publishing is located in Chicago, Illinois.

This is sample text data for Five Lakes Publishing, publisher 1622 in the pubs database. Five Lakes Publishing is located in Chicago, Illinois.

This is sample text data for Five Lakes Publishing, publisher 1622 in the pubs database. Five Lakes Publishing is located in Chicago, Illinois.

This is sample text data for Five Lakes Publishing, publisher 1622 in the pubs database. Five Lakes Publishing is located in Chicago, Illinois.

This is sample text data for Five Lakes Publishing, publisher 1622 in the pubs database. Five Lakes Publishing is located in Chicago, Illinois.

This is sample text data for Five Lakes Publishing, publisher 1622 in the pubs database. Five Lakes Publishing is located in Chicago, Illinois.

This is sample text data for Five Lakes Publishing, publisher 1622 in the pubs database. Five Lakes Publishing is located in Chicago, Illinois.

This is sample text data for Five Lakes Publishing, publisher 1622 in the pubs database. Five Lakes Publishing is located in Chicago, Illinois.

This is sample text data for Five Lakes Publishing, publisher 1622 in the pubs database. Five Lakes Publishing is located in Chicago, Illinois.

This is sample text data for Five Lakes Publishing, publisher 1622 in the pubs database. Five Lakes Publishing is located in Chicago, Illinois.

This is sample text data for Five Lakes Publishing, publisher 1622 in the pubs database. Five Lakes Publishing is located in Chicago, Illinois.

This is sample text data for Five Lakes Publishing, publisher 1622 in the pubs database. Five Lakes Publishing is located in Chicago, Illinois.

This is sample text data for Five Lakes Publishing, publisher 1622 in the pubs database. Five Lakes Publishing is located in Chicago, Illinois.

This is sample text data for Five Lakes Publishing, publisher 1622 in the pubs database. Five Lakes Publishing is located in Chicago, Illinois.

This is sample text data for Five Lakes Publishing, publisher 1622 in the pubs database. Five Lakes Publishing is located in Chicago, Illinois.

This is sample text data for Five Lakes Publishing, publisher 1622 in the pubs database. Five Lakes Publishing is located in Chicago, Illinois.

This is sample text data for Five Lakes Publishing, publisher 1622 in the pubs database. Five Lakes Publishing is located in Chicago, Illinois.

This is sample text data for Five Lakes Publishing, publisher 1622 in the pubs database. Five Lakes Publishing is located in Chicago, Illinois.

This is sample text data for Five Lakes Publishing, publisher 1622 in the pubs database. Five Lakes Publishing is located in Chicago, Illinois.

This is sample text data for Five Lakes Publishing, publisher 1622 in the pubs database. Five Lakes Publishing is located in Chicago, Illinois.

This is sample text data for Five Lakes Publishing, publisher 1622 in the pubs database. Five Lakes Publishing is located in Chicago, Illinois.

This is sample text data for Five Lakes Publishing, publisher 1622 in the pubs database. Five Lakes Publishing is located in Chicago, Illinois.

This is sample text data for Five Lakes Publishing, publisher 1622 in the pubs database. Five Lakes Publishing is located in Chicago, Illinois.

This is sample text data for Five Lakes Publishing, publisher 1622 in the pubs database. Five Lakes Publishing is located in Chicago, Illinois.

This is sample text data for Five Lakes Publishing, publisher 1622 in the pubs database. Five Lakes Publishing is located in Chicago, Illinois.

This is sample text data for Five Lakes Publishing, publisher 1622 in the pubs database. Five Lakes Publishing is located in Chicago, Illinois.

This is sample text data for Five Lakes Publishing, publisher 1622 in the pubs database. Five Lakes Publishing is located in Chicago, Illinois.

This is sample text data for Five Lakes Publishing, publisher 1622 in the pubs database. Five Lakes Publishing is located in Chicago, Illinois.

This is sample text data for Five Lakes Publishing, publisher 1622 in the pubs database. Five Lakes Publishing is located in Chicago, Illinois.

This is sample text data for Five Lakes Publishing, publisher 1622 in the pubs database. Five Lakes Publishing is located in Chicago, Illinois.

This is sample text data for Five Lakes Publishing, publisher 1622 in the pubs database. Five Lakes Publishing is located in Chicago, Illinois.

This is sample text data for Five Lakes Publishing, publisher 1622 in the pubs database. Five Lakes Publishing is located in Chicago, Illinois.

This is sample text data for Five Lakes Publishing, publisher 1622 in the pubs database. Five Lakes Publishing is located in Chicago, Illinois.

This is sample text data for Five Lakes Publishing, publisher 1622 in the pubs database. Five Lakes Publishing is located in Chicago, Illinois.

This is sample text data for Five Lakes Publishing, publisher 1622 in the pubs database. Five Lakes Publishing is located in Chicago, Illinois.

This is sample text data for Five Lakes Publishing, publisher 1622 in the pubs database. Five Lakes Publishing is located in Chicago, Illinois.

This is sample text data for Five Lakes Publishing, publisher 1622 in the pubs database. Five Lakes Publishing is located in Chicago, Illinois.

This is sample text data for Five Lakes Publishing, publisher 1622 in the pubs database. Five Lakes Publishing is located in Chicago, Illinois.

This is sample text data for Five Lakes Publishing, publisher 1622 in the pubs database. Five Lakes Publishing is located in Chicago, Illinois.

This is sample text data for Five Lakes Publishing, publisher 1622 in the pubs database. Five Lakes Publishing is located in Chicago, Illinois.

This is sample text data for Five Lakes Publishing, publisher 1622 in the pubs database. Five Lakes Publishing is located in Chicago, Illinois.

This is sample text data for Five Lakes Publishing, publisher 1622 in the pubs database. Five Lakes Publishing is located in Chicago, Illinois.

This is sample text data for Five Lakes Publishing, publisher 1622 in the pubs database. Five Lakes Publishing is located in Chicago, Illinois.

This is sample text data for Five Lakes Publishing, publisher 1622 in the pubs database. Five Lakes Publishing is located in Chicago, Illinois.

This is sample text data for Five Lakes Publishing, publisher 1622 in the pubs database. Five Lakes Publishing is located in Chicago, Illinois.

This is sample text data for Five Lakes Publishing, publisher 1622 in the pubs database. Five Lakes Publishing is located in Chicago, Illinois.

This is sample text data for Five Lakes Publishing, publisher 1622 in the pubs database. Five Lakes Publishing is located in Chicago, Illinois.

This is sample text data for Five Lakes Publishing, publisher 1622 in the pubs database. Five Lakes Publishing is located in Chicago, Illinois.

This is sample text data for Five Lakes Publishing, publisher 1622 in the pubs database. Five Lakes Publishing is located in Chicago, Illinois.

This is sample text data for Five Lakes Publishing, publisher 1622 in the pubs database. Five Lakes Publishing is located in Chicago, Illinois.

This is sample text data for Five Lakes Publishing, publisher 1622 in the pubs database. Five Lakes Publishing is located in Chicago, Illinois.

This is sample text data for Five Lakes Publishing, publisher 1622 in the pubs database. Five Lakes Publishing is located in Chicago, Illinois.

This is sample text data for Five Lakes Publishing, publisher 1622 in the pubs database. Five Lakes Publishing is located in Chicago, Illinois.

This is sample text data for Five Lakes Publishing, publisher 1622 in the pubs database. Five Lakes Publishing is located in Chicago, Illinois.

This is sample text data for Five Lakes Publishing, publisher 1622 in the pubs database. Five Lakes Publishing is located in Chicago, Illinois.

This is sample text data for Five Lakes Publishing, publisher 1622 in the pubs database. Five Lakes Publishing is located in Chicago, Illinois.

This is sample text data for Five Lakes Publishing, publisher 1622 in the pubs database. Five Lakes Publishing is located in Chicago, Illinois.

This is sample text data for Five Lakes Publishing, publisher 1622 in the pubs database. Five Lakes Publishing is located in Chicago, Illinois.

This is sample text data for Five Lakes Publishing, publisher 1622 in the pubs database. Five Lakes Publishing is located in Chicago, Illinois.

This is sample text data for Five Lakes Publishing, publisher 1622 in the pubs database. Five Lakes Publishing is located in Chicago, Illinois.

This is sample text data for Five Lakes Publishing, publisher 1622 in the pubs database. Five Lakes Publishing is located in Chicago, Illinois.

This is sample text data for Five Lakes Publishing, publisher 1622 in the pubs database. Five Lakes Publishing is located in Chicago, Illinois.

This is sample text data for Five Lakes Publishing, publisher 1622 in the pubs database. Five Lakes Publishing is located in Chicago, Illinois.

This is sample text data for Five Lakes Publishing, publisher 1622 in the pubs database. Five Lakes Publishing is located in Chicago, Illinois.

This is sample text data for Five Lakes Publishing, publisher 1622 in the pubs database. Five Lakes Publishing is located in Chicago, Illinois.

This is sample text data for Five Lakes Publishing, publisher 1622 in the pubs database. Five Lakes Publishing is located in Chicago, Illinois.

This is sample text data for Five Lakes Publishing, publisher 1622 in the pubs database. Five Lakes Publishing is located in Chicago, Illinois.

This is sample text data for Five Lakes Publishing, publisher 1622 in the pubs database. Five Lakes Publishing is located in Chicago, Illinois.

This is sample text data for Five Lakes Publishing, publisher 1622 in the pubs database. Five Lakes Publishing is located in Chicago, Illinois.

This is sample text data for Five Lakes Publishing, publisher 1622 in the pubs database. Five Lakes Publishing is located in Chicago, Illinois.

This is sample text data for Five Lakes Publishing, publisher 1622 in the pubs database. Five Lakes Publishing is located in Chicago, Illinois.

This is sample text data for Five Lakes Publishing, publisher 1622 in the pubs database. Five Lakes Publishing is located in Chicago, Illinois.

This is sample text data for Five Lakes Publishing, publisher 1622 in the pubs database. Five Lakes Publishing is located in Chicago, Illinois.

This is sample text data for Five Lakes Publishing, publisher 1622 in the pubs database. Five Lakes Publishing is located in Chicago, Illinois.

This is sample text data for Five Lakes Publishing, publisher 1622 in the pubs database. Five Lakes Publishing is located in Chicago, Illinois.

This is sample text data for Five Lakes Publishing, publisher 1622 in the pubs database. Five Lakes Publishing is located in Chicago, Illinois.

This is sample text data for Five Lakes Publishing, publisher 1622 in the pubs database. Five Lakes Publishing is located in Chicago, Illinois.

This is sample text data for Five Lakes Publishing, publisher 1622 in the pubs database. Five Lakes Publishing is located in Chicago, Illinois.

This is sample text data for Five Lakes Publishing, publisher 1622 in the pubs database. Five Lakes Publishing is located in Chicago, Illinois.

This is sample text data for Five Lakes Publishing, publisher 1622 in the pubs database. Five Lakes Publishing is located in Chicago, Illinois.

This is sample text data for Five Lakes Publishing, publisher 1622 in the pubs database. Five Lakes Publishing is located in Chicago, Illinois.

This is sample text data for Five Lakes Publishing, publisher 1622 in the pubs database. Five Lakes Publishing is located in Chicago, Illinois.

This is sample text data for Five Lakes Publishing, publisher 1622 in the pubs database. Five Lakes Publishing is located in Chicago, Illinois.

This is sample text data for Five Lakes Publishing, publisher 1622 in the pubs database. Five Lakes Publishing is located in Chicago, Illinois.

This is sample text data for Five Lakes Publishing, publisher 1622 in the pubs database. Five Lakes Publishing is located in Chicago, Illinois.

This is sample text data for Five Lakes Publishing, publisher 1622 in the pubs database. Five Lakes Publishing is located in Chicago, Illinois.

This is sample text data for Five Lakes Publishing, publisher 1622 in the pubs database. Five Lakes Publishing is located in Chicago, Illinois.

This is sample text data for Five Lakes Publishing, publisher 1622 in the pubs database. Five Lakes Publishing is located in Chicago, Illinois.

This is sample text data for Five Lakes Publishing, publisher 1622 in the pubs database. Five Lakes Publishing is located in Chicago, Illinois.

This is sample text data for Five Lakes Publishing, publisher 1622 in the pubs database. Five Lakes Publishing is located in Chicago, Illinois.

This is sample text data for Five Lakes Publishing, publisher 1622 in the pubs database. Five Lakes Publishing is located in Chicago, Illinois.

This is sample text data for Five Lakes Publishing, publisher 1622 in the pubs database. Five Lakes Publishing is located in Chicago, Illinois.

This is sample text data for Five Lakes Publishing, publisher 1622 in the pubs database. Five Lakes Publishing is located in Chicago, Illinois.

This is sample text data for Five Lakes Publishing, publisher 1622 in the pubs database. Five Lakes Publishing is located in Chicago, Illinois.

This is sample text data for Five Lakes Publishing, publisher 1622 in the pubs database. Five Lakes Publishing is located in Chicago, Illinois.

This is sample text data for Five Lakes Publishing, publisher 1622 in the pubs database. Five Lakes Publishing is located in Chicago, Illinois.

This is sample text data for Five Lakes Publishing, publisher 1622 in the pubs database. Five Lakes Publishing is located in Chicago, Illinois.

This is sample text data for Five Lakes Publishing, publisher 1622 in the pubs database. Five Lakes Publishing is located in Chicago, Illinois.

This is sample text data for Five Lakes Publishing, publisher 1622 in the pubs database. Five Lakes Publishing is located in Chicago, Illinois.

This is sample text data for Five Lakes Publishing, publisher 1622 in the pubs database. Five Lakes Publishing is located in Chicago, Illinois.

This is sample text data for Five Lakes Publishing, publisher 1622 in the pubs database. Five Lakes Publishing is located in Chicago, Illinois.

This is sample text data for Five Lakes Publishing, publisher 1622 in the pubs database. Five Lakes Publishing is located in Chicago, Illinois.

This is sample text data for Five Lakes Publishing, publisher 1622 in the pubs database. Five Lakes Publishing is located in Chicago, Illinois.

This is sample text data for Five Lakes Publishing, publisher 1622 in the pubs database. Five Lakes Publishing is located in Chicago, Illinois.

This is sample text data for Five Lakes Publishing, publisher 1622 in the pubs database. Five Lakes Publishing is located in Chicago, Illinois.

This is sample text data for Five Lakes Publishing, publisher 1622 in the pubs database. Five Lakes Publishing is located in Chicago, Illinois.

This is sample text data for Five Lakes Publishing, publisher 1622 in the pubs database. Five Lakes Publishing is located in Chicago, Illinois.

This is sample text data for Five Lakes Publishing, publisher 1622 in the pubs database. Five Lakes Publishing is located in Chicago, Illinois.

This is sample text data for Five Lakes Publishing, publisher 1622 in the pubs database. Five Lakes Publishing is located in Chicago, Illinois.

This is sample text data for Five Lakes Publishing, publisher 1622 in the pubs database. Five Lakes Publishing is located in Chicago, Illinois.

This is sample text data for Five Lakes Publishing, publisher 1622 in the pubs database. Five Lakes Publishing is located in Chicago, Illinois.

This is sample text data for Five Lakes Publishing, publisher 1622 in the pubs database. Five Lakes Publishing is located in Chicago, Illinois.

This is sample text data for Five Lakes Publishing, publisher 1622 in the pubs database. Five Lakes Publishing is located in Chicago, Illinois.

This is sample text data for Five Lakes Publishing, publisher 1622 in the pubs database. Five Lakes Publishing is located in Chicago, Illinois.

This is sample text data for Five Lakes Publishing, publisher 1622 in the pubs database. Five Lakes Publishing is located in Chicago, Illinois.

This is sample text data for Five Lakes Publishing, publisher 1622 in the pubs database. Five Lakes Publishing is located in Chicago, Illinois.

This is sample text data for Five Lakes Publishing, publisher 1622 in the pubs database. Five Lakes Publishing is located in Chicago, Illinois.', logo=[71, 73, 70, 56, 57, 97, -11, 0, 52, 0, -77, 15, 0, 0, 0, 0, -128, 0, 0, 0, -128, 0, -128, -128, 0, 0, 0, -128, -128, 0, -128, 0, -128, -128, -128, -128, -128, -64, -64, -64, -1, 0, 0, 0, -1, 0, -1, -1, 0, 0, 0, -1, -1, 0, -1, 0, -1, -1, -1, -1, -1, 33, -7, 4, 1, 0, 0, 15, 0, 44, 0, 0, 0, 0, -11, 0, 52, 0, 64, 4, -1, -16, -55, 73, -85, -67, 56, -21, -51, -69, -1, 96, 40, -114, 100, -39, 1, 102, -86, 1, 108, -21, -66, -80, 42, -49, 116, 109, 103, -24, 45, -62, -84, -18, -1, -64, -96, 41, -105, -77, 16, 39, -59, 33, -17, 37, 105, -115, -114, 66, 35, 14, 4, -99, 62, -118, -40, 83, 115, -123, -68, 65, 121, -37, 107, 87, 76, 38, 99, 123, -27, -117, -13, -118, 30, -77, -109, -33, 44, -27, 92, -91, 39, 49, -9, 121, 24, -66, -97, -81, -51, 97, -128, -127, 127, 105, 127, 95, 110, 108, 122, -125, 109, 98, -121, 106, -127, 122, 121, -119, -118, 126, 49, 82, 77, 112, -114, 114, -103, 21, -100, -108, 86, -110, -97, -112, 68, 119, 124, 101, 117, -91, 99, -90, -114, -126, 125, -99, 76, -115, 51, 75, -77, -80, 81, -74, -73, -72, 58, -124, -112, -71, 30, -76, -77, -67, -63, -62, 81, -95, -62, 75, -61, -56, -55, -56, -59, -60, -65, -52, -54, -48, -47, 53, -84, -61, 107, 46, 59, -68, -74, 85, -83, 28, -37, -113, 105, 33, -34, -72, -44, -118, -87, -83, -92, 96, 70, -41, -32, -36, -126, -101, -99, -104, -23, -104, -120, 120, -39, -86, -27, -82, -8, 117, -68, 109, -17, -9, -25, -93, 92, -103, 67, -15, -116, -54, 49, 117, -64, -92, 41, 92, 72, 98, 95, 59, -122, 16, 35, 74, 12, 23, -47, 89, -62, -119, 24, -107, 21, -52, 117, 49, -93, -57, -119, 27, -1, -101, 89, -6, 72, 18, 99, 72, 32, -14, 74, -86, -108, -120, 46, -91, 13, -117, -69, 62, -120, 19, 89, -117, -118, 61, 124, 13, 111, 18, -53, -121, 16, -27, -70, 117, 54, -39, -19, 60, 69, -113, -117, 80, -100, -15, 124, -23, 76, -22, 101, -113, 37, 77, -108, 72, -119, 82, -125, 6, -24, 60, 36, 80, -119, 98, -99, -38, 79, -117, -42, 88, -123, 4, -102, -53, -73, -83, -85, 42, 83, 100, -81, -38, -13, 68, -112, 39, 82, 64, -102, 96, -123, -6, 57, 16, 94, -69, 60, 45, -85, 46, 82, -6, -122, 17, -73, -84, -6, 6, 9, 86, -53, 19, 112, 89, -127, 118, -37, 62, 116, -5, -107, 108, -52, -89, 114, 7, -69, 107, -116, -86, -86, -34, -93, -1, -66, 1, -92, -116, -40, 113, -42, 85, 105, -61, 126, 37, -92, 88, -59, -55, 87, 46, 87, -86, -34, 89, -9, -12, 10, -104, -76, 86, -53, 54, 86, 15, 115, 9, 103, -77, 115, 123, 116, -83, -69, -73, -17, -38, -65, -125, 11, -25, 11, 17, -10, -56, -31, -56, 47, 49, 52, 94, 51, -71, -13, -91, -58, -104, -5, 125, 78, -99, 119, -112, -125, -44, -77, 19, -41, -104, 90, -69, 119, -32, -55, -80, 127, 31, 15, 62, -6, 113, -14, -24, -19, 86, -21, -104, -66, -67, 117, 89, 48, 111, -57, 44, 105, -107, -22, 116, -103, -13, -75, -35, -92, 3, -1, 23, 83, -118, -74, -3, 32, -55, -1, 125, 70, 61, 83, 22, -127, -105, 24, -120, -32, 16, 78, 69, 6, -99, 124, 116, 45, 88, -37, 123, 41, -76, 84, 84, -127, 27, 56, 20, 32, 99, 81, 53, -75, -40, 56, -42, -28, -121, 97, 47, -121, 109, -104, -39, -124, -73, 61, 40, 32, -121, 125, -3, -121, 21, 35, -11, -31, 97, -39, 125, -41, -4, -76, -56, 46, 49, -66, -56, 23, 104, 86, -39, -40, 72, 125, -107, -31, -27, -41, 17, 64, 26, -30, 68, -114, -15, 16, 116, -28, 126, -99, 105, 53, -109, -126, -24, -88, -121, 19, -111, -120, 12, 40, -27, -122, 22, 54, 57, -103, 80, -2, -4, -91, 94, 49, 93, -126, 121, 37, 92, 44, 106, -88, -104, -103, -74, -123, -120, -106, 28, 91, -126, -61, 102, 105, 51, 89, -15, -54, -119, -84, -84, -71, 89, -105, 29, 118, -10, -26, 96, 123, 110, 65, 14, -99, 87, -79, -87, 25, 106, 82, -67, -43, 102, 54, -52, 8, -70, 81, -100, 94, 30, -38, -121, 67, 104, -119, 6, -38, -99, 83, -14, -29, 103, -103, -106, 86, -87, 98, -110, -30, 120, 19, -105, -90, 38, 78, 98, -96, 78, 37, -2, 73, -91, -109, 84, 105, 105, 88, 64, -101, 17, -11, 39, 99, -99, -22, -56, 78, 119, -107, 85, 58, -102, -84, -88, 92, 104, -24, -105, 125, 42, 121, 25, -91, -89, -8, 51, 41, -92, 111, 13, 121, 105, -117, -10, 13, -104, 104, -116, -52, 17, -118, 108, 63, -113, 56, -26, -40, -100, -116, 18, -10, 53, -28, -111, 69, -10, 19, 45, 105, -36, -50, 104, 71, 37, -4, 5, 70, -61, -76, 8, 117, -41, -98, 112, -91, -122, 122, -126, 116, -26, -98, -117, -82, -84, 31, -18, -64, 46, -110, -18, 58, -89, -83, -96, 21, 54, 91, -17, -66, -125, -14, -21, 111, 53, 17, 0, 0, 59]}, PublisherInfo{id='1756', information='This is sample text data for Ramona Publishers, publisher 1756 in the pubs database. Ramona Publishers is located in Dallas, Texas.', logo=[71, 73, 70, 56, 57, 97, -29, 0, 37, 0, -77, 15, 0, 0, 0, 0, -128, 0, 0, 0, -128, 0, -128, -128, 0, 0, 0, -128, -128, 0, -128, 0, -128, -128, -128, -128, -128, -64, -64, -64, -1, 0, 0, 0, -1, 0, -1, -1, 0, 0, 0, -1, -1, 0, -1, 0, -1, -1, -1, -1, -1, 33, -7, 4, 1, 0, 0, 15, 0, 44, 0, 0, 0, 0, -29, 0, 37, 0, 64, 4, -1, -16, -55, 73, -85, -67, 56, -21, -51, -69, -1, 96, 40, -114, 36, 8, 88, -25, 5, -92, -46, -22, 78, 110, 12, -57, 50, 77, -47, -21, -100, -37, -70, -4, -31, -84, -121, -115, -25, -85, -67, -124, 71, 100, 82, -55, 99, 54, -97, 47, 40, -114, -109, 58, 89, 91, 64, 77, -78, 120, 52, -26, 122, 95, -20, 55, -84, -20, 81, 125, 78, -78, 78, 92, -115, 6, -103, 102, 54, 26, 94, -114, -45, -61, -36, -91, -86, 84, -71, -78, -82, 45, 66, 48, -126, -127, 127, -124, -126, -122, -119, -125, -122, -123, -121, 84, -120, 123, -118, -115, -109, -112, -108, -108, 126, -111, -117, 125, -121, -128, -107, -98, -99, -127, 124, 24, -104, 111, -94, -90, -89, 90, 123, 34, -91, -101, 55, -114, 29, -84, -82, -79, -113, 25, 64, -74, -88, -72, -88, 83, 114, 122, -75, -67, 78, 118, 103, 106, 55, -65, -71, -81, 42, 86, 77, 107, -64, 119, 110, 99, 91, -50, 109, -49, -46, -61, -56, 115, 113, 104, 121, -44, 116, 108, 96, 83, -38, 118, -32, -38, -77, -95, 51, -42, -43, -78, -112, -110, -97, -100, -22, -19, -21, 111, -96, -60, 53, -17, -98, -105, -11, -104, -106, -20, 40, -18, -6, -99, -1, 105, -94, 28, 27, -76, -54, 30, 62, 99, 8, 77, -76, 43, -105, 15, -42, 64, 125, 5, -55, -27, -110, -104, -80, -94, -59, -117, 24, 51, 122, -96, -24, -115, -93, 70, -115, -61, -1, -48, 105, 33, -121, -89, -104, 47, 95, 34, 113, -79, 82, 22, 45, -27, 71, -107, -50, -80, -16, -38, -8, -21, -38, 42, -109, 47, 31, -14, 3, -77, -116, 72, 75, 110, -48, 118, 116, 25, 74, -51, 99, -106, 121, 66, 75, 78, -37, 54, 39, -101, 77, 56, 82, -2, 16, -107, 38, 103, 67, -107, 81, 56, -59, 32, -102, -38, 109, 92, -78, 109, -51, -4, 100, 77, -45, 81, -22, -49, -128, 75, -51, 50, 66, 26, 86, 45, -74, -106, 95, 37, -86, -35, 17, -80, 86, -67, 123, -92, 54, -55, 3, -24, 42, 29, 74, 61, 2, 71, 105, -70, -25, 119, -80, -69, 120, -121, -11, 26, 14, 2, 46, -107, -119, -68, -4, -32, -35, 101, 39, 89, 114, 35, -60, -111, 117, 2, -84, -68, -8, -43, -26, -60, -97, 11, 111, -90, 7, 81, -89, -62, 116, -118, 62, -25, -35, 107, 112, -75, 98, -113, -102, 88, 115, -58, -37, 89, 54, -27, 126, -72, 67, -57, 38, 4, 59, -107, -21, -34, 57, 79, 53, -124, -20, 112, -106, -19, -115, -90, 13, -122, 0, 30, -68, -71, -13, -25, 47, -103, 67, -97, 14, 125, -20, 114, -105, -70, -124, -39, -110, 78, -3, -79, 26, 101, 86, 107, -114, -5, 81, 12, 124, -62, 88, -37, -73, 119, -97, 120, 52, -87, 117, 110, 108, -105, -47, 20, -7, 94, 84, 41, -15, 60, -27, -9, -7, -86, -11, 28, -103, 105, 40, 96, 71, 16, -1, 84, 74, -3, -57, -105, 23, -63, 12, -40, 81, 87, -58, -19, -41, 95, 126, -76, -100, -127, -44, 92, 94, -87, 103, 78, 91, -69, -96, 101, -108, 27, -5, 69, -13, -42, 45, 94, -103, -31, 20, -120, 81, 101, 104, -95, 93, 18, -110, 37, 95, 99, 94, -128, 69, -32, 82, 15, 62, 21, -96, 121, -115, -75, -59, -96, -127, 5, -18, 82, -29, -120, 76, 5, 37, 87, 120, -26, -11, -60, -94, -121, -52, -76, -40, 77, 29, 65, -50, 8, -51, -111, 60, 86, 101, 100, -126, -22, -19, -24, -29, -115, 113, -71, 116, 85, 60, 25, -98, -61, 36, 87, 60, 54, 105, 35, 124, 88, 85, -120, -27, 45, 26, -50, 4, -97, -123, 82, 22, 72, 101, -107, 86, -51, -125, 68, 93, 39, -55, -12, -42, -123, 1, -50, 88, 14, 49, 116, -114, -44, -108, -116, 14, 62, -120, -107, -101, 37, 124, -121, -29, -99, 10, -114, -59, -40, 18, 85, -110, 52, -103, 106, -98, -27, -74, -24, 100, -2, 49, -70, 82, 98, -105, 29, -28, 15, -91, -73, 93, -102, 72, 122, -102, 121, -105, 92, 106, -75, -35, 6, -22, 108, -54, -99, -71, 79, -90, -95, 86, -118, -40, -92, -61, 61, -70, 106, 89, -107, -18, 84, 80, -84, 10, -94, 74, -100, 109, -70, -23, -10, -120, 60, -76, -119, 118, -48, -85, -88, -39, 10, -87, -88, -115, 98, 70, -62, -85, -93, -2, -118, 27, 67, -54, 34, -101, -100, 88, -81, -63, 30, 7, 26, -79, -47, -66, 54, 109, -75, -55, -82, -123, -36, -92, -123, -107, 70, 107, -125, -84, -107, -58, 29, -90, 13, 17, 70, -18, -77, -69, -127, 122, -38, 64, -96, -116, -5, -37, -78, -21, -103, 114, -21, 110, -37, 102, -46, 109, 113, 118, -115, 91, 43, 31, -17, -58, 91, 17, -81, -91, -6, -106, -55, 58, -11, 10, -90, -81, -66, -2, 38, 60, 29, -64, -4, -94, -85, -118, -62, 16, 71, 44, 49, 10, 17, 0, 0, 59]}, PublisherInfo{id='9901', information='This is sample text data for GGG&G, publisher 9901 in the pubs database. GGG&G is located in M?nchen, Germany.', logo=[71, 73, 70, 56, 57, 97, 93, 0, 34, 0, -77, 15, 0, 0, 0, 0, -128, 0, 0, 0, -128, 0, -128, -128, 0, 0, 0, -128, -128, 0, -128, 0, -128, -128, -128, -128, -128, -64, -64, -64, -1, 0, 0, 0, -1, 0, -1, -1, 0, 0, 0, -1, -1, 0, -1, 0, -1, -1, -1, -1, -1, 33, -7, 4, 1, 0, 0, 15, 0, 44, 0, 0, 0, 0, 93, 0, 34, 0, 64, 4, -1, -16, -55, 73, -85, -67, 56, -21, -51, -5, 3, -33, 7, -116, 36, -104, -107, -93, -122, -86, 104, -69, -98, 110, 10, -50, 98, 58, -67, 27, -55, -23, -104, 93, -1, -72, -98, -114, 54, 107, -19, 120, 44, 83, 50, 86, 58, -70, 66, 69, -90, 116, 74, -83, 90, -81, 77, 34, 118, -53, -19, 94, -95, -48, 38, -59, 40, -78, 48, -51, 56, -78, -55, 39, 33, -41, -116, -60, 119, 37, 38, 116, -113, -97, 97, 30, -78, -115, -25, -81, -30, 94, -127, -126, -125, 96, 74, 30, -121, -120, -119, -118, 115, -123, -125, -114, -113, 85, -123, 111, 108, 44, 29, -122, 57, 47, 107, -105, 48, 112, -115, 108, 84, 119, 103, 55, 88, -93, -122, 94, -110, 98, 126, -108, 117, 78, 23, 54, -105, -90, -87, 117, -128, -109, 104, -108, -101, -78, -82, 123, -102, 104, 101, -86, 115, 79, -128, -94, -95, 125, -91, 118, -86, 91, -74, 103, -62, -112, -51, -50, 67, 121, -49, -46, -50, -98, -45, -42, -89, -52, -41, -38, -92, -39, -57, -109, 65, -56, -71, -33, 95, -64, 82, -88, -34, -70, -101, -74, -106, 118, 123, -100, 127, -43, -72, -69, -14, 62, -85, -71, 112, 107, -54, -27, -16, 90, -73, -26, -60, -57, 72, -115, -38, -9, 37, 27, -64, 98, 83, 14, -2, -109, 99, -116, 91, 53, -128, -20, -44, -107, 19, 18, -62, 23, -60, 37, -25, 62, -119, -45, -121, 9, -41, -99, -127, 13, 57, 59, -46, 10, 82, -116, -32, -86, 112, 74, -94, -44, -45, 8, 46, 88, 60, -119, -67, 44, 45, 114, 7, 83, -31, -56, -110, 38, -105, -44, 76, -10, -82, 83, -65, 109, 64, 65, 117, 11, 74, -44, 103, -59, 69, 72, -109, 42, 29, 115, 116, -87, -45, -89, -119, 0, 68, 0, 0, 59]}, PublisherInfo{id='9952', information='This is sample text data for Scootney Books, publisher 9952 in the pubs database. Scootney Books is located in New York City, New York.', logo=[71, 73, 70, 56, 57, 97, 7, 1, 40, 0, -77, 15, 0, 0, 0, 0, -128, 0, 0, 0, -128, 0, -128, -128, 0, 0, 0, -128, -128, 0, -128, 0, -128, -128, -128, -128, -128, -64, -64, -64, -1, 0, 0, 0, -1, 0, -1, -1, 0, 0, 0, -1, -1, 0, -1, 0, -1, -1, -1, -1, -1, 33, -7, 4, 1, 0, 0, 15, 0, 44, 0, 0, 0, 0, 7, 1, 40, 0, 64, 4, -1, -16, -55, 73, -85, -67, 56, -21, -51, -69, -1, 96, 40, -114, 100, 105, 102, 0, 5, -84, 44, 123, -75, 109, 5, -89, -46, 76, 79, 51, -98, 63, 118, 95, -57, 22, -104, 12, 56, 36, -14, -124, 24, -28, -47, -91, 82, -38, -118, -52, -91, 81, 122, 123, 82, 111, 39, 89, 18, 105, 13, 42, -101, -47, 29, 20, -85, -117, -126, 87, -25, -23, 119, 107, -34, -28, 82, -62, 39, -100, 71, -91, -53, -19, -17, 43, 60, 63, -65, -97, -56, 89, -127, -126, 29, 125, 118, -122, -123, -120, -121, -118, -119, -116, -117, -125, -113, 28, -115, -110, -114, 115, 56, -112, -126, -109, -103, -108, -101, -105, -99, -98, -97, -96, 116, -95, -93, -92, -91, -90, -89, 69, -113, 88, 62, 105, -128, 63, 83, -81, 76, 98, -83, 94, 109, -79, 59, 107, 61, -82, -84, 110, -70, 100, -77, 101, -78, 107, -73, -85, -66, -75, -64, 127, -76, 40, -68, -60, -56, -63, -52, -57, -69, -80, 101, 99, 124, 122, -101, 123, -66, -116, -38, -37, -38, -117, 124, 49, -39, -31, -40, -114, 47, -88, -98, -102, -23, -28, -102, -25, -19, -92, -115, -94, -18, -14, -13, -12, -11, -105, -82, -10, -7, -6, -5, -4, -128, 93, 108, -46, -116, 1, 100, -58, 77, 24, -66, 58, -83, -120, -40, 122, -91, -63, -37, -64, 127, -43, -100, -27, 66, -109, -16, -32, -120, 42, -61, -98, -39, -54, 40, -122, -29, 48, -113, -77, -1, 38, 46, -68, 114, 109, 89, 24, 35, 32, 79, 46, 12, 9, -92, -93, -77, 44, -2, -84, -68, 36, 25, -115, -122, -60, -113, -45, -30, 8, -44, 56, 50, -29, -64, 103, 26, 45, -119, 115, 113, 103, 40, 26, -93, 51, 33, -102, -64, 72, -48, 97, 73, -102, 60, -125, -66, -56, 9, 11, -40, 78, 90, -103, -34, -128, -117, 115, 13, -23, 81, 107, 114, 124, -24, 90, -25, -63, 34, -65, 115, -22, -46, -110, 85, -53, 118, -83, -37, -74, -20, 84, -100, -123, 4, -9, -83, 93, -77, 115, 67, -87, -115, -105, 87, 110, -35, -65, 124, -5, 10, -18, -124, 87, -17, 93, 78, -125, 19, 43, -82, -79, -72, -79, -29, -57, 73, 32, 75, -98, -84, -72, 48, -27, -53, -104, 77, -31, -13, 57, -92, -31, -52, -120, -55, 60, -73, -39, -119, -41, 34, 52, -47, -45, -90, 114, -2, -8, 80, 85, -60, -125, -56, 10, 6, 116, 42, -37, 102, 79, 53, 99, 17, -98, 65, 125, 90, -113, 82, -33, -79, 81, 42, -20, 93, -126, -23, -56, 102, 42, 71, 127, -79, -102, 114, -74, -14, -25, 20, 65, 63, -115, 6, 84, -86, 117, -88, -60, -58, 72, -3, -68, 52, 106, -51, -51, 84, -121, -81, -60, 57, -66, -117, -56, -24, -86, 127, 107, -41, 125, 43, 125, -12, -26, -59, -120, 46, 87, -33, -67, -30, -11, 106, -18, 109, -121, -33, -72, -65, -32, 107, -25, -24, -15, -58, -53, -50, 77, 45, -63, 87, 81, -128, 60, 89, 86, 86, 126, -6, 29, 71, -96, 65, -27, -15, 23, 97, -125, -52, 29, 87, 29, 33, -62, -123, 3, -106, 86, 92, -11, -79, -43, 87, 29, -118, -62, 29, 8, -32, -103, -95, 94, -123, 38, -98, -121, 32, 123, 23, 54, -77, 30, 111, -26, 32, 50, 78, 88, 33, 22, -11, 33, 81, 120, -56, 103, 99, 81, -118, -112, 104, -33, 127, -24, -55, -58, 32, 125, -51, 1, 4, -92, 123, 107, 113, 115, -120, -112, 30, -6, 39, 35, -114, 52, -126, 69, 78, 67, -69, 97, -24, -45, -120, -9, -3, 68, -35, 50, 71, 62, 121, -44, 58, 82, 118, 51, 35, 37, 97, -26, -8, 101, 54, 102, 2, 86, -119, 22, -103, -47, 117, -104, -102, 111, 26, 2, 10, -100, 117, -55, -43, -26, -126, 116, -58, 25, -41, -99, -111, -75, -59, 24, -97, 121, 6, -54, 103, 41, 113, 41, -40, -113, -98, -120, 26, 58, -88, 62, -118, -74, 35, -24, 94, -117, 14, -38, -24, -100, -119, 34, 22, -23, -91, -124, -72, 3, 24, -90, -100, 126, 50, 105, -89, -96, 70, -6, 105, -88, -92, -74, 9, 64, 4, 0, 59]}, PublisherInfo{id='9999', information='This is sample text data for Lucerne Publishing, publisher 9999 in the pubs database. Lucerne publishing is located in Paris, France.

This is sample text data for Lucerne Publishing, publisher 9999 in the pubs database. Lucerne publishing is located in Paris, France.

This is sample text data for Lucerne Publishing, publisher 9999 in the pubs database. Lucerne publishing is located in Paris, France.

This is sample text data for Lucerne Publishing, publisher 9999 in the pubs database. Lucerne publishing is located in Paris, France.', logo=[71, 73, 70, 56, 57, 97, -87, 0, 36, 0, -77, 15, 0, 0, 0, 0, -128, 0, 0, 0, -128, 0, -128, -128, 0, 0, 0, -128, -128, 0, -128, 0, -128, -128, -128, -128, -128, -64, -64, -64, -1, 0, 0, 0, -1, 0, -1, -1, 0, 0, 0, -1, -1, 0, -1, 0, -1, -1, -1, -1, -1, 33, -7, 4, 1, 0, 0, 15, 0, 44, 0, 0, 0, 0, -87, 0, 36, 0, 64, 4, -1, -16, -55, 73, -85, -67, 56, -21, -51, -69, -1, 96, -8, 1, 26, 96, -98, 103, 101, 62, -88, -44, -118, 112, 44, -49, -12, 69, 102, 104, -98, -42, 124, -17, -1, 35, -43, -114, 117, 19, -74, -122, 68, 74, 110, -94, 107, 18, 111, -56, -25, 74, -56, 36, 33, -89, -85, -27, -12, 89, 77, 97, -73, -69, -16, -42, -11, 98, 113, -102, 104, -96, 122, -51, -58, 56, -103, 37, 116, -102, -4, 110, -37, -17, -68, -94, 77, 62, -106, -30, -1, -128, 61, 122, 22, 114, 70, -127, 49, 115, 110, 73, 74, -117, 92, -124, -115, -122, 51, -125, 75, -111, 110, 89, -117, 101, 126, 74, -125, -112, 95, 125, -101, 123, 86, -104, 96, 100, -96, -101, -94, -90, -115, 99, 96, 58, 46, 113, 124, -108, -121, -78, -77, 32, -100, -89, -83, 82, 89, 71, 81, -76, -67, -128, -74, 93, 117, -73, -103, -66, -59, -65, -81, 124, -58, -54, -53, 102, 56, -123, 42, -52, 64, -97, -112, 27, -45, 62, -74, -68, -51, -63, -47, -50, -87, -106, 123, 35, -64, -126, -61, 112, -106, 98, -90, -97, -92, -91, -111, -25, -82, -124, -40, 122, 95, -96, -85, 80, 47, 67, -84, 93, 116, -21, -109, 103, -80, 98, 69, -109, -6, 92, -79, 1, -19, 20, 65, 115, -27, -12, 49, 90, -24, 72, 91, 66, -121, -4, -66, 57, -28, 70, -79, 98, 65, 115, -2, -84, 89, -36, 40, 9, 89, 70, 35, -39, -61, 56, -118, 84, -28, -84, -43, -100, 100, 35, 83, -30, -16, -104, -23, 25, 49, -107, 48, -35, 97, -60, 5, -57, -53, -53, -104, 49, -59, -27, -94, 25, 44, 36, 78, -104, 58, 63, -2, 28, -38, 33, 40, 44, -94, 72, -85, -79, -116, 37, 51, 105, 82, -93, -119, -42, -119, -28, -119, -80, -46, 68, -125, 36, 59, 102, -51, -121, 117, -93, 21, -128, 26, -91, -90, 10, 107, 45, -84, 7, 78, 55, 65, -42, -69, -88, -112, 43, -90, -121, -23, -90, -47, -93, -74, -42, -47, 92, 116, 96, -57, 122, -93, -29, -27, 86, -41, -98, -70, -12, -86, -86, -78, -49, -49, 87, -122, 113, -33, -34, 101, 117, -104, 48, 93, 81, -9, -66, 94, 90, 37, 54, 30, -45, 56, -114, -19, 10, -124, -78, -73, 83, 93, 96, 114, -63, -42, 45, -75, 88, -117, -27, -52, -91, -79, -67, -93, 119, -71, -98, 60, -66, -98, -38, 49, -108, 74, -107, 26, -33, 125, -79, 82, 99, -95, 66, -101, 55, -69, 126, 66, -99, -114, -60, -41, 84, -72, 113, 100, 7, -113, 43, -121, 1, 32, 2, 0, 59]}]
]]></system-out>
    <system-err><![CDATA[Mar 18, 2021 11:04:51 PM com.microsoft.sqlserver.jdbc.SQLServerConnection Prelogin
WARNING: ConnectionID:69 ClientConnectionId: ab61e3d9-4a43-4e98-b442-2fe6fff65c91 Prelogin error: host localhost port 49403 Unexpected end of prelogin response after 0 bytes read
Mar 18, 2021 11:04:51 PM com.microsoft.sqlserver.jdbc.SQLServerConnection Prelogin
WARNING: ConnectionID:69 ClientConnectionId: c74b7348-1c08-4bdc-975f-798741d67292 Prelogin error: host localhost port 49403 Unexpected end of prelogin response after 0 bytes read
Mar 18, 2021 11:04:51 PM com.microsoft.sqlserver.jdbc.SQLServerConnection Prelogin
WARNING: ConnectionID:69 ClientConnectionId: 3547af30-c16f-4f00-bc63-1c1c6e2aab70 Prelogin error: host localhost port 49403 Unexpected end of prelogin response after 0 bytes read
Mar 18, 2021 11:04:51 PM com.microsoft.sqlserver.jdbc.SQLServerConnection Prelogin
WARNING: ConnectionID:69 ClientConnectionId: 4841a318-8de7-4682-af56-dc68e039cc89 Prelogin error: host localhost port 49403 Unexpected end of prelogin response after 0 bytes read
Mar 18, 2021 11:04:52 PM com.microsoft.sqlserver.jdbc.SQLServerConnection Prelogin
WARNING: ConnectionID:69 ClientConnectionId: e7921659-937d-4cd1-a03a-3b21641d51ea Prelogin error: host localhost port 49403 Unexpected end of prelogin response after 0 bytes read
Mar 18, 2021 11:04:53 PM com.microsoft.sqlserver.jdbc.SQLServerConnection Prelogin
WARNING: ConnectionID:69 ClientConnectionId: 22ef5ecd-45d3-478b-ab76-ba55a0c347bf Prelogin error: host localhost port 49403 Unexpected end of prelogin response after 0 bytes read
Mar 18, 2021 11:04:54 PM com.microsoft.sqlserver.jdbc.SQLServerConnection Prelogin
WARNING: ConnectionID:69 ClientConnectionId: fc5e1fb0-8395-48bd-9760-829441f1636b Prelogin error: host localhost port 49403 Unexpected end of prelogin response after 0 bytes read
Mar 18, 2021 11:04:55 PM com.microsoft.sqlserver.jdbc.SQLServerConnection Prelogin
WARNING: ConnectionID:69 ClientConnectionId: 66bfa3ca-eacc-47cd-8a00-3e3aff18ff15 Prelogin error: host localhost port 49403 Unexpected end of prelogin response after 0 bytes read
Mar 18, 2021 11:04:56 PM com.microsoft.sqlserver.jdbc.SQLServerConnection Prelogin
WARNING: ConnectionID:69 ClientConnectionId: f7defd62-4b70-43ba-8d69-882d94f9b998 Prelogin error: host localhost port 49403 Unexpected end of prelogin response after 0 bytes read
Mar 18, 2021 11:04:57 PM com.microsoft.sqlserver.jdbc.SQLServerConnection Prelogin
WARNING: ConnectionID:69 ClientConnectionId: 8e93fe3a-a508-4d82-9b64-7ec413e7503e Prelogin error: host localhost port 49403 Unexpected end of prelogin response after 0 bytes read
Mar 18, 2021 11:04:58 PM com.microsoft.sqlserver.jdbc.SQLServerConnection Prelogin
WARNING: ConnectionID:69 ClientConnectionId: 914fdb1d-383c-446f-9930-693b62134144 Prelogin error: host localhost port 49403 Unexpected end of prelogin response after 0 bytes read
Mar 18, 2021 11:04:59 PM com.microsoft.sqlserver.jdbc.SQLServerConnection Prelogin
WARNING: ConnectionID:69 ClientConnectionId: 481dff3b-cebb-43e1-ae54-e97b2d7b11a7 Prelogin error: host localhost port 49403 Unexpected end of prelogin response after 0 bytes read
Mar 18, 2021 11:05:00 PM com.microsoft.sqlserver.jdbc.SQLServerConnection Prelogin
WARNING: ConnectionID:69 ClientConnectionId: fb1b54e2-0ac0-48de-9682-7d3c4761dcfa Prelogin error: host localhost port 49403 Unexpected end of prelogin response after 0 bytes read
Mar 18, 2021 11:05:01 PM com.microsoft.sqlserver.jdbc.SQLServerConnection Prelogin
WARNING: ConnectionID:69 ClientConnectionId: c2d4449c-fead-48e9-81af-3783f4c15e2d Prelogin error: host localhost port 49403 Unexpected end of prelogin response after 0 bytes read
Mar 18, 2021 11:05:02 PM com.microsoft.sqlserver.jdbc.SQLServerConnection Prelogin
WARNING: ConnectionID:69 ClientConnectionId: 8aa43a4d-59fe-4ce3-acf7-babcaf0d2923 Prelogin error: host localhost port 49403 Unexpected end of prelogin response after 0 bytes read
Mar 18, 2021 11:05:03 PM com.microsoft.sqlserver.jdbc.SQLServerConnection Prelogin
WARNING: ConnectionID:69 ClientConnectionId: 877f7f11-2d55-42e9-bc80-a0c1e731d4e9 Prelogin error: host localhost port 49403 Unexpected end of prelogin response after 0 bytes read
Mar 18, 2021 11:05:04 PM com.microsoft.sqlserver.jdbc.SQLServerConnection Prelogin
WARNING: ConnectionID:69 ClientConnectionId: d2533ee0-7932-4157-b8d0-ec22414b4020 Prelogin error: host localhost port 49403 Unexpected end of prelogin response after 0 bytes read
Mar 18, 2021 11:05:05 PM com.microsoft.sqlserver.jdbc.SQLServerConnection Prelogin
WARNING: ConnectionID:69 ClientConnectionId: b7bd4eee-fd91-4ca6-aa6c-4f3549b5e582 Prelogin error: host localhost port 49403 Unexpected end of prelogin response after 0 bytes read
Mar 18, 2021 11:05:06 PM com.microsoft.sqlserver.jdbc.SQLServerConnection Prelogin
WARNING: ConnectionID:70 ClientConnectionId: 2792d978-32d1-4f88-8584-9060ee2e956a Prelogin error: host localhost port 49403 Unexpected end of prelogin response after 0 bytes read
Mar 18, 2021 11:05:06 PM com.microsoft.sqlserver.jdbc.SQLServerConnection Prelogin
WARNING: ConnectionID:70 ClientConnectionId: 171d0229-c5a3-46dd-9cab-d6f79a1e25d7 Prelogin error: host localhost port 49403 Unexpected end of prelogin response after 0 bytes read
Mar 18, 2021 11:05:06 PM com.microsoft.sqlserver.jdbc.SQLServerConnection Prelogin
WARNING: ConnectionID:70 ClientConnectionId: 09d49f83-d264-460d-905a-576de0eed02c Prelogin error: host localhost port 49403 Unexpected end of prelogin response after 0 bytes read
Mar 18, 2021 11:05:06 PM com.microsoft.sqlserver.jdbc.SQLServerConnection Prelogin
WARNING: ConnectionID:70 ClientConnectionId: ef565627-53d8-46f0-b54f-264f85093d7c Prelogin error: host localhost port 49403 Unexpected end of prelogin response after 0 bytes read
Mar 18, 2021 11:05:07 PM com.microsoft.sqlserver.jdbc.SQLServerConnection Prelogin
WARNING: ConnectionID:70 ClientConnectionId: 481801aa-9593-4740-87bc-a8da484933b9 Prelogin error: host localhost port 49403 Unexpected end of prelogin response after 0 bytes read
Mar 18, 2021 11:05:08 PM com.microsoft.sqlserver.jdbc.SQLServerConnection Prelogin
WARNING: ConnectionID:70 ClientConnectionId: 8a2e2989-8130-45b9-a675-ca666555ccc9 Prelogin error: host localhost port 49403 Unexpected end of prelogin response after 0 bytes read
Mar 18, 2021 11:05:09 PM com.microsoft.sqlserver.jdbc.SQLServerConnection Prelogin
WARNING: ConnectionID:70 ClientConnectionId: 0ffb9614-c08c-4e32-99b2-5c65e5cc59a3 Prelogin error: host localhost port 49403 Unexpected end of prelogin response after 0 bytes read
Mar 18, 2021 11:05:10 PM com.microsoft.sqlserver.jdbc.SQLServerConnection Prelogin
WARNING: ConnectionID:70 ClientConnectionId: 5a624dc9-3a11-4d08-bee0-9ccc5d86974d Prelogin error: host localhost port 49403 Unexpected end of prelogin response after 0 bytes read
Mar 18, 2021 11:05:11 PM com.microsoft.sqlserver.jdbc.SQLServerConnection Prelogin
WARNING: ConnectionID:70 ClientConnectionId: 19fc9fbb-6902-4444-ac7c-1ac2fdf152b8 Prelogin error: host localhost port 49403 Unexpected end of prelogin response after 0 bytes read
Mar 18, 2021 11:05:12 PM com.microsoft.sqlserver.jdbc.SQLServerConnection Prelogin
WARNING: ConnectionID:70 ClientConnectionId: 7434e7fe-f749-4afc-b585-11d851ae5257 Prelogin error: host localhost port 49403 Unexpected end of prelogin response after 0 bytes read
Mar 18, 2021 11:05:13 PM com.microsoft.sqlserver.jdbc.SQLServerConnection Prelogin
WARNING: ConnectionID:70 ClientConnectionId: 12f939aa-d4c5-4615-826b-425d0be943e0 Prelogin error: host localhost port 49403 Unexpected end of prelogin response after 0 bytes read
Mar 18, 2021 11:05:14 PM com.microsoft.sqlserver.jdbc.SQLServerConnection Prelogin
WARNING: ConnectionID:70 ClientConnectionId: d38fae7f-ff1f-417c-8cc2-5e82ade25156 Prelogin error: host localhost port 49403 Unexpected end of prelogin response after 0 bytes read
Mar 18, 2021 11:05:15 PM com.microsoft.sqlserver.jdbc.SQLServerConnection Prelogin
WARNING: ConnectionID:70 ClientConnectionId: 845a8341-e60a-449c-97f4-6601c59a76f1 Prelogin error: host localhost port 49403 Unexpected end of prelogin response after 0 bytes read
Mar 18, 2021 11:05:16 PM com.microsoft.sqlserver.jdbc.SQLServerConnection Prelogin
WARNING: ConnectionID:70 ClientConnectionId: 26ee7b84-8914-4137-94f2-0dc9a9f18950 Prelogin error: host localhost port 49403 Unexpected end of prelogin response after 0 bytes read
Mar 18, 2021 11:05:17 PM com.microsoft.sqlserver.jdbc.SQLServerConnection Prelogin
WARNING: ConnectionID:70 ClientConnectionId: 929b1a67-167b-4108-9a69-1f9fb9f93959 Prelogin error: host localhost port 49403 Unexpected end of prelogin response after 0 bytes read
Mar 18, 2021 11:05:19 PM com.microsoft.sqlserver.jdbc.SQLServerConnection Prelogin
WARNING: ConnectionID:70 ClientConnectionId: 0e8dadd1-8637-4b6d-a825-bff76db24076 Prelogin error: host localhost port 49403 Unexpected end of prelogin response after 0 bytes read
]]></system-err>
  </testcase>
  <testcase name="testJobTypes" classname="net.sf.persism.TestPubs" time="0.063">
    <system-out><![CDATA[INFO  Mar 18 23:05:42 net.sf.persism.BaseTest - USE PUBS
INFO  Mar 18 23:05:42 net.sf.persism.TestPubs - [
JobType{jobId=1, description='New Hire - Job not specified', minLevel=10, maxLevel=10}, 
JobType{jobId=2, description='Chief Executive Officer', minLevel=200, maxLevel=250}, 
JobType{jobId=3, description='Business Operations Manager', minLevel=175, maxLevel=225}, 
JobType{jobId=4, description='Chief Financial Officier', minLevel=175, maxLevel=250}, 
JobType{jobId=5, description='Publisher', minLevel=150, maxLevel=250}, 
JobType{jobId=6, description='Managing Editor', minLevel=140, maxLevel=225}, 
JobType{jobId=7, description='Marketing Manager', minLevel=120, maxLevel=200}, 
JobType{jobId=8, description='Public Relations Manager', minLevel=100, maxLevel=175}, 
JobType{jobId=9, description='Acquisitions Manager', minLevel=75, maxLevel=175}, 
JobType{jobId=10, description='Productions Manager', minLevel=75, maxLevel=165}, 
JobType{jobId=11, description='Operations Manager', minLevel=75, maxLevel=150}, 
JobType{jobId=12, description='Editor', minLevel=25, maxLevel=100}, 
JobType{jobId=13, description='Sales Representative', minLevel=25, maxLevel=100}, 
JobType{jobId=14, description='Designer', minLevel=25, maxLevel=100}]
INFO  Mar 18 23:05:42 net.sf.persism.TestPubs - 14
]]></system-out>
  </testcase>
</testsuite>