<?xml version="1.0" encoding="UTF-8"?>
<testsuite xmlns:xsi="http://www.w3.org/2001/XMLSchema-instance" xsi:noNamespaceSchemaLocation="https://maven.apache.org/surefire/maven-surefire-plugin/xsd/surefire-test-report-3.0.xsd" version="3.0" name="net.sf.persism.TestMetaData" time="0.384" tests="11" errors="0" skipped="0" failures="0">
  <properties>
    <property name="sun.desktop" value="windows"/>
    <property name="awt.toolkit" value="sun.awt.windows.WToolkit"/>
    <property name="file.encoding.pkg" value="sun.io"/>
    <property name="java.specification.version" value="1.8"/>
    <property name="sun.cpu.isalist" value="amd64"/>
    <property name="sun.jnu.encoding" value="Cp1252"/>
    <property name="java.class.path" value="C:\Users\Pablo\git\Persism\target\test-classes;C:\Users\Pablo\git\Persism\target\classes;C:\Users\Pablo\.m2\repository\junit\junit\4.13.2\junit-4.13.2.jar;C:\Users\Pablo\.m2\repository\org\hamcrest\hamcrest-core\1.3\hamcrest-core-1.3.jar;C:\Users\Pablo\.m2\repository\org\testcontainers\testcontainers\1.15.2\testcontainers-1.15.2.jar;C:\Users\Pablo\.m2\repository\org\slf4j\slf4j-api\1.7.30\slf4j-api-1.7.30.jar;C:\Users\Pablo\.m2\repository\org\apache\commons\commons-compress\1.20\commons-compress-1.20.jar;C:\Users\Pablo\.m2\repository\org\rnorth\duct-tape\duct-tape\1.0.8\duct-tape-1.0.8.jar;C:\Users\Pablo\.m2\repository\org\rnorth\visible-assertions\visible-assertions\2.1.2\visible-assertions-2.1.2.jar;C:\Users\Pablo\.m2\repository\net\java\dev\jna\jna\5.2.0\jna-5.2.0.jar;C:\Users\Pablo\.m2\repository\com\github\docker-java\docker-java-api\3.2.7\docker-java-api-3.2.7.jar;C:\Users\Pablo\.m2\repository\com\fasterxml\jackson\core\jackson-annotations\2.10.3\jackson-annotations-2.10.3.jar;C:\Users\Pablo\.m2\repository\com\github\docker-java\docker-java-transport-zerodep\3.2.7\docker-java-transport-zerodep-3.2.7.jar;C:\Users\Pablo\.m2\repository\com\github\docker-java\docker-java-transport\3.2.7\docker-java-transport-3.2.7.jar;C:\Users\Pablo\.m2\repository\ch\qos\logback\logback-classic\1.2.3\logback-classic-1.2.3.jar;C:\Users\Pablo\.m2\repository\ch\qos\logback\logback-core\1.2.3\logback-core-1.2.3.jar;C:\Users\Pablo\.m2\repository\log4j\log4j\1.2.17\log4j-1.2.17.jar;C:\Users\Pablo\.m2\repository\commons-dbcp\commons-dbcp\1.4\commons-dbcp-1.4.jar;C:\Users\Pablo\.m2\repository\commons-pool\commons-pool\1.5.4\commons-pool-1.5.4.jar;C:\Users\Pablo\.m2\repository\org\firebirdsql\jdbc\jaybird\4.0.2.java8\jaybird-4.0.2.java8.jar;C:\Users\Pablo\.m2\repository\javax\resource\connector-api\1.5\connector-api-1.5.jar;C:\Users\Pablo\.m2\repository\org\antlr\antlr4-runtime\4.7.2\antlr4-runtime-4.7.2.jar;C:\Users\Pablo\.m2\repository\org\firebirdsql\firebird-testcontainers-java\1.1.0\firebird-testcontainers-java-1.1.0.jar;C:\Users\Pablo\.m2\repository\org\testcontainers\jdbc\1.15.1\jdbc-1.15.1.jar;C:\Users\Pablo\.m2\repository\org\testcontainers\database-commons\1.15.1\database-commons-1.15.1.jar;C:\Users\Pablo\.m2\repository\com\h2database\h2\1.4.200\h2-1.4.200.jar;C:\Users\Pablo\.m2\repository\org\hsqldb\hsqldb\2.5.1\hsqldb-2.5.1-debug.jar;C:\Users\Pablo\.m2\repository\org\apache\derby\derby\10.8.2.2\derby-10.8.2.2.jar;C:\Users\Pablo\.m2\repository\com\microsoft\sqlserver\mssql-jdbc\9.2.0.jre8\mssql-jdbc-9.2.0.jre8.jar;C:\Users\Pablo\.m2\repository\org\testcontainers\mssqlserver\1.15.2\mssqlserver-1.15.2.jar;C:\Users\Pablo\.m2\repository\mysql\mysql-connector-java\8.0.23\mysql-connector-java-8.0.23.jar;C:\Users\Pablo\.m2\repository\com\google\protobuf\protobuf-java\3.11.4\protobuf-java-3.11.4.jar;C:\Users\Pablo\.m2\repository\org\testcontainers\mysql\1.15.2\mysql-1.15.2.jar;C:\Users\Pablo\.m2\repository\net\sourceforge\jtds\jtds\1.3.1\jtds-1.3.1.jar;C:\Users\Pablo\.m2\repository\com\oracle\database\jdbc\ojdbc10\19.10.0.0\ojdbc10-19.10.0.0.jar;C:\Users\Pablo\.m2\repository\org\postgresql\postgresql\9.2-1004-jdbc41\postgresql-9.2-1004-jdbc41.jar;C:\Users\Pablo\.m2\repository\org\testcontainers\postgresql\1.15.2\postgresql-1.15.2.jar;C:\Users\Pablo\.m2\repository\org\xerial\sqlite-jdbc\3.34.0\sqlite-jdbc-3.34.0.jar;"/>
    <property name="java.vm.vendor" value="Oracle Corporation"/>
    <property name="sun.arch.data.model" value="64"/>
    <property name="user.variant" value=""/>
    <property name="java.vendor.url" value="http://java.oracle.com/"/>
    <property name="user.timezone" value="America/Buenos_Aires"/>
    <property name="java.vm.specification.version" value="1.8"/>
    <property name="os.name" value="Windows 10"/>
    <property name="user.country" value="AU"/>
    <property name="sun.java.launcher" value="SUN_STANDARD"/>
    <property name="sun.boot.library.path" value="C:\Soft\Java\jdk1.8.0_202\jre\bin"/>
    <property name="sun.java.command" value="C:\Users\Pablo\AppData\Local\Temp\surefire7323336141932651537\surefirebooter2595030419258399533.jar C:\Users\Pablo\AppData\Local\Temp\surefire7323336141932651537 2021-03-18T23-00-45_390-jvmRun1 surefire9212570202436401424tmp surefire_0890313867790695531tmp"/>
    <property name="surefire.test.class.path" value="C:\Users\Pablo\git\Persism\target\test-classes;C:\Users\Pablo\git\Persism\target\classes;C:\Users\Pablo\.m2\repository\junit\junit\4.13.2\junit-4.13.2.jar;C:\Users\Pablo\.m2\repository\org\hamcrest\hamcrest-core\1.3\hamcrest-core-1.3.jar;C:\Users\Pablo\.m2\repository\org\testcontainers\testcontainers\1.15.2\testcontainers-1.15.2.jar;C:\Users\Pablo\.m2\repository\org\slf4j\slf4j-api\1.7.30\slf4j-api-1.7.30.jar;C:\Users\Pablo\.m2\repository\org\apache\commons\commons-compress\1.20\commons-compress-1.20.jar;C:\Users\Pablo\.m2\repository\org\rnorth\duct-tape\duct-tape\1.0.8\duct-tape-1.0.8.jar;C:\Users\Pablo\.m2\repository\org\rnorth\visible-assertions\visible-assertions\2.1.2\visible-assertions-2.1.2.jar;C:\Users\Pablo\.m2\repository\net\java\dev\jna\jna\5.2.0\jna-5.2.0.jar;C:\Users\Pablo\.m2\repository\com\github\docker-java\docker-java-api\3.2.7\docker-java-api-3.2.7.jar;C:\Users\Pablo\.m2\repository\com\fasterxml\jackson\core\jackson-annotations\2.10.3\jackson-annotations-2.10.3.jar;C:\Users\Pablo\.m2\repository\com\github\docker-java\docker-java-transport-zerodep\3.2.7\docker-java-transport-zerodep-3.2.7.jar;C:\Users\Pablo\.m2\repository\com\github\docker-java\docker-java-transport\3.2.7\docker-java-transport-3.2.7.jar;C:\Users\Pablo\.m2\repository\ch\qos\logback\logback-classic\1.2.3\logback-classic-1.2.3.jar;C:\Users\Pablo\.m2\repository\ch\qos\logback\logback-core\1.2.3\logback-core-1.2.3.jar;C:\Users\Pablo\.m2\repository\log4j\log4j\1.2.17\log4j-1.2.17.jar;C:\Users\Pablo\.m2\repository\commons-dbcp\commons-dbcp\1.4\commons-dbcp-1.4.jar;C:\Users\Pablo\.m2\repository\commons-pool\commons-pool\1.5.4\commons-pool-1.5.4.jar;C:\Users\Pablo\.m2\repository\org\firebirdsql\jdbc\jaybird\4.0.2.java8\jaybird-4.0.2.java8.jar;C:\Users\Pablo\.m2\repository\javax\resource\connector-api\1.5\connector-api-1.5.jar;C:\Users\Pablo\.m2\repository\org\antlr\antlr4-runtime\4.7.2\antlr4-runtime-4.7.2.jar;C:\Users\Pablo\.m2\repository\org\firebirdsql\firebird-testcontainers-java\1.1.0\firebird-testcontainers-java-1.1.0.jar;C:\Users\Pablo\.m2\repository\org\testcontainers\jdbc\1.15.1\jdbc-1.15.1.jar;C:\Users\Pablo\.m2\repository\org\testcontainers\database-commons\1.15.1\database-commons-1.15.1.jar;C:\Users\Pablo\.m2\repository\com\h2database\h2\1.4.200\h2-1.4.200.jar;C:\Users\Pablo\.m2\repository\org\hsqldb\hsqldb\2.5.1\hsqldb-2.5.1-debug.jar;C:\Users\Pablo\.m2\repository\org\apache\derby\derby\10.8.2.2\derby-10.8.2.2.jar;C:\Users\Pablo\.m2\repository\com\microsoft\sqlserver\mssql-jdbc\9.2.0.jre8\mssql-jdbc-9.2.0.jre8.jar;C:\Users\Pablo\.m2\repository\org\testcontainers\mssqlserver\1.15.2\mssqlserver-1.15.2.jar;C:\Users\Pablo\.m2\repository\mysql\mysql-connector-java\8.0.23\mysql-connector-java-8.0.23.jar;C:\Users\Pablo\.m2\repository\com\google\protobuf\protobuf-java\3.11.4\protobuf-java-3.11.4.jar;C:\Users\Pablo\.m2\repository\org\testcontainers\mysql\1.15.2\mysql-1.15.2.jar;C:\Users\Pablo\.m2\repository\net\sourceforge\jtds\jtds\1.3.1\jtds-1.3.1.jar;C:\Users\Pablo\.m2\repository\com\oracle\database\jdbc\ojdbc10\19.10.0.0\ojdbc10-19.10.0.0.jar;C:\Users\Pablo\.m2\repository\org\postgresql\postgresql\9.2-1004-jdbc41\postgresql-9.2-1004-jdbc41.jar;C:\Users\Pablo\.m2\repository\org\testcontainers\postgresql\1.15.2\postgresql-1.15.2.jar;C:\Users\Pablo\.m2\repository\org\xerial\sqlite-jdbc\3.34.0\sqlite-jdbc-3.34.0.jar;"/>
    <property name="sun.cpu.endian" value="little"/>
    <property name="user.home" value="C:\Users\Pablo"/>
    <property name="user.language" value="en"/>
    <property name="java.specification.vendor" value="Oracle Corporation"/>
    <property name="org.testcontainers.shaded.io.netty.packagePrefix" value="org.testcontainers.shaded."/>
    <property name="java.home" value="C:\Soft\Java\jdk1.8.0_202\jre"/>
    <property name="basedir" value="C:\Users\Pablo\git\Persism"/>
    <property name="file.separator" value="\"/>
    <property name="line.separator" value="&#10;"/>
    <property name="java.vm.specification.vendor" value="Oracle Corporation"/>
    <property name="java.specification.name" value="Java Platform API Specification"/>
    <property name="java.awt.graphicsenv" value="sun.awt.Win32GraphicsEnvironment"/>
    <property name="surefire.real.class.path" value="C:\Users\Pablo\AppData\Local\Temp\surefire7323336141932651537\surefirebooter2595030419258399533.jar"/>
    <property name="sun.boot.class.path" value="C:\Soft\Java\jdk1.8.0_202\jre\lib\resources.jar;C:\Soft\Java\jdk1.8.0_202\jre\lib\rt.jar;C:\Soft\Java\jdk1.8.0_202\jre\lib\sunrsasign.jar;C:\Soft\Java\jdk1.8.0_202\jre\lib\jsse.jar;C:\Soft\Java\jdk1.8.0_202\jre\lib\jce.jar;C:\Soft\Java\jdk1.8.0_202\jre\lib\charsets.jar;C:\Soft\Java\jdk1.8.0_202\jre\lib\jfr.jar;C:\Soft\Java\jdk1.8.0_202\jre\classes"/>
    <property name="user.script" value=""/>
    <property name="sun.management.compiler" value="HotSpot 64-Bit Tiered Compilers"/>
    <property name="java.runtime.version" value="1.8.0_202-b08"/>
    <property name="user.name" value="Pablo"/>
    <property name="path.separator" value=";"/>
    <property name="os.version" value="10.0"/>
    <property name="java.endorsed.dirs" value="C:\Soft\Java\jdk1.8.0_202\jre\lib\endorsed"/>
    <property name="java.runtime.name" value="Java(TM) SE Runtime Environment"/>
    <property name="file.encoding" value="Cp1252"/>
    <property name="java.vm.name" value="Java HotSpot(TM) 64-Bit Server VM"/>
    <property name="localRepository" value="C:\Users\Pablo\.m2\repository"/>
    <property name="java.vendor.url.bug" value="http://bugreport.sun.com/bugreport/"/>
    <property name="java.io.tmpdir" value="C:\Users\Pablo\AppData\Local\Temp\"/>
    <property name="java.version" value="1.8.0_202"/>
    <property name="user.dir" value="C:\Users\Pablo\git\Persism"/>
    <property name="os.arch" value="amd64"/>
    <property name="java.vm.specification.name" value="Java Virtual Machine Specification"/>
    <property name="java.awt.printerjob" value="sun.awt.windows.WPrinterJob"/>
    <property name="sun.os.patch.level" value=""/>
    <property name="java.library.path" value="C:\Soft\Java\jdk1.8.0_202\jre\bin;C:\Windows\Sun\Java\bin;C:\Windows\system32;C:\Windows;C:\Soft\Java\jdk1.8.0_202\bin;C:\Program Files\AdoptOpenJDK\jre-11.0.9.11-hotspot\bin;C:\Windows\system32;C:\Windows;C:\Windows\System32\Wbem;C:\Windows\System32\WindowsPowerShell\v1.0\;C:\Windows\System32\OpenSSH\;C:\Program Files\Microsoft VS Code\bin;C:\Soft\Git\cmd;C:\Program Files\Docker\Docker\resources\bin;C:\ProgramData\DockerDesktop\version-bin;C:\Users\Pablo\AppData\Local\Microsoft\WindowsApps;C:\Program Files\JetBrains\IntelliJ IDEA Community Edition 2020.2.2\bin;;C:\Soft\scripts;%JAVA_HOME%\bin;C:\Soft\apache-maven-3.6.3\bin;;."/>
    <property name="java.vm.info" value="mixed mode"/>
    <property name="java.vendor" value="Oracle Corporation"/>
    <property name="java.vm.version" value="25.202-b08"/>
    <property name="java.ext.dirs" value="C:\Soft\Java\jdk1.8.0_202\jre\lib\ext;C:\Windows\Sun\Java\lib\ext"/>
    <property name="sun.io.unicode.encoding" value="UnicodeLittle"/>
    <property name="java.class.version" value="52.0"/>
  </properties>
  <testcase name="testStoredProcs" classname="net.sf.persism.TestMetaData" time="0.04">
    <system-out><![CDATA[INFO  Mar 18 23:01:24 net.sf.persism.UtilsForTests - createHomeFolder: C:/Users/Pablo/pinfderby
INFO  Mar 18 23:01:24 net.sf.persism.UtilsForTests - createHomeFolder: false
INFO  Mar 18 23:01:24 net.sf.persism.TestMetaData - jdbc:derby:C:/Users/Pablo/pinfderby/pinfderby;create=true
INFO  Mar 18 23:01:24 net.sf.persism.BaseTest - DROP TABLE TestDerby
INFO  Mar 18 23:01:24 net.sf.persism.BaseTest - DROP TABLE Test_Derby
INFO  Mar 18 23:01:24 net.sf.persism.BaseTest - DROP TABLE DB_TEST_DERBY
INFO  Mar 18 23:01:24 net.sf.persism.BaseTest - CREATE TABLE TestDerby ( ID INTEGER NOT NULL GENERATED ALWAYS AS IDENTITY (START WITH 1, INCREMENT BY 1) ) 
INFO  Mar 18 23:01:24 net.sf.persism.BaseTest - CREATE TABLE Test_Derby ( ID INTEGER NOT NULL GENERATED ALWAYS AS IDENTITY (START WITH 1, INCREMENT BY 1) ) 
INFO  Mar 18 23:01:24 net.sf.persism.BaseTest - CREATE TABLE DB_Test_Derby ( ID INTEGER NOT NULL GENERATED ALWAYS AS IDENTITY (START WITH 1, INCREMENT BY 1) ) 
]]></system-out>
  </testcase>
  <testcase name="testContactTable" classname="net.sf.persism.TestMetaData" time="0.043">
    <system-out><![CDATA[INFO  Mar 18 23:01:24 net.sf.persism.UtilsForTests - createHomeFolder: C:/Users/Pablo/pinfderby
INFO  Mar 18 23:01:24 net.sf.persism.UtilsForTests - createHomeFolder: false
INFO  Mar 18 23:01:24 net.sf.persism.TestMetaData - jdbc:derby:C:/Users/Pablo/pinfderby/pinfderby;create=true
INFO  Mar 18 23:01:24 net.sf.persism.BaseTest - DROP TABLE TestDerby
INFO  Mar 18 23:01:24 net.sf.persism.BaseTest - DROP TABLE Test_Derby
INFO  Mar 18 23:01:24 net.sf.persism.BaseTest - DROP TABLE DB_TEST_DERBY
INFO  Mar 18 23:01:24 net.sf.persism.BaseTest - CREATE TABLE TestDerby ( ID INTEGER NOT NULL GENERATED ALWAYS AS IDENTITY (START WITH 1, INCREMENT BY 1) ) 
INFO  Mar 18 23:01:24 net.sf.persism.BaseTest - CREATE TABLE Test_Derby ( ID INTEGER NOT NULL GENERATED ALWAYS AS IDENTITY (START WITH 1, INCREMENT BY 1) ) 
INFO  Mar 18 23:01:24 net.sf.persism.BaseTest - CREATE TABLE DB_Test_Derby ( ID INTEGER NOT NULL GENERATED ALWAYS AS IDENTITY (START WITH 1, INCREMENT BY 1) ) 
]]></system-out>
  </testcase>
  <testcase name="testQueryResult" classname="net.sf.persism.TestMetaData" time="0.029">
    <system-out><![CDATA[INFO  Mar 18 23:01:24 net.sf.persism.UtilsForTests - createHomeFolder: C:/Users/Pablo/pinfderby
INFO  Mar 18 23:01:24 net.sf.persism.UtilsForTests - createHomeFolder: false
INFO  Mar 18 23:01:24 net.sf.persism.TestMetaData - jdbc:derby:C:/Users/Pablo/pinfderby/pinfderby;create=true
INFO  Mar 18 23:01:25 net.sf.persism.BaseTest - DROP TABLE TestDerby
INFO  Mar 18 23:01:25 net.sf.persism.BaseTest - DROP TABLE Test_Derby
INFO  Mar 18 23:01:25 net.sf.persism.BaseTest - DROP TABLE DB_TEST_DERBY
INFO  Mar 18 23:01:25 net.sf.persism.BaseTest - CREATE TABLE TestDerby ( ID INTEGER NOT NULL GENERATED ALWAYS AS IDENTITY (START WITH 1, INCREMENT BY 1) ) 
INFO  Mar 18 23:01:25 net.sf.persism.BaseTest - CREATE TABLE Test_Derby ( ID INTEGER NOT NULL GENERATED ALWAYS AS IDENTITY (START WITH 1, INCREMENT BY 1) ) 
INFO  Mar 18 23:01:25 net.sf.persism.BaseTest - CREATE TABLE DB_Test_Derby ( ID INTEGER NOT NULL GENERATED ALWAYS AS IDENTITY (START WITH 1, INCREMENT BY 1) ) 
]]></system-out>
  </testcase>
  <testcase name="testReadPrimitive" classname="net.sf.persism.TestMetaData" time="0.03">
    <system-out><![CDATA[INFO  Mar 18 23:01:25 net.sf.persism.UtilsForTests - createHomeFolder: C:/Users/Pablo/pinfderby
INFO  Mar 18 23:01:25 net.sf.persism.UtilsForTests - createHomeFolder: false
INFO  Mar 18 23:01:25 net.sf.persism.TestMetaData - jdbc:derby:C:/Users/Pablo/pinfderby/pinfderby;create=true
INFO  Mar 18 23:01:25 net.sf.persism.BaseTest - DROP TABLE TestDerby
INFO  Mar 18 23:01:25 net.sf.persism.BaseTest - DROP TABLE Test_Derby
INFO  Mar 18 23:01:25 net.sf.persism.BaseTest - DROP TABLE DB_TEST_DERBY
INFO  Mar 18 23:01:25 net.sf.persism.BaseTest - CREATE TABLE TestDerby ( ID INTEGER NOT NULL GENERATED ALWAYS AS IDENTITY (START WITH 1, INCREMENT BY 1) ) 
INFO  Mar 18 23:01:25 net.sf.persism.BaseTest - CREATE TABLE Test_Derby ( ID INTEGER NOT NULL GENERATED ALWAYS AS IDENTITY (START WITH 1, INCREMENT BY 1) ) 
INFO  Mar 18 23:01:25 net.sf.persism.BaseTest - CREATE TABLE DB_Test_Derby ( ID INTEGER NOT NULL GENERATED ALWAYS AS IDENTITY (START WITH 1, INCREMENT BY 1) ) 
]]></system-out>
  </testcase>
  <testcase name="testAllDates" classname="net.sf.persism.TestMetaData" time="0.034">
    <system-out><![CDATA[INFO  Mar 18 23:01:25 net.sf.persism.UtilsForTests - createHomeFolder: C:/Users/Pablo/pinfderby
INFO  Mar 18 23:01:25 net.sf.persism.UtilsForTests - createHomeFolder: false
INFO  Mar 18 23:01:25 net.sf.persism.TestMetaData - jdbc:derby:C:/Users/Pablo/pinfderby/pinfderby;create=true
INFO  Mar 18 23:01:25 net.sf.persism.BaseTest - DROP TABLE TestDerby
INFO  Mar 18 23:01:25 net.sf.persism.BaseTest - DROP TABLE Test_Derby
INFO  Mar 18 23:01:25 net.sf.persism.BaseTest - DROP TABLE DB_TEST_DERBY
INFO  Mar 18 23:01:25 net.sf.persism.BaseTest - CREATE TABLE TestDerby ( ID INTEGER NOT NULL GENERATED ALWAYS AS IDENTITY (START WITH 1, INCREMENT BY 1) ) 
INFO  Mar 18 23:01:25 net.sf.persism.BaseTest - CREATE TABLE Test_Derby ( ID INTEGER NOT NULL GENERATED ALWAYS AS IDENTITY (START WITH 1, INCREMENT BY 1) ) 
INFO  Mar 18 23:01:25 net.sf.persism.BaseTest - CREATE TABLE DB_Test_Derby ( ID INTEGER NOT NULL GENERATED ALWAYS AS IDENTITY (START WITH 1, INCREMENT BY 1) ) 
]]></system-out>
  </testcase>
  <testcase name="testNamedParams" classname="net.sf.persism.TestMetaData" time="0.038">
    <system-out><![CDATA[INFO  Mar 18 23:01:25 net.sf.persism.UtilsForTests - createHomeFolder: C:/Users/Pablo/pinfderby
INFO  Mar 18 23:01:25 net.sf.persism.UtilsForTests - createHomeFolder: false
INFO  Mar 18 23:01:25 net.sf.persism.TestMetaData - jdbc:derby:C:/Users/Pablo/pinfderby/pinfderby;create=true
INFO  Mar 18 23:01:25 net.sf.persism.BaseTest - DROP TABLE TestDerby
INFO  Mar 18 23:01:25 net.sf.persism.BaseTest - DROP TABLE Test_Derby
INFO  Mar 18 23:01:25 net.sf.persism.BaseTest - DROP TABLE DB_TEST_DERBY
INFO  Mar 18 23:01:25 net.sf.persism.BaseTest - CREATE TABLE TestDerby ( ID INTEGER NOT NULL GENERATED ALWAYS AS IDENTITY (START WITH 1, INCREMENT BY 1) ) 
INFO  Mar 18 23:01:25 net.sf.persism.BaseTest - CREATE TABLE Test_Derby ( ID INTEGER NOT NULL GENERATED ALWAYS AS IDENTITY (START WITH 1, INCREMENT BY 1) ) 
INFO  Mar 18 23:01:25 net.sf.persism.BaseTest - CREATE TABLE DB_Test_Derby ( ID INTEGER NOT NULL GENERATED ALWAYS AS IDENTITY (START WITH 1, INCREMENT BY 1) ) 
INFO  Mar 18 23:01:25 net.sf.persism.TestMetaData - select * from people where (first_name = ? or last_name = ?) and address = ?
INFO  Mar 18 23:01:25 net.sf.persism.TestMetaData - {address=[I@1b37fbec, name=[I@4a216eb4}
]]></system-out>
  </testcase>
  <testcase name="testDates" classname="net.sf.persism.TestMetaData" time="0.044">
    <system-out><![CDATA[INFO  Mar 18 23:01:25 net.sf.persism.UtilsForTests - createHomeFolder: C:/Users/Pablo/pinfderby
INFO  Mar 18 23:01:25 net.sf.persism.UtilsForTests - createHomeFolder: false
INFO  Mar 18 23:01:25 net.sf.persism.TestMetaData - jdbc:derby:C:/Users/Pablo/pinfderby/pinfderby;create=true
INFO  Mar 18 23:01:25 net.sf.persism.BaseTest - DROP TABLE TestDerby
INFO  Mar 18 23:01:25 net.sf.persism.BaseTest - DROP TABLE Test_Derby
INFO  Mar 18 23:01:25 net.sf.persism.BaseTest - DROP TABLE DB_TEST_DERBY
INFO  Mar 18 23:01:25 net.sf.persism.BaseTest - CREATE TABLE TestDerby ( ID INTEGER NOT NULL GENERATED ALWAYS AS IDENTITY (START WITH 1, INCREMENT BY 1) ) 
INFO  Mar 18 23:01:25 net.sf.persism.BaseTest - CREATE TABLE Test_Derby ( ID INTEGER NOT NULL GENERATED ALWAYS AS IDENTITY (START WITH 1, INCREMENT BY 1) ) 
INFO  Mar 18 23:01:25 net.sf.persism.BaseTest - CREATE TABLE DB_Test_Derby ( ID INTEGER NOT NULL GENERATED ALWAYS AS IDENTITY (START WITH 1, INCREMENT BY 1) ) 
]]></system-out>
  </testcase>
  <testcase name="testGuessing" classname="net.sf.persism.TestMetaData" time="0.032">
    <system-out><![CDATA[INFO  Mar 18 23:01:25 net.sf.persism.UtilsForTests - createHomeFolder: C:/Users/Pablo/pinfderby
INFO  Mar 18 23:01:25 net.sf.persism.UtilsForTests - createHomeFolder: false
INFO  Mar 18 23:01:25 net.sf.persism.TestMetaData - jdbc:derby:C:/Users/Pablo/pinfderby/pinfderby;create=true
INFO  Mar 18 23:01:25 net.sf.persism.BaseTest - DROP TABLE TestDerby
INFO  Mar 18 23:01:25 net.sf.persism.BaseTest - DROP TABLE Test_Derby
INFO  Mar 18 23:01:25 net.sf.persism.BaseTest - DROP TABLE DB_TEST_DERBY
INFO  Mar 18 23:01:25 net.sf.persism.BaseTest - CREATE TABLE TestDerby ( ID INTEGER NOT NULL GENERATED ALWAYS AS IDENTITY (START WITH 1, INCREMENT BY 1) ) 
INFO  Mar 18 23:01:25 net.sf.persism.BaseTest - CREATE TABLE Test_Derby ( ID INTEGER NOT NULL GENERATED ALWAYS AS IDENTITY (START WITH 1, INCREMENT BY 1) ) 
INFO  Mar 18 23:01:25 net.sf.persism.BaseTest - CREATE TABLE DB_Test_Derby ( ID INTEGER NOT NULL GENERATED ALWAYS AS IDENTITY (START WITH 1, INCREMENT BY 1) ) 
]]></system-out>
  </testcase>
  <testcase name="testQueryWithSpecificColumnsWhereCaseDoesNotMatch" classname="net.sf.persism.TestMetaData" time="0.031">
    <system-out><![CDATA[INFO  Mar 18 23:01:25 net.sf.persism.UtilsForTests - createHomeFolder: C:/Users/Pablo/pinfderby
INFO  Mar 18 23:01:25 net.sf.persism.UtilsForTests - createHomeFolder: false
INFO  Mar 18 23:01:25 net.sf.persism.TestMetaData - jdbc:derby:C:/Users/Pablo/pinfderby/pinfderby;create=true
INFO  Mar 18 23:01:25 net.sf.persism.BaseTest - DROP TABLE TestDerby
INFO  Mar 18 23:01:25 net.sf.persism.BaseTest - DROP TABLE Test_Derby
INFO  Mar 18 23:01:25 net.sf.persism.BaseTest - DROP TABLE DB_TEST_DERBY
INFO  Mar 18 23:01:25 net.sf.persism.BaseTest - CREATE TABLE TestDerby ( ID INTEGER NOT NULL GENERATED ALWAYS AS IDENTITY (START WITH 1, INCREMENT BY 1) ) 
INFO  Mar 18 23:01:25 net.sf.persism.BaseTest - CREATE TABLE Test_Derby ( ID INTEGER NOT NULL GENERATED ALWAYS AS IDENTITY (START WITH 1, INCREMENT BY 1) ) 
INFO  Mar 18 23:01:25 net.sf.persism.BaseTest - CREATE TABLE DB_Test_Derby ( ID INTEGER NOT NULL GENERATED ALWAYS AS IDENTITY (START WITH 1, INCREMENT BY 1) ) 
]]></system-out>
  </testcase>
  <testcase name="testRefreshObject" classname="net.sf.persism.TestMetaData" time="0.035">
    <system-out><![CDATA[INFO  Mar 18 23:01:25 net.sf.persism.UtilsForTests - createHomeFolder: C:/Users/Pablo/pinfderby
INFO  Mar 18 23:01:25 net.sf.persism.UtilsForTests - createHomeFolder: false
INFO  Mar 18 23:01:25 net.sf.persism.TestMetaData - jdbc:derby:C:/Users/Pablo/pinfderby/pinfderby;create=true
INFO  Mar 18 23:01:25 net.sf.persism.BaseTest - DROP TABLE TestDerby
INFO  Mar 18 23:01:25 net.sf.persism.BaseTest - DROP TABLE Test_Derby
INFO  Mar 18 23:01:25 net.sf.persism.BaseTest - DROP TABLE DB_TEST_DERBY
INFO  Mar 18 23:01:25 net.sf.persism.BaseTest - CREATE TABLE TestDerby ( ID INTEGER NOT NULL GENERATED ALWAYS AS IDENTITY (START WITH 1, INCREMENT BY 1) ) 
INFO  Mar 18 23:01:25 net.sf.persism.BaseTest - CREATE TABLE Test_Derby ( ID INTEGER NOT NULL GENERATED ALWAYS AS IDENTITY (START WITH 1, INCREMENT BY 1) ) 
INFO  Mar 18 23:01:25 net.sf.persism.BaseTest - CREATE TABLE DB_Test_Derby ( ID INTEGER NOT NULL GENERATED ALWAYS AS IDENTITY (START WITH 1, INCREMENT BY 1) ) 
]]></system-out>
  </testcase>
  <testcase name="testGetDbMetaData" classname="net.sf.persism.TestMetaData" time="0.027">
    <system-out><![CDATA[INFO  Mar 18 23:01:25 net.sf.persism.UtilsForTests - createHomeFolder: C:/Users/Pablo/pinfderby
INFO  Mar 18 23:01:25 net.sf.persism.UtilsForTests - createHomeFolder: false
INFO  Mar 18 23:01:25 net.sf.persism.TestMetaData - jdbc:derby:C:/Users/Pablo/pinfderby/pinfderby;create=true
INFO  Mar 18 23:01:25 net.sf.persism.BaseTest - DROP TABLE TestDerby
INFO  Mar 18 23:01:25 net.sf.persism.BaseTest - DROP TABLE Test_Derby
INFO  Mar 18 23:01:25 net.sf.persism.BaseTest - DROP TABLE DB_TEST_DERBY
INFO  Mar 18 23:01:25 net.sf.persism.BaseTest - CREATE TABLE TestDerby ( ID INTEGER NOT NULL GENERATED ALWAYS AS IDENTITY (START WITH 1, INCREMENT BY 1) ) 
INFO  Mar 18 23:01:25 net.sf.persism.BaseTest - CREATE TABLE Test_Derby ( ID INTEGER NOT NULL GENERATED ALWAYS AS IDENTITY (START WITH 1, INCREMENT BY 1) ) 
INFO  Mar 18 23:01:25 net.sf.persism.BaseTest - CREATE TABLE DB_Test_Derby ( ID INTEGER NOT NULL GENERATED ALWAYS AS IDENTITY (START WITH 1, INCREMENT BY 1) ) 
]]></system-out>
  </testcase>
</testsuite>