<component name="libraryTable">
  <library name="junit">
    <CLASSES>
      <root url="jar://$PROJECT_DIR$/libs/junit3.8.1/junit-4.11.jar!/" />
      <root url="jar://$PROJECT_DIR$/libs/junit3.8.1/hamcrest-core-1.3.jar!/" />
    </CLASSES>
    <JAVADOC />
    <SOURCES>
      <root url="jar://$USER_HOME$/.ideaLibSources/junit-4.11-sources.jar!/" />
    </SOURCES>
  </library>
</component>